2017-11-23 12:16:59-main--INFO -com.ctaf.accelerators.TestEngine:Android
2017-11-23 12:17:56-main--INFO -com.ctaf.accelerators.TestEngine:Android
2017-11-23 12:18:45-main--INFO -com.ctaf.accelerators.TestEngine:Android
2017-11-23 12:19:31-main--INFO -com.ctaf.accelerators.TestEngine:Current Test : TC_01_oneWayDomesticEcoSADAD
2017-11-23 12:23:09-main--INFO -com.ctaf.accelerators.TestEngine: Able to get TscreenShot
2017-11-23 12:23:12-main--INFO -com.ctaf.accelerators.TestEngine:Current Test : TC_11_oneAudaltOneChildOneInfantPartCordShare
2017-11-23 12:27:35-main--INFO -com.ctaf.accelerators.TestEngine: Able to get TscreenShot
2017-11-23 12:27:38-main--INFO -com.ctaf.accelerators.TestEngine:Current Test : TC_02_oneWayDomesticBusinessCC
2017-11-23 12:31:16-main--INFO -com.ctaf.accelerators.TestEngine: Able to get TscreenShot
2017-11-23 12:31:20-main--INFO -com.ctaf.accelerators.TestEngine:Current Test : TC_12_PayWithCreditShell
2017-11-23 13:37:43-main--INFO -com.ctaf.accelerators.TestEngine:Starting browser : Android
2017-11-23 13:38:05-main--INFO -com.ctaf.accelerators.TestEngine:Current Test : TC_11_oneAudaltOneChildOneInfantPartCordShare
2017-11-23 13:46:17-main--INFO -com.ctaf.accelerators.TestEngine:Starting browser : Android
2017-11-23 13:46:35-main--INFO -com.ctaf.accelerators.TestEngine:Current Test : TC_11_oneAudaltOneChildOneInfantPartCordShare
2017-11-23 13:51:18-main--INFO -com.ctaf.accelerators.TestEngine:Starting browser : Android
2017-11-23 13:51:33-main--INFO -com.ctaf.accelerators.TestEngine:Starting browser : Android
2017-11-23 13:51:51-main--INFO -com.ctaf.accelerators.TestEngine:Current Test : TC_11_oneAudaltOneChildOneInfantPartCordShare
2017-11-23 14:01:58-main--INFO -com.ctaf.accelerators.TestEngine:Starting browser : Android
2017-11-23 14:02:15-main--INFO -com.ctaf.accelerators.TestEngine:Current Test : TC_11_oneAudaltOneChildOneInfantPartCordShare
2017-11-23 14:07:24-main--INFO -com.ctaf.accelerators.TestEngine:Android
2017-11-23 14:07:41-main--INFO -com.ctaf.accelerators.TestEngine:Current Test : TC_01_oneWayDomesticEcoSADAD
2017-11-23 14:11:25-main--INFO -com.ctaf.accelerators.TestEngine: Able to get TscreenShot
2017-11-23 14:11:28-main--INFO -com.ctaf.accelerators.TestEngine:Current Test : TC_11_oneAudaltOneChildOneInfantPartCordShare
2017-11-23 14:13:39-main--INFO -com.ctaf.accelerators.TestEngine: Able to get TscreenShot
2017-11-23 14:13:42-main--INFO -com.ctaf.accelerators.TestEngine:Current Test : TC_02_oneWayDomesticBusinessCC
2017-11-23 14:18:48-main--INFO -com.ctaf.accelerators.TestEngine: Able to get TscreenShot
2017-11-23 14:18:51-main--INFO -com.ctaf.accelerators.TestEngine:Current Test : TC_12_PayWithCreditShell
2017-11-23 14:26:11-main--INFO -com.ctaf.accelerators.TestEngine: Able to get TscreenShot
2017-11-23 14:26:12-main--INFO -com.ctaf.accelerators.TestEngine: Able to get TscreenShot
2017-11-23 14:26:15-main--INFO -com.ctaf.accelerators.TestEngine:Current Test : TC_03_oneWayDomesticEcoChangeDate
2017-11-23 14:29:52-main--INFO -com.ctaf.accelerators.TestEngine: Able to get TscreenShot
2017-11-23 14:29:55-main--INFO -com.ctaf.accelerators.TestEngine:Current Test : TC_13_oneWayDomesticEconomyCCUSD
2017-11-23 14:32:26-main--INFO -com.ctaf.accelerators.TestEngine: Able to get TscreenShot
2017-11-23 14:32:29-main--INFO -com.ctaf.accelerators.TestEngine:Current Test : TC_04_oneWayDomOneAdultCheckin
2017-11-23 14:37:29-main--INFO -com.ctaf.accelerators.TestEngine: Able to get TscreenShot
2017-11-23 14:37:32-main--INFO -com.ctaf.accelerators.TestEngine:Current Test : TC_14_oneWayDomesticEconomyCCEuro
2017-11-23 14:41:58-main--INFO -com.ctaf.accelerators.TestEngine: Able to get TscreenShot
2017-11-23 14:42:01-main--INFO -com.ctaf.accelerators.TestEngine:Current Test : TC_05_oneWayDomNineAdultCheckin
2017-11-23 14:45:18-main--INFO -com.ctaf.accelerators.TestEngine: Able to get TscreenShot
2017-11-23 14:45:21-main--INFO -com.ctaf.accelerators.TestEngine:Current Test : TC_15_verifingFareSummaryPrices
2017-11-23 14:47:28-main--INFO -com.ctaf.accelerators.TestEngine:Current Test : TC_06_oneWayInterTwoAdultEco
2017-11-23 14:50:36-main--INFO -com.ctaf.accelerators.TestEngine: Able to get TscreenShot
2017-11-23 14:50:39-main--INFO -com.ctaf.accelerators.TestEngine:Current Test : TC_07_roundTripDomFourAdultBusins
2017-11-23 14:55:04-main--INFO -com.ctaf.accelerators.TestEngine: Able to get TscreenShot
2017-11-23 14:55:07-main--INFO -com.ctaf.accelerators.TestEngine:Current Test : TC_08_RTInt1ad1Ch1InBusExtra
2017-11-23 14:58:46-main--INFO -com.ctaf.accelerators.TestEngine: Able to get TscreenShot
2017-11-23 14:58:49-main--INFO -com.ctaf.accelerators.TestEngine:Current Test : TC_09_RTInt1ad1Ch1InEcoExtras
2017-11-23 15:03:38-main--INFO -com.ctaf.accelerators.TestEngine: Able to get TscreenShot
2017-11-23 15:34:05-main--INFO -com.ctaf.accelerators.TestEngine:Starting browser : Android
2017-11-23 15:34:26-main--INFO -com.ctaf.accelerators.TestEngine:Current Test : TC_06_oneWayInterTwoAdultEco
2017-11-23 15:43:32-main--INFO -com.ctaf.accelerators.TestEngine:Starting browser : Android
2017-11-23 15:43:51-main--INFO -com.ctaf.accelerators.TestEngine:Current Test : TC_07_roundTripDomFourAdultBusins
2017-11-23 15:46:24-main--INFO -com.ctaf.accelerators.TestEngine: Able to get TscreenShot
2017-11-23 15:46:39-main--INFO -com.ctaf.accelerators.TestEngine:Starting browser : Android
2017-11-23 15:47:00-main--INFO -com.ctaf.accelerators.TestEngine:Current Test : TC_06_oneWayInterTwoAdultEco
2017-11-23 15:50:02-main--INFO -com.ctaf.accelerators.TestEngine: Able to get TscreenShot
2017-11-23 15:51:24-main--INFO -com.ctaf.accelerators.TestEngine:Starting browser : Android
2017-11-23 15:51:41-main--INFO -com.ctaf.accelerators.TestEngine:Current Test : TC_04_oneWayDomOneAdultCheckin
2017-11-23 15:54:42-main--INFO -com.ctaf.accelerators.TestEngine: Able to get TscreenShot
2017-11-23 16:13:49-main--INFO -com.ctaf.accelerators.TestEngine:Starting browser : Android
2017-11-23 16:15:28-main--INFO -com.ctaf.accelerators.TestEngine:Starting browser : Android
2017-11-23 16:15:49-main--INFO -com.ctaf.accelerators.TestEngine:Current Test : TC_04_oneWayDomOneAdultCheckin
2017-11-23 16:20:17-main--INFO -com.ctaf.accelerators.TestEngine:Starting browser : Android
2017-11-23 16:20:41-main--INFO -com.ctaf.accelerators.TestEngine:Current Test : TC_04_oneWayDomOneAdultCheckin
2017-11-23 16:24:57-main--INFO -com.ctaf.accelerators.TestEngine: Able to get TscreenShot
2017-11-23 16:32:13-main--INFO -com.ctaf.accelerators.TestEngine:Starting browser : Android
2017-11-23 16:32:31-main--INFO -com.ctaf.accelerators.TestEngine:Current Test : TC_04_oneWayDomOneAdultCheckin
2017-11-23 16:40:41-main--INFO -com.ctaf.accelerators.TestEngine:Starting browser : Android
2017-11-23 17:41:34-main--INFO -com.ctaf.accelerators.TestEngine:Starting browser : Android
2017-11-23 17:42:36-main--INFO -com.ctaf.accelerators.TestEngine:Starting browser : Android
2017-11-23 17:42:59-main--INFO -com.ctaf.accelerators.TestEngine:Current Test : TC_04_oneWayDomOneAdultCheckin
2017-11-23 17:45:40-main--INFO -com.ctaf.accelerators.TestEngine: Able to get TscreenShot
2017-11-23 17:46:24-main--INFO -com.ctaf.accelerators.TestEngine:Starting browser : Android
2017-11-23 17:46:42-main--INFO -com.ctaf.accelerators.TestEngine:Current Test : TC_04_oneWayDomOneAdultCheckin
2017-11-23 18:07:36-main--INFO -com.ctaf.accelerators.TestEngine:Starting browser : Android
2017-11-23 18:08:03-main--INFO -com.ctaf.accelerators.TestEngine:Starting browser : Android
2017-11-23 18:08:21-main--INFO -com.ctaf.accelerators.TestEngine:Current Test : TC_04_oneWayDomOneAdultCheckin
2017-11-23 18:40:53-main--INFO -com.ctaf.accelerators.TestEngine:Starting browser : Android
2017-11-23 18:41:17-main--INFO -com.ctaf.accelerators.TestEngine:Current Test : TC_04_oneWayDomOneAdultCheckin
2017-11-23 18:51:36-main--INFO -com.ctaf.accelerators.TestEngine:Starting browser : Android
2017-11-23 18:51:54-main--INFO -com.ctaf.accelerators.TestEngine:Current Test : TC_04_oneWayDomOneAdultCheckin
2017-11-23 18:57:34-main--INFO -com.ctaf.accelerators.TestEngine:Starting browser : Android
2017-11-23 18:57:52-main--INFO -com.ctaf.accelerators.TestEngine:Current Test : TC_04_oneWayDomOneAdultCheckin
2017-11-23 19:05:05-main--INFO -com.ctaf.accelerators.TestEngine: Able to get TscreenShot
2017-11-23 19:36:49-main--INFO -com.ctaf.accelerators.TestEngine:Starting browser : Android
2017-11-23 19:37:10-main--INFO -com.ctaf.accelerators.TestEngine:Current Test : TC_04_oneWayDomOneAdultCheckin
2017-11-23 19:40:21-main--INFO -com.ctaf.accelerators.TestEngine: Able to get TscreenShot
2017-11-23 19:48:24-main--INFO -com.ctaf.accelerators.TestEngine:Starting browser : Android
2017-11-23 19:48:43-main--INFO -com.ctaf.accelerators.TestEngine:Current Test : TC_04_oneWayDomOneAdultCheckin
2017-11-23 19:53:30-main--INFO -com.ctaf.accelerators.TestEngine: Able to get TscreenShot
2017-11-23 20:10:46-main--INFO -com.ctaf.accelerators.TestEngine:Starting browser : Chrome
2017-11-23 20:11:09-main--INFO -com.ctaf.accelerators.TestEngine:Current Test : TC_01_oneWayDomesticBusiness
2017-11-23 20:15:27-main--INFO -com.ctaf.accelerators.TestEngine: Able to get TscreenShot
2017-11-23 20:15:28-main--INFO -com.ctaf.accelerators.TestEngine: Able to get TscreenShot
2017-11-23 20:15:47-main--INFO -com.ctaf.accelerators.TestEngine:Current Test : TC_02_oneWayDomesticEcoSADAD
2017-11-23 20:19:13-main--INFO -com.ctaf.accelerators.TestEngine: Able to get TscreenShot
2017-11-23 20:19:29-main--INFO -com.ctaf.accelerators.TestEngine:Current Test : TC_03_oneWayDomesticChangeDate
2017-11-23 20:22:03-main--INFO -com.ctaf.accelerators.TestEngine: Able to get TscreenShot
2017-11-23 20:22:21-main--INFO -com.ctaf.accelerators.TestEngine:Current Test : TC_04_oneWayDomOneAdultCheckin
2017-11-23 20:25:34-main--INFO -com.ctaf.accelerators.TestEngine: Able to get TscreenShot
2017-11-23 20:25:48-main--INFO -com.ctaf.accelerators.TestEngine:Current Test : TC_05_onewaydom8Business
2017-11-23 20:34:40-main--INFO -com.ctaf.accelerators.TestEngine: Able to get TscreenShot
2017-11-23 20:34:56-main--INFO -com.ctaf.accelerators.TestEngine:Current Test : TC_06_oneWay2InternationalEco
2017-11-23 20:37:44-main--INFO -com.ctaf.accelerators.TestEngine: Able to get TscreenShot
2017-11-23 20:38:00-main--INFO -com.ctaf.accelerators.TestEngine:Current Test : TC_07_RTDom4adultBusinessCC
2017-11-23 20:43:11-main--INFO -com.ctaf.accelerators.TestEngine: Able to get TscreenShot
2017-11-23 20:43:11-main--INFO -com.ctaf.accelerators.TestEngine: Able to get TscreenShot
2017-11-23 20:43:29-main--INFO -com.ctaf.accelerators.TestEngine:Current Test : TC_08_RTInt1adult1Child1infantBus
2017-11-23 20:47:59-main--INFO -com.ctaf.accelerators.TestEngine: Able to get TscreenShot
2017-11-23 20:47:59-main--INFO -com.ctaf.accelerators.TestEngine: Able to get TscreenShot
2017-11-23 20:48:15-main--INFO -com.ctaf.accelerators.TestEngine:Current Test : TC_09_RTInt1adult1Child1infantBus
2017-11-23 20:53:44-main--INFO -com.ctaf.accelerators.TestEngine: Able to get TscreenShot
2017-11-23 20:54:00-main--INFO -com.ctaf.accelerators.TestEngine:Current Test : TC_10_OneAdultOnechildFlexCordshare
2017-11-23 20:57:08-main--INFO -com.ctaf.accelerators.TestEngine: Able to get TscreenShot
2017-11-23 20:57:08-main--INFO -com.ctaf.accelerators.TestEngine: Able to get TscreenShot
2017-11-23 20:57:23-main--INFO -com.ctaf.accelerators.TestEngine:Current Test : TC_11oneAdultoneChildoneInfantPartCodeShare
2017-11-23 20:58:01-main--INFO -com.ctaf.accelerators.TestEngine: Able to get TscreenShot
2017-11-23 20:58:17-main--INFO -com.ctaf.accelerators.TestEngine:Current Test : TC_12_PayWithCreditShell
2017-11-23 21:01:21-main--INFO -com.ctaf.accelerators.TestEngine: Able to get TscreenShot
2017-11-23 21:01:38-main--INFO -com.ctaf.accelerators.TestEngine:Current Test : TC_13_oneWayDomesticwithEuro
2017-11-23 21:02:37-main--INFO -com.ctaf.accelerators.TestEngine: Able to get TscreenShot
2017-11-23 21:02:55-main--INFO -com.ctaf.accelerators.TestEngine:Current Test : TC_14_onewayDomesticwithUSdollars
2017-11-23 21:03:51-main--INFO -com.ctaf.accelerators.TestEngine: Able to get TscreenShot
2017-11-23 21:04:08-main--INFO -com.ctaf.accelerators.TestEngine:Current Test : TC_15_EmpLoginOnewayOneAdultStaffStandByChangFlightCancel
2017-11-23 21:04:48-main--INFO -com.ctaf.accelerators.TestEngine: Able to get TscreenShot
2017-11-23 21:05:04-main--INFO -com.ctaf.accelerators.TestEngine:Current Test : TC_16_EmpLoginStaffConfmedChangeDateCheckIn
2017-11-23 21:05:45-main--INFO -com.ctaf.accelerators.TestEngine: Able to get TscreenShot
2017-11-23 21:06:05-main--INFO -com.ctaf.accelerators.TestEngine:Current Test : TC_17_memberLoginRTChangeflightCheckIN
2017-11-23 21:06:44-main--INFO -com.ctaf.accelerators.TestEngine: Able to get TscreenShot
2017-11-23 21:07:03-main--INFO -com.ctaf.accelerators.TestEngine:Current Test : TC_18_corporateLoginRToneAdultCancelFlight
2017-11-23 21:07:42-main--INFO -com.ctaf.accelerators.TestEngine: Able to get TscreenShot
2017-11-23 21:08:05-main--INFO -com.ctaf.accelerators.TestEngine:Current Test : TC_19_agencyLoginRToneAdultoneChild
2017-11-23 21:09:05-main--INFO -com.ctaf.accelerators.TestEngine:Current Test : TC_20_memberRegistration
2017-11-23 21:09:38-main--INFO -com.ctaf.accelerators.TestEngine:Current Test : TC_21_updatemyProfileOfMemberDetails
2017-11-23 21:10:29-main--INFO -com.ctaf.accelerators.TestEngine: Able to get TscreenShot
2017-11-23 21:10:51-main--INFO -com.ctaf.accelerators.TestEngine:Current Test : TC_22_resetPasswordusingmyProfile
2017-11-23 21:11:55-main--INFO -com.ctaf.accelerators.TestEngine: Able to get TscreenShot
2017-11-23 21:12:11-main--INFO -com.ctaf.accelerators.TestEngine:Current Test : TC_23_oneWayDomesticOneAdultCheckInAR
2017-11-23 21:13:08-main--INFO -com.ctaf.accelerators.TestEngine: Able to get TscreenShot
2017-11-23 21:13:30-main--INFO -com.ctaf.accelerators.TestEngine:Current Test : TC_24_rtDomestic4AdultBusinessAR
2017-11-23 21:14:23-main--INFO -com.ctaf.accelerators.TestEngine: Able to get TscreenShot
2017-11-23 21:14:40-main--INFO -com.ctaf.accelerators.TestEngine:Current Test : TC_25_oneWayDomesticOneAdultCheckInTR
2017-11-23 21:15:38-main--INFO -com.ctaf.accelerators.TestEngine: Able to get TscreenShot
2017-11-23 21:15:58-main--INFO -com.ctaf.accelerators.TestEngine:Current Test : TC_26_rtDomestic4AdultBusinessTR
2017-11-23 21:17:14-main--INFO -com.ctaf.accelerators.TestEngine:Current Test : TC_27_redemptionBookingwithBronzeMember
2017-11-23 21:18:06-main--INFO -com.ctaf.accelerators.TestEngine: Able to get TscreenShot
2017-11-23 21:18:22-main--INFO -com.ctaf.accelerators.TestEngine:Current Test : TC_28_redemptionBookingWithSilverMember
2017-11-23 21:19:15-main--INFO -com.ctaf.accelerators.TestEngine: Able to get TscreenShot
2017-11-23 21:19:31-main--INFO -com.ctaf.accelerators.TestEngine:Current Test : TC_29_redemptionBookingWithGoldMember
2017-11-23 21:20:24-main--INFO -com.ctaf.accelerators.TestEngine: Able to get TscreenShot
2017-11-23 21:20:41-main--INFO -com.ctaf.accelerators.TestEngine:Current Test : TC_30_redempitonBookingWithPlatinumMember
2017-11-23 21:21:33-main--INFO -com.ctaf.accelerators.TestEngine: Able to get TscreenShot
2017-11-23 21:21:51-main--INFO -com.ctaf.accelerators.TestEngine:Current Test : TC_31_VerifingBoardingPassVlues
2017-11-23 21:22:43-main--INFO -com.ctaf.accelerators.TestEngine: Able to get TscreenShot
2017-11-23 21:23:00-main--INFO -com.ctaf.accelerators.TestEngine:Current Test : TC_32_reissueTheTicketWithHigherFare
2017-11-23 21:23:53-main--INFO -com.ctaf.accelerators.TestEngine: Able to get TscreenShot
2017-11-23 21:24:11-main--INFO -com.ctaf.accelerators.TestEngine:Current Test : TC_33_revalidateTheTicketWithSameFare
2017-11-23 21:25:02-main--INFO -com.ctaf.accelerators.TestEngine: Able to get TscreenShot
2017-11-23 21:25:16-main--INFO -com.ctaf.accelerators.TestEngine:Current Test : TC_34_BaggageValidation
2017-11-23 21:27:19-main--INFO -com.ctaf.accelerators.TestEngine: Able to get TscreenShot
2017-11-23 21:27:36-main--INFO -com.ctaf.accelerators.TestEngine:Current Test : TC_35_oneWayDomesticEconomyModifyExtrasSeatWhileRetrivePNR
2017-11-23 21:28:25-main--INFO -com.ctaf.accelerators.TestEngine: Able to get TscreenShot
2017-11-23 21:28:41-main--INFO -com.ctaf.accelerators.TestEngine:Current Test : TC_36_EmpLoginOnewayOneAdultStaffStandByModifyEXtras
2017-11-23 21:29:21-main--INFO -com.ctaf.accelerators.TestEngine: Able to get TscreenShot
2017-11-23 21:29:38-main--INFO -com.ctaf.accelerators.TestEngine:Current Test : TC_37_EmpLoginStaffConfmedModifyExtras
2017-11-23 21:30:17-main--INFO -com.ctaf.accelerators.TestEngine: Able to get TscreenShot
2017-11-23 21:30:33-main--INFO -com.ctaf.accelerators.TestEngine:Current Test : TC_38_corporateLoginRoundTripModifyExtras
2017-11-23 21:31:12-main--INFO -com.ctaf.accelerators.TestEngine: Able to get TscreenShot
2017-11-23 21:31:27-main--INFO -com.ctaf.accelerators.TestEngine:Current Test : TC_39_agencyLoginRondTripModifyExtras
