2017-12-19 12:18:55-main--INFO -com.ctaf.accelerators.TestEngine:Android
2017-12-19 12:19:22-main--INFO -com.ctaf.accelerators.TestEngine:Current Test : TC_01_oneWayDomesticEcoSADAD
2017-12-19 12:20:37-main--INFO -com.ctaf.accelerators.TestEngine: Able to get TscreenShot
2017-12-19 12:20:40-main--INFO -com.ctaf.accelerators.TestEngine:Current Test : TC_11_oneAudaltOneChildOneInfantPartCordShare
2017-12-19 12:23:55-main--INFO -com.ctaf.accelerators.TestEngine: Able to get TscreenShot
2017-12-19 12:23:58-main--INFO -com.ctaf.accelerators.TestEngine:Current Test : TC_02_oneWayDomesticBusinessCC
2017-12-19 12:28:59-main--INFO -com.ctaf.accelerators.TestEngine:Current Test : TC_12_PayWithCreditShell
2017-12-19 12:31:39-main--INFO -com.ctaf.accelerators.TestEngine: Able to get TscreenShot
2017-12-19 12:31:42-main--INFO -com.ctaf.accelerators.TestEngine:Current Test : TC_03_oneWayDomesticEcoChangeDate
2017-12-19 12:36:19-main--INFO -com.ctaf.accelerators.TestEngine: Able to get TscreenShot
2017-12-19 12:36:22-main--INFO -com.ctaf.accelerators.TestEngine:Current Test : TC_13_oneWayDomesticEconomyCCUSD
2017-12-19 12:38:01-main--INFO -com.ctaf.accelerators.TestEngine: Able to get TscreenShot
2017-12-19 12:38:04-main--INFO -com.ctaf.accelerators.TestEngine:Current Test : TC_04_oneWayDomOneAdultCheckin
2017-12-19 12:43:37-main--INFO -com.ctaf.accelerators.TestEngine: Able to get TscreenShot
2017-12-19 12:43:40-main--INFO -com.ctaf.accelerators.TestEngine:Current Test : TC_14_oneWayDomesticEconomyCCEuro
2017-12-19 12:49:14-main--INFO -com.ctaf.accelerators.TestEngine:Current Test : TC_05_oneWayDomNineAdultCheckin
2017-12-19 12:53:05-main--INFO -com.ctaf.accelerators.TestEngine: Able to get TscreenShot
2017-12-19 12:53:07-main--INFO -com.ctaf.accelerators.TestEngine:Current Test : TC_15_verifingFareSummaryPrices
2017-12-19 12:55:13-main--INFO -com.ctaf.accelerators.TestEngine:Current Test : TC_06_oneWayInterTwoAdultEco
2017-12-19 12:58:23-main--INFO -com.ctaf.accelerators.TestEngine: Able to get TscreenShot
2017-12-19 12:58:26-main--INFO -com.ctaf.accelerators.TestEngine:Current Test : TC_07_roundTripDomFourAdultBusins
2017-12-19 13:00:21-main--INFO -com.ctaf.accelerators.TestEngine: Able to get TscreenShot
2017-12-19 13:00:24-main--INFO -com.ctaf.accelerators.TestEngine:Current Test : TC_08_RTInt1ad1Ch1InBusExtra
2017-12-19 13:04:03-main--INFO -com.ctaf.accelerators.TestEngine: Able to get TscreenShot
2017-12-19 13:04:06-main--INFO -com.ctaf.accelerators.TestEngine:Current Test : TC_09_RTInt1ad1Ch1InEcoExtras
2017-12-19 13:08:27-main--INFO -com.ctaf.accelerators.TestEngine: Able to get TscreenShot
2017-12-19 13:34:54-main--INFO -com.ctaf.accelerators.TestEngine:Starting browser : Chrome
2017-12-19 13:35:36-main--INFO -com.ctaf.accelerators.TestEngine:Current Test : TC_01_oneWayDomesticBusiness
2017-12-19 13:39:04-main--INFO -com.ctaf.accelerators.TestEngine: Able to get TscreenShot
2017-12-19 13:39:04-main--INFO -com.ctaf.accelerators.TestEngine: Able to get TscreenShot
2017-12-19 13:39:23-main--INFO -com.ctaf.accelerators.TestEngine:Current Test : TC02a_oneWayDomSimple1AdultCC
2017-12-19 13:42:57-main--INFO -com.ctaf.accelerators.TestEngine: Able to get TscreenShot
2017-12-19 13:42:57-main--INFO -com.ctaf.accelerators.TestEngine: Able to get TscreenShot
2017-12-19 13:43:14-main--INFO -com.ctaf.accelerators.TestEngine:Current Test : TC02b_RTDomSimple1AdultCC
2017-12-19 13:46:55-main--INFO -com.ctaf.accelerators.TestEngine: Able to get TscreenShot
2017-12-19 13:46:55-main--INFO -com.ctaf.accelerators.TestEngine: Able to get TscreenShot
2017-12-19 13:47:16-main--INFO -com.ctaf.accelerators.TestEngine:Current Test : TC02c_RTDomBusiness1AdultCC
2017-12-19 13:49:21-main--INFO -com.ctaf.accelerators.TestEngine: Able to get TscreenShot
2017-12-19 13:49:43-main--INFO -com.ctaf.accelerators.TestEngine:Current Test : TC02d_RTIntlBusiness1AdultCC
2017-12-19 13:53:03-main--INFO -com.ctaf.accelerators.TestEngine: Able to get TscreenShot
2017-12-19 13:53:03-main--INFO -com.ctaf.accelerators.TestEngine: Able to get TscreenShot
2017-12-19 13:53:19-main--INFO -com.ctaf.accelerators.TestEngine:Current Test : TC02e_RTDomExtra1Adult1ChildCC
2017-12-19 13:57:05-main--INFO -com.ctaf.accelerators.TestEngine: Able to get TscreenShot
2017-12-19 13:57:05-main--INFO -com.ctaf.accelerators.TestEngine: Able to get TscreenShot
2017-12-19 13:57:25-main--INFO -com.ctaf.accelerators.TestEngine:Current Test : TC_02_oneWayDomesticEcoSADAD
2017-12-19 13:59:52-main--INFO -com.ctaf.accelerators.TestEngine: Able to get TscreenShot
2017-12-19 14:00:07-main--INFO -com.ctaf.accelerators.TestEngine:Current Test : TC04a_oneWaySimpleDomOneAdultCheckin
2017-12-19 14:03:17-main--INFO -com.ctaf.accelerators.TestEngine: Able to get TscreenShot
2017-12-19 14:03:18-main--INFO -com.ctaf.accelerators.TestEngine: Able to get TscreenShot
2017-12-19 14:03:37-main--INFO -com.ctaf.accelerators.TestEngine:Current Test : TC04b_RtIntlOneAdultCheckinFail
2017-12-19 14:03:48-main--INFO -com.ctaf.accelerators.TestEngine: Able to get TscreenShot
2017-12-19 14:04:01-main--INFO -com.ctaf.accelerators.TestEngine:Current Test : TC_06_oneWay2InternationalEco
2017-12-19 14:04:47-main--INFO -com.ctaf.accelerators.TestEngine: Able to get TscreenShot
2017-12-19 14:05:02-main--INFO -com.ctaf.accelerators.TestEngine:Current Test : TC_07_RTDom4adultBusinessCC
2017-12-19 14:09:17-main--INFO -com.ctaf.accelerators.TestEngine: Able to get TscreenShot
2017-12-19 14:09:17-main--INFO -com.ctaf.accelerators.TestEngine: Able to get TscreenShot
2017-12-19 14:09:33-main--INFO -com.ctaf.accelerators.TestEngine:Current Test : TC_08_RTInt1adult1Child1infantBus
2017-12-19 14:12:49-main--INFO -com.ctaf.accelerators.TestEngine: Able to get TscreenShot
2017-12-19 14:12:49-main--INFO -com.ctaf.accelerators.TestEngine: Able to get TscreenShot
2017-12-19 14:13:10-main--INFO -com.ctaf.accelerators.TestEngine:Current Test : TC_10_OwMultiSimpleIntlCordshareBookingMMB
2017-12-19 14:15:46-main--INFO -com.ctaf.accelerators.TestEngine: Able to get TscreenShot
2017-12-19 14:15:47-main--INFO -com.ctaf.accelerators.TestEngine: Able to get TscreenShot
2017-12-19 14:16:02-main--INFO -com.ctaf.accelerators.TestEngine:Current Test : TC_11oneAdultoneChildoneInfantPartCodeShare
2017-12-19 14:16:35-main--INFO -com.ctaf.accelerators.TestEngine: Able to get TscreenShot
2017-12-19 14:16:51-main--INFO -com.ctaf.accelerators.TestEngine:Current Test : TC_12_PayWithCreditShell
2017-12-19 14:20:58-main--INFO -com.ctaf.accelerators.TestEngine: Able to get TscreenShot
2017-12-19 14:20:58-main--INFO -com.ctaf.accelerators.TestEngine: Able to get TscreenShot
2017-12-19 14:21:14-main--INFO -com.ctaf.accelerators.TestEngine:Current Test : TC_13_onewayDomesticwithUSdollars
2017-12-19 14:24:05-main--INFO -com.ctaf.accelerators.TestEngine:Current Test : TC_14_oneWayDomesticwithEuro
2017-12-19 14:26:41-main--INFO -com.ctaf.accelerators.TestEngine: Able to get TscreenShot
2017-12-19 14:26:42-main--INFO -com.ctaf.accelerators.TestEngine: Able to get TscreenShot
2017-12-19 14:26:59-main--INFO -com.ctaf.accelerators.TestEngine:Current Test : TC_15_EmpLoginOnewayOneAdultStaffStandByChangFlightCancel
2017-12-19 14:29:25-main--INFO -com.ctaf.accelerators.TestEngine: Able to get TscreenShot
2017-12-19 14:29:43-main--INFO -com.ctaf.accelerators.TestEngine:Current Test : TC_16_EmpLoginStaffConfmedChangeDateCheckIn
2017-12-19 14:29:57-main--INFO -com.ctaf.accelerators.TestEngine: Able to get TscreenShot
2017-12-19 14:30:21-main--INFO -com.ctaf.accelerators.TestEngine:Current Test : TC_17_RTChangeflightCheckIN
2017-12-19 14:33:44-main--INFO -com.ctaf.accelerators.TestEngine: Able to get TscreenShot
2017-12-19 14:33:45-main--INFO -com.ctaf.accelerators.TestEngine: Able to get TscreenShot
2017-12-19 14:34:03-main--INFO -com.ctaf.accelerators.TestEngine:Current Test : TC_18_corporateLoginRToneAdultCancelFlight
2017-12-19 14:37:42-main--INFO -com.ctaf.accelerators.TestEngine: Able to get TscreenShot
2017-12-19 14:37:42-main--INFO -com.ctaf.accelerators.TestEngine: Able to get TscreenShot
2017-12-19 14:38:01-main--INFO -com.ctaf.accelerators.TestEngine:Current Test : TC_19_agencyLoginRToneAdultoneChild
2017-12-19 14:41:15-main--INFO -com.ctaf.accelerators.TestEngine:Current Test : TC_20_memberRegistration
2017-12-19 14:42:19-main--INFO -com.ctaf.accelerators.TestEngine:Current Test : TC20b_verifyRegistrationFailureWithExistingMailID
2017-12-19 14:43:06-main--INFO -com.ctaf.accelerators.TestEngine:Current Test : TC20c_VerifyAlertChildRegistrationNBooking
2017-12-19 14:44:47-main--INFO -com.ctaf.accelerators.TestEngine:Current Test : TC_21_updatemyProfileOfMemberDetails
2017-12-19 14:46:33-main--INFO -com.ctaf.accelerators.TestEngine:Current Test : TC_22_resetPasswordusingmyProfile
2017-12-19 14:47:56-main--INFO -com.ctaf.accelerators.TestEngine:Current Test : TC22b_VerifyAccLockOn10IncorrectPswdEntries
2017-12-19 14:49:57-main--INFO -com.ctaf.accelerators.TestEngine:Current Test : TC_23_oneWayDomesticOneAdultCheckInAR
2017-12-19 14:52:53-main--INFO -com.ctaf.accelerators.TestEngine: Able to get TscreenShot
2017-12-19 14:52:54-main--INFO -com.ctaf.accelerators.TestEngine: Able to get TscreenShot
2017-12-19 14:53:11-main--INFO -com.ctaf.accelerators.TestEngine:Current Test : TC_24_anonymousRtDomestic4AdultBusinessAR
2017-12-19 14:56:14-main--INFO -com.ctaf.accelerators.TestEngine: Able to get TscreenShot
2017-12-19 14:56:14-main--INFO -com.ctaf.accelerators.TestEngine: Able to get TscreenShot
2017-12-19 14:56:31-main--INFO -com.ctaf.accelerators.TestEngine:Current Test : TC_25_anonymousOneWayDomesticOneAdultCheckInTR
2017-12-19 14:59:32-main--INFO -com.ctaf.accelerators.TestEngine: Able to get TscreenShot
2017-12-19 14:59:33-main--INFO -com.ctaf.accelerators.TestEngine: Able to get TscreenShot
2017-12-19 14:59:54-main--INFO -com.ctaf.accelerators.TestEngine:Current Test : TC_26_anonymousRtDomestic4AdultBusinessTR
2017-12-19 15:02:27-main--INFO -com.ctaf.accelerators.TestEngine: Able to get TscreenShot
2017-12-19 15:02:27-main--INFO -com.ctaf.accelerators.TestEngine: Able to get TscreenShot
2017-12-19 15:02:47-main--INFO -com.ctaf.accelerators.TestEngine:Current Test : TC_27a_redemptionBookingwithBronzeMember
2017-12-19 15:05:44-main--INFO -com.ctaf.accelerators.TestEngine: Able to get TscreenShot
2017-12-19 15:05:44-main--INFO -com.ctaf.accelerators.TestEngine: Able to get TscreenShot
2017-12-19 15:06:00-main--INFO -com.ctaf.accelerators.TestEngine:Current Test : TC27b_BookingwithinsufficientBronzepoints
2017-12-19 15:08:35-main--INFO -com.ctaf.accelerators.TestEngine: Able to get TscreenShot
2017-12-19 15:08:54-main--INFO -com.ctaf.accelerators.TestEngine:Current Test : TC_28_redemptionBookingwithSilverMember
2017-12-19 15:11:52-main--INFO -com.ctaf.accelerators.TestEngine: Able to get TscreenShot
2017-12-19 15:11:53-main--INFO -com.ctaf.accelerators.TestEngine: Able to get TscreenShot
2017-12-19 15:12:19-main--INFO -com.ctaf.accelerators.TestEngine:Current Test : TC_29_redemptionBookingwithGoldMember
2017-12-19 15:14:26-main--INFO -com.ctaf.accelerators.TestEngine: Able to get TscreenShot
2017-12-19 15:14:26-main--INFO -com.ctaf.accelerators.TestEngine: Able to get TscreenShot
2017-12-19 15:14:44-main--INFO -com.ctaf.accelerators.TestEngine:Current Test : TC_30_redemptionBookingwithPlatinumMember
2017-12-19 15:15:44-main--INFO -com.ctaf.accelerators.TestEngine:Current Test : TC_31_anonymousVerifingBoardingPassVlues
2017-12-19 15:18:58-main--INFO -com.ctaf.accelerators.TestEngine: Able to get TscreenShot
2017-12-19 15:18:58-main--INFO -com.ctaf.accelerators.TestEngine: Able to get TscreenShot
2017-12-19 15:19:15-main--INFO -com.ctaf.accelerators.TestEngine:Current Test : TC_32_anonymousReissueTheTicketWithHigherFare
2017-12-19 15:20:50-main--INFO -com.ctaf.accelerators.TestEngine: Able to get TscreenShot
2017-12-19 15:21:08-main--INFO -com.ctaf.accelerators.TestEngine:Current Test : TC_33_anonymousRevalidateTheTicketWithSameFare
2017-12-19 15:24:26-main--INFO -com.ctaf.accelerators.TestEngine: Able to get TscreenShot
2017-12-19 15:24:26-main--INFO -com.ctaf.accelerators.TestEngine: Able to get TscreenShot
2017-12-19 15:24:44-main--INFO -com.ctaf.accelerators.TestEngine:Current Test : TC_34_BaggageValidation
2017-12-19 15:26:32-main--INFO -com.ctaf.accelerators.TestEngine: Able to get TscreenShot
2017-12-19 15:26:55-main--INFO -com.ctaf.accelerators.TestEngine:Current Test : TC_35_AnonymousOneWayDomesticEconomyModifyExtrasSeatWhileRetrivePNR
2017-12-19 15:29:37-main--INFO -com.ctaf.accelerators.TestEngine: Able to get TscreenShot
2017-12-19 15:29:38-main--INFO -com.ctaf.accelerators.TestEngine: Able to get TscreenShot
2017-12-19 15:30:05-main--INFO -com.ctaf.accelerators.TestEngine:Current Test : TC_36_EmpLoginOnewayOneAdultStaffStandByModifyEXtras
2017-12-19 15:32:33-main--INFO -com.ctaf.accelerators.TestEngine: Able to get TscreenShot
2017-12-19 15:34:24-main--INFO -com.ctaf.accelerators.TestEngine:Current Test : TC_38_corporateLoginRoundTripModifyExtras
2017-12-19 15:37:42-main--INFO -com.ctaf.accelerators.TestEngine: Able to get TscreenShot
2017-12-19 15:37:42-main--INFO -com.ctaf.accelerators.TestEngine: Able to get TscreenShot
2017-12-19 15:38:00-main--INFO -com.ctaf.accelerators.TestEngine:Current Test : TC_39_agencyLoginRondTripModifyExtras
2017-12-19 15:44:37-main--INFO -com.ctaf.accelerators.TestEngine:Current Test : TC_45_oneWayDomCancelverifyMMB
2017-12-19 15:47:45-main--INFO -com.ctaf.accelerators.TestEngine: Able to get TscreenShot
2017-12-19 15:47:45-main--INFO -com.ctaf.accelerators.TestEngine: Able to get TscreenShot
2017-12-19 15:48:02-main--INFO -com.ctaf.accelerators.TestEngine:Current Test : TC_46_RTDomfullCancelVerifyMMB
2017-12-19 15:51:32-main--INFO -com.ctaf.accelerators.TestEngine: Able to get TscreenShot
2017-12-19 15:51:32-main--INFO -com.ctaf.accelerators.TestEngine: Able to get TscreenShot
2017-12-19 15:51:49-main--INFO -com.ctaf.accelerators.TestEngine:Current Test : TC_47_RTDomCancelDepartingleg
2017-12-19 15:55:21-main--INFO -com.ctaf.accelerators.TestEngine: Able to get TscreenShot
2017-12-19 15:55:21-main--INFO -com.ctaf.accelerators.TestEngine: Able to get TscreenShot
2017-12-19 15:55:35-main--INFO -com.ctaf.accelerators.TestEngine:Current Test : TC_48_RTDomCancelReturningleg
2017-12-19 15:59:08-main--INFO -com.ctaf.accelerators.TestEngine: Able to get TscreenShot
2017-12-19 15:59:08-main--INFO -com.ctaf.accelerators.TestEngine: Able to get TscreenShot
2017-12-19 15:59:26-main--INFO -com.ctaf.accelerators.TestEngine:Current Test : TC_49_RTIntlCancelDepartingleg
2017-12-19 16:02:56-main--INFO -com.ctaf.accelerators.TestEngine: Able to get TscreenShot
2017-12-19 16:02:56-main--INFO -com.ctaf.accelerators.TestEngine: Able to get TscreenShot
2017-12-19 16:03:10-main--INFO -com.ctaf.accelerators.TestEngine:Current Test : TC_50_RTIntlCancelReturningleg
2017-12-19 16:06:38-main--INFO -com.ctaf.accelerators.TestEngine: Able to get TscreenShot
2017-12-19 16:06:38-main--INFO -com.ctaf.accelerators.TestEngine: Able to get TscreenShot
2017-12-19 16:06:54-main--INFO -com.ctaf.accelerators.TestEngine:Current Test : TC_51_RTIntlfullCancelVerifyMMB
2017-12-19 16:06:54-main--INFO -com.ctaf.accelerators.TestEngine: Able to get TscreenShot
2017-12-19 16:07:12-main--INFO -com.ctaf.accelerators.TestEngine:Current Test : TC_52_oneWayDomMMBChangeDateCancel
2017-12-19 16:10:15-main--INFO -com.ctaf.accelerators.TestEngine: Able to get TscreenShot
2017-12-19 16:10:15-main--INFO -com.ctaf.accelerators.TestEngine: Able to get TscreenShot
2017-12-19 16:10:31-main--INFO -com.ctaf.accelerators.TestEngine:Current Test : TC_53_oneWayDomMMBChangeDateCheckIn
2017-12-19 16:12:31-main--INFO -com.ctaf.accelerators.TestEngine: Able to get TscreenShot
2017-12-19 16:12:49-main--INFO -com.ctaf.accelerators.TestEngine:Current Test : TC_54_RtDOMBookingCheckinNaSmiles
2017-12-19 16:16:07-main--INFO -com.ctaf.accelerators.TestEngine: Able to get TscreenShot
2017-12-19 16:16:08-main--INFO -com.ctaf.accelerators.TestEngine: Able to get TscreenShot
2017-12-19 16:16:22-main--INFO -com.ctaf.accelerators.TestEngine:Current Test : TC_55_oneWayDomesticBusOneAdultAmexBookingAR
2017-12-19 16:18:57-main--INFO -com.ctaf.accelerators.TestEngine: Able to get TscreenShot
2017-12-19 16:18:58-main--INFO -com.ctaf.accelerators.TestEngine: Able to get TscreenShot
2017-12-19 16:19:13-main--INFO -com.ctaf.accelerators.TestEngine:Current Test : TC_56_RTDomBothLegMMBChangedateSeatsExtrasBaggageLounge
2017-12-19 16:22:07-main--INFO -com.ctaf.accelerators.TestEngine: Able to get TscreenShot
2017-12-19 16:22:07-main--INFO -com.ctaf.accelerators.TestEngine: Able to get TscreenShot
2017-12-19 16:22:24-main--INFO -com.ctaf.accelerators.TestEngine:Current Test : TC_57_RTDomDepartingLegMMBChangedateSeatsExtrasBaggageLounge
2017-12-19 16:25:15-main--INFO -com.ctaf.accelerators.TestEngine: Able to get TscreenShot
2017-12-19 16:25:16-main--INFO -com.ctaf.accelerators.TestEngine: Able to get TscreenShot
2017-12-19 16:25:27-main--INFO -com.ctaf.accelerators.TestEngine:Current Test : TC_58_RTDomReturningLegMMBChangedateSeatsExtrasBaggageLounge
2017-12-19 16:28:17-main--INFO -com.ctaf.accelerators.TestEngine: Able to get TscreenShot
2017-12-19 16:28:17-main--INFO -com.ctaf.accelerators.TestEngine: Able to get TscreenShot
2017-12-19 16:28:34-main--INFO -com.ctaf.accelerators.TestEngine:Current Test : TC_59_RTIntlReturningLegMMBChangedateSeatsExtrasBaggageLounge
2017-12-19 16:31:25-main--INFO -com.ctaf.accelerators.TestEngine: Able to get TscreenShot
2017-12-19 16:31:25-main--INFO -com.ctaf.accelerators.TestEngine: Able to get TscreenShot
2017-12-19 16:31:41-main--INFO -com.ctaf.accelerators.TestEngine:Current Test : TC_56_RTDomBothLegMMBChangedateSeatsExtrasBaggageLounge
2017-12-19 16:34:31-main--INFO -com.ctaf.accelerators.TestEngine: Able to get TscreenShot
2017-12-19 16:34:31-main--INFO -com.ctaf.accelerators.TestEngine: Able to get TscreenShot
2017-12-19 16:38:33-main--INFO -com.ctaf.accelerators.TestEngine:Starting browser : Chrome
2017-12-19 16:38:49-main--INFO -com.ctaf.accelerators.TestEngine:Current Test : TC_01_oneWayDomesticBusiness
2017-12-19 17:19:59-main--INFO -com.ctaf.accelerators.TestEngine:Starting browser : Chrome
2017-12-19 17:20:13-main--INFO -com.ctaf.accelerators.TestEngine:Current Test : TC_01_oneWayDomesticBusiness
2017-12-19 17:23:25-main--INFO -com.ctaf.accelerators.TestEngine: Able to get TscreenShot
2017-12-19 17:23:26-main--INFO -com.ctaf.accelerators.TestEngine: Able to get TscreenShot
2017-12-19 17:24:30-main--INFO -com.ctaf.accelerators.TestEngine:Starting browser : Chrome
2017-12-19 17:24:47-main--INFO -com.ctaf.accelerators.TestEngine:Current Test : TC_01_oneWayDomesticBusiness
2017-12-19 17:28:06-main--INFO -com.ctaf.accelerators.TestEngine: Able to get TscreenShot
2017-12-19 17:28:06-main--INFO -com.ctaf.accelerators.TestEngine: Able to get TscreenShot
2017-12-19 17:32:05-main--INFO -com.ctaf.accelerators.TestEngine:Starting browser : Chrome
2017-12-19 17:32:19-main--INFO -com.ctaf.accelerators.TestEngine:Current Test : TC_01_oneWayDomesticBusiness
2017-12-19 17:35:31-main--INFO -com.ctaf.accelerators.TestEngine: Able to get TscreenShot
2017-12-19 17:35:31-main--INFO -com.ctaf.accelerators.TestEngine: Able to get TscreenShot
2017-12-19 17:44:23-main--INFO -com.ctaf.accelerators.TestEngine:Starting browser : Chrome
2017-12-19 17:44:43-main--INFO -com.ctaf.accelerators.TestEngine:Current Test : TC_01_oneWayDomesticBusiness
2017-12-19 17:54:14-main--INFO -com.ctaf.accelerators.TestEngine:Starting browser : Chrome
2017-12-19 17:54:28-main--INFO -com.ctaf.accelerators.TestEngine:Current Test : TC_01_oneWayDomesticBusiness
2017-12-19 18:01:52-main--INFO -com.ctaf.accelerators.TestEngine:Starting browser : Firefox
2017-12-19 18:05:01-main--INFO -com.ctaf.accelerators.TestEngine:Starting browser : Firefox
2017-12-19 18:06:45-main--INFO -com.ctaf.accelerators.TestEngine:Starting browser : Chrome
2017-12-19 18:07:02-main--INFO -com.ctaf.accelerators.TestEngine:Current Test : TC_01_oneWayDomesticBusiness
2017-12-19 18:36:11-main--INFO -com.ctaf.accelerators.TestEngine:Starting browser : Chrome
2017-12-19 18:36:25-main--INFO -com.ctaf.accelerators.TestEngine:Current Test : TC_01_oneWayDomesticBusiness
2017-12-19 20:05:39-main--INFO -com.ctaf.accelerators.TestEngine:Starting browser : Chrome
2017-12-19 20:05:54-main--INFO -com.ctaf.accelerators.TestEngine:Current Test : TC_01_oneWayDomesticBusiness
2017-12-19 20:09:04-main--INFO -com.ctaf.accelerators.TestEngine: Able to get TscreenShot
2017-12-19 20:09:23-main--INFO -com.ctaf.accelerators.TestEngine:Current Test : TC02a_oneWayDomSimple1AdultCC
2017-12-19 20:13:11-main--INFO -com.ctaf.accelerators.TestEngine: Able to get TscreenShot
2017-12-19 20:13:11-main--INFO -com.ctaf.accelerators.TestEngine: Able to get TscreenShot
2017-12-19 20:13:30-main--INFO -com.ctaf.accelerators.TestEngine:Current Test : TC02b_RTDomSimple1AdultCC
2017-12-19 20:16:58-main--INFO -com.ctaf.accelerators.TestEngine: Able to get TscreenShot
2017-12-19 20:16:58-main--INFO -com.ctaf.accelerators.TestEngine: Able to get TscreenShot
2017-12-19 20:17:18-main--INFO -com.ctaf.accelerators.TestEngine:Current Test : TC02c_RTDomBusiness1AdultCC
2017-12-19 20:20:19-main--INFO -com.ctaf.accelerators.TestEngine: Able to get TscreenShot
2017-12-19 20:20:19-main--INFO -com.ctaf.accelerators.TestEngine: Able to get TscreenShot
2017-12-19 20:20:36-main--INFO -com.ctaf.accelerators.TestEngine:Current Test : TC02d_RTIntlBusiness1AdultCC
2017-12-19 20:23:48-main--INFO -com.ctaf.accelerators.TestEngine: Able to get TscreenShot
2017-12-19 20:23:48-main--INFO -com.ctaf.accelerators.TestEngine: Able to get TscreenShot
2017-12-19 20:24:06-main--INFO -com.ctaf.accelerators.TestEngine:Current Test : TC02e_RTDomExtra1Adult1ChildCC
2017-12-19 20:27:45-main--INFO -com.ctaf.accelerators.TestEngine: Able to get TscreenShot
2017-12-19 20:27:45-main--INFO -com.ctaf.accelerators.TestEngine: Able to get TscreenShot
2017-12-19 20:28:01-main--INFO -com.ctaf.accelerators.TestEngine:Current Test : TC_02_oneWayDomesticEcoSADAD
2017-12-19 20:31:00-main--INFO -com.ctaf.accelerators.TestEngine: Able to get TscreenShot
2017-12-19 20:31:13-main--INFO -com.ctaf.accelerators.TestEngine:Current Test : TC04a_oneWaySimpleDomOneAdultCheckin
2017-12-19 20:33:17-main--INFO -com.ctaf.accelerators.TestEngine: Able to get TscreenShot
2017-12-19 20:33:35-main--INFO -com.ctaf.accelerators.TestEngine:Current Test : TC04b_RtIntlOneAdultCheckinFail
2017-12-19 20:36:57-main--INFO -com.ctaf.accelerators.TestEngine: Able to get TscreenShot
2017-12-19 20:36:58-main--INFO -com.ctaf.accelerators.TestEngine: Able to get TscreenShot
2017-12-19 20:37:14-main--INFO -com.ctaf.accelerators.TestEngine:Current Test : TC_06_oneWay2InternationalEco
2017-12-19 20:40:36-main--INFO -com.ctaf.accelerators.TestEngine: Able to get TscreenShot
2017-12-19 20:40:37-main--INFO -com.ctaf.accelerators.TestEngine: Able to get TscreenShot
2017-12-19 20:40:53-main--INFO -com.ctaf.accelerators.TestEngine:Current Test : TC_07_RTDom4adultBusinessCC
2017-12-19 20:44:50-main--INFO -com.ctaf.accelerators.TestEngine: Able to get TscreenShot
2017-12-19 20:44:50-main--INFO -com.ctaf.accelerators.TestEngine: Able to get TscreenShot
2017-12-19 20:45:04-main--INFO -com.ctaf.accelerators.TestEngine:Current Test : TC_08_RTInt1adult1Child1infantBus
2017-12-19 20:48:11-main--INFO -com.ctaf.accelerators.TestEngine: Able to get TscreenShot
2017-12-19 20:48:11-main--INFO -com.ctaf.accelerators.TestEngine: Able to get TscreenShot
2017-12-19 20:48:29-main--INFO -com.ctaf.accelerators.TestEngine:Current Test : TC_10_OwMultiSimpleIntlCordshareBookingMMB
2017-12-19 20:50:59-main--INFO -com.ctaf.accelerators.TestEngine: Able to get TscreenShot
2017-12-19 20:50:59-main--INFO -com.ctaf.accelerators.TestEngine: Able to get TscreenShot
2017-12-19 20:51:13-main--INFO -com.ctaf.accelerators.TestEngine:Current Test : TC_11oneAdultoneChildoneInfantPartCodeShare
2017-12-19 20:51:44-main--INFO -com.ctaf.accelerators.TestEngine: Able to get TscreenShot
2017-12-19 20:52:00-main--INFO -com.ctaf.accelerators.TestEngine:Current Test : TC_12_PayWithCreditShell
2017-12-19 20:56:00-main--INFO -com.ctaf.accelerators.TestEngine: Able to get TscreenShot
2017-12-19 20:56:00-main--INFO -com.ctaf.accelerators.TestEngine: Able to get TscreenShot
2017-12-19 20:56:15-main--INFO -com.ctaf.accelerators.TestEngine:Current Test : TC_13_onewayDomesticwithUSdollars
2017-12-19 20:59:09-main--INFO -com.ctaf.accelerators.TestEngine:Current Test : TC_14_oneWayDomesticwithEuro
2017-12-19 21:01:31-main--INFO -com.ctaf.accelerators.TestEngine: Able to get TscreenShot
2017-12-19 21:01:46-main--INFO -com.ctaf.accelerators.TestEngine:Current Test : TC_15_EmpLoginOnewayOneAdultStaffStandByChangFlightCancel
2017-12-19 21:04:03-main--INFO -com.ctaf.accelerators.TestEngine: Able to get TscreenShot
2017-12-19 21:04:19-main--INFO -com.ctaf.accelerators.TestEngine:Current Test : TC_16_EmpLoginStaffConfmedChangeDateCheckIn
2017-12-19 21:07:29-main--INFO -com.ctaf.accelerators.TestEngine: Able to get TscreenShot
2017-12-19 21:07:30-main--INFO -com.ctaf.accelerators.TestEngine: Able to get TscreenShot
2017-12-19 21:07:47-main--INFO -com.ctaf.accelerators.TestEngine:Current Test : TC_17_RTChangeflightCheckIN
2017-12-19 21:11:04-main--INFO -com.ctaf.accelerators.TestEngine: Able to get TscreenShot
2017-12-19 21:11:04-main--INFO -com.ctaf.accelerators.TestEngine: Able to get TscreenShot
2017-12-19 21:11:18-main--INFO -com.ctaf.accelerators.TestEngine:Current Test : TC_18_corporateLoginRToneAdultCancelFlight
2017-12-19 21:14:47-main--INFO -com.ctaf.accelerators.TestEngine: Able to get TscreenShot
2017-12-19 21:14:47-main--INFO -com.ctaf.accelerators.TestEngine: Able to get TscreenShot
2017-12-19 21:15:04-main--INFO -com.ctaf.accelerators.TestEngine:Current Test : TC_19_agencyLoginRToneAdultoneChild
2017-12-19 21:18:16-main--INFO -com.ctaf.accelerators.TestEngine:Current Test : TC_20_memberRegistration
2017-12-19 21:19:13-main--INFO -com.ctaf.accelerators.TestEngine:Current Test : TC20b_verifyRegistrationFailureWithExistingMailID
2017-12-19 21:19:58-main--INFO -com.ctaf.accelerators.TestEngine:Current Test : TC20c_VerifyAlertChildRegistrationNBooking
2017-12-19 21:21:33-main--INFO -com.ctaf.accelerators.TestEngine:Current Test : TC_21_updatemyProfileOfMemberDetails
2017-12-19 21:23:21-main--INFO -com.ctaf.accelerators.TestEngine:Current Test : TC_22_resetPasswordusingmyProfile
2017-12-19 21:24:45-main--INFO -com.ctaf.accelerators.TestEngine:Current Test : TC22b_VerifyAccLockOn10IncorrectPswdEntries
2017-12-19 21:26:54-main--INFO -com.ctaf.accelerators.TestEngine:Current Test : TC_23_oneWayDomesticOneAdultCheckInAR
2017-12-19 21:27:02-main--INFO -com.ctaf.accelerators.TestEngine: Able to get TscreenShot
2017-12-19 21:27:17-main--INFO -com.ctaf.accelerators.TestEngine:Current Test : TC_24_anonymousRtDomestic4AdultBusinessAR
2017-12-19 21:30:15-main--INFO -com.ctaf.accelerators.TestEngine: Able to get TscreenShot
2017-12-19 21:30:15-main--INFO -com.ctaf.accelerators.TestEngine: Able to get TscreenShot
2017-12-19 21:30:32-main--INFO -com.ctaf.accelerators.TestEngine:Current Test : TC_25_anonymousOneWayDomesticOneAdultCheckInTR
2017-12-19 21:33:34-main--INFO -com.ctaf.accelerators.TestEngine: Able to get TscreenShot
2017-12-19 21:33:35-main--INFO -com.ctaf.accelerators.TestEngine: Able to get TscreenShot
2017-12-19 21:33:52-main--INFO -com.ctaf.accelerators.TestEngine:Current Test : TC_26_anonymousRtDomestic4AdultBusinessTR
2017-12-19 21:36:20-main--INFO -com.ctaf.accelerators.TestEngine: Able to get TscreenShot
2017-12-19 21:36:20-main--INFO -com.ctaf.accelerators.TestEngine: Able to get TscreenShot
2017-12-19 21:36:39-main--INFO -com.ctaf.accelerators.TestEngine:Current Test : TC_27a_redemptionBookingwithBronzeMember
2017-12-19 21:38:45-main--INFO -com.ctaf.accelerators.TestEngine: Able to get TscreenShot
2017-12-19 21:38:45-main--INFO -com.ctaf.accelerators.TestEngine: Able to get TscreenShot
2017-12-19 21:39:03-main--INFO -com.ctaf.accelerators.TestEngine:Current Test : TC27b_BookingwithinsufficientBronzepoints
2017-12-19 21:41:04-main--INFO -com.ctaf.accelerators.TestEngine:Current Test : TC_28_redemptionBookingwithSilverMember
2017-12-19 21:43:37-main--INFO -com.ctaf.accelerators.TestEngine: Able to get TscreenShot
2017-12-19 21:43:53-main--INFO -com.ctaf.accelerators.TestEngine:Current Test : TC_29_redemptionBookingwithGoldMember
2017-12-19 21:46:01-main--INFO -com.ctaf.accelerators.TestEngine: Able to get TscreenShot
2017-12-19 21:46:01-main--INFO -com.ctaf.accelerators.TestEngine: Able to get TscreenShot
2017-12-19 21:46:15-main--INFO -com.ctaf.accelerators.TestEngine:Current Test : TC_30_redemptionBookingwithPlatinumMember
2017-12-19 21:47:17-main--INFO -com.ctaf.accelerators.TestEngine:Current Test : TC_31_anonymousVerifingBoardingPassVlues
2017-12-19 21:50:22-main--INFO -com.ctaf.accelerators.TestEngine: Able to get TscreenShot
2017-12-19 21:50:22-main--INFO -com.ctaf.accelerators.TestEngine: Able to get TscreenShot
2017-12-19 21:50:40-main--INFO -com.ctaf.accelerators.TestEngine:Current Test : TC_32_anonymousReissueTheTicketWithHigherFare
2017-12-19 21:53:39-main--INFO -com.ctaf.accelerators.TestEngine: Able to get TscreenShot
2017-12-19 21:53:39-main--INFO -com.ctaf.accelerators.TestEngine: Able to get TscreenShot
2017-12-19 21:53:58-main--INFO -com.ctaf.accelerators.TestEngine:Current Test : TC_33_anonymousRevalidateTheTicketWithSameFare
2017-12-19 21:56:58-main--INFO -com.ctaf.accelerators.TestEngine: Able to get TscreenShot
2017-12-19 21:56:58-main--INFO -com.ctaf.accelerators.TestEngine: Able to get TscreenShot
2017-12-19 21:57:15-main--INFO -com.ctaf.accelerators.TestEngine:Current Test : TC_34_BaggageValidation
2017-12-19 21:58:50-main--INFO -com.ctaf.accelerators.TestEngine:Current Test : TC_35_AnonymousOneWayDomesticEconomyModifyExtrasSeatWhileRetrivePNR
2017-12-19 22:01:25-main--INFO -com.ctaf.accelerators.TestEngine: Able to get TscreenShot
2017-12-19 22:01:25-main--INFO -com.ctaf.accelerators.TestEngine: Able to get TscreenShot
2017-12-19 22:01:41-main--INFO -com.ctaf.accelerators.TestEngine:Current Test : TC_36_EmpLoginOnewayOneAdultStaffStandByModifyEXtras
2017-12-19 22:01:58-main--INFO -com.ctaf.accelerators.TestEngine: Able to get TscreenShot
2017-12-19 22:02:14-main--INFO -com.ctaf.accelerators.TestEngine:Current Test : TC_38_corporateLoginRoundTripModifyExtras
2017-12-19 22:05:16-main--INFO -com.ctaf.accelerators.TestEngine: Able to get TscreenShot
2017-12-19 22:05:16-main--INFO -com.ctaf.accelerators.TestEngine: Able to get TscreenShot
2017-12-19 22:05:33-main--INFO -com.ctaf.accelerators.TestEngine:Current Test : TC_39_agencyLoginRondTripModifyExtras
2017-12-19 22:12:11-main--INFO -com.ctaf.accelerators.TestEngine:Current Test : TC_45_oneWayDomCancelverifyMMB
2017-12-19 22:14:10-main--INFO -com.ctaf.accelerators.TestEngine: Able to get TscreenShot
2017-12-19 22:14:25-main--INFO -com.ctaf.accelerators.TestEngine:Current Test : TC_46_RTDomfullCancelVerifyMMB
2017-12-19 22:17:55-main--INFO -com.ctaf.accelerators.TestEngine: Able to get TscreenShot
2017-12-19 22:17:55-main--INFO -com.ctaf.accelerators.TestEngine: Able to get TscreenShot
2017-12-19 22:18:09-main--INFO -com.ctaf.accelerators.TestEngine:Current Test : TC_47_RTDomCancelDepartingleg
2017-12-19 22:21:41-main--INFO -com.ctaf.accelerators.TestEngine: Able to get TscreenShot
2017-12-19 22:21:42-main--INFO -com.ctaf.accelerators.TestEngine: Able to get TscreenShot
2017-12-19 22:21:56-main--INFO -com.ctaf.accelerators.TestEngine:Current Test : TC_48_RTDomCancelReturningleg
2017-12-19 22:25:28-main--INFO -com.ctaf.accelerators.TestEngine: Able to get TscreenShot
2017-12-19 22:25:28-main--INFO -com.ctaf.accelerators.TestEngine: Able to get TscreenShot
2017-12-19 22:25:45-main--INFO -com.ctaf.accelerators.TestEngine:Current Test : TC_49_RTIntlCancelDepartingleg
2017-12-19 22:29:15-main--INFO -com.ctaf.accelerators.TestEngine: Able to get TscreenShot
2017-12-19 22:29:15-main--INFO -com.ctaf.accelerators.TestEngine: Able to get TscreenShot
2017-12-19 22:29:29-main--INFO -com.ctaf.accelerators.TestEngine:Current Test : TC_50_RTIntlCancelReturningleg
2017-12-19 22:33:01-main--INFO -com.ctaf.accelerators.TestEngine: Able to get TscreenShot
2017-12-19 22:33:01-main--INFO -com.ctaf.accelerators.TestEngine: Able to get TscreenShot
2017-12-19 22:33:19-main--INFO -com.ctaf.accelerators.TestEngine:Current Test : TC_51_RTIntlfullCancelVerifyMMB
2017-12-19 22:33:19-main--INFO -com.ctaf.accelerators.TestEngine: Able to get TscreenShot
2017-12-19 22:33:34-main--INFO -com.ctaf.accelerators.TestEngine:Current Test : TC_52_oneWayDomMMBChangeDateCancel
2017-12-19 22:36:37-main--INFO -com.ctaf.accelerators.TestEngine: Able to get TscreenShot
2017-12-19 22:36:37-main--INFO -com.ctaf.accelerators.TestEngine: Able to get TscreenShot
2017-12-19 22:36:54-main--INFO -com.ctaf.accelerators.TestEngine:Current Test : TC_53_oneWayDomMMBChangeDateCheckIn
2017-12-19 22:37:10-main--INFO -com.ctaf.accelerators.TestEngine: Able to get TscreenShot
2017-12-19 22:37:23-main--INFO -com.ctaf.accelerators.TestEngine:Current Test : TC_54_RtDOMBookingCheckinNaSmiles
2017-12-19 22:40:22-main--INFO -com.ctaf.accelerators.TestEngine: Able to get TscreenShot
2017-12-19 22:40:23-main--INFO -com.ctaf.accelerators.TestEngine: Able to get TscreenShot
2017-12-19 22:40:39-main--INFO -com.ctaf.accelerators.TestEngine:Current Test : TC_55_oneWayDomesticBusOneAdultAmexBookingAR
2017-12-19 22:43:45-main--INFO -com.ctaf.accelerators.TestEngine: Able to get TscreenShot
2017-12-19 22:44:00-main--INFO -com.ctaf.accelerators.TestEngine:Current Test : TC_56_RTDomBothLegMMBChangedateSeatsExtrasBaggageLounge
2017-12-19 22:46:52-main--INFO -com.ctaf.accelerators.TestEngine: Able to get TscreenShot
2017-12-19 22:46:53-main--INFO -com.ctaf.accelerators.TestEngine: Able to get TscreenShot
2017-12-19 22:47:09-main--INFO -com.ctaf.accelerators.TestEngine:Current Test : TC_57_RTDomDepartingLegMMBChangedateSeatsExtrasBaggageLounge
2017-12-19 22:49:59-main--INFO -com.ctaf.accelerators.TestEngine: Able to get TscreenShot
2017-12-19 22:49:59-main--INFO -com.ctaf.accelerators.TestEngine: Able to get TscreenShot
2017-12-19 22:50:15-main--INFO -com.ctaf.accelerators.TestEngine:Current Test : TC_58_RTDomReturningLegMMBChangedateSeatsExtrasBaggageLounge
2017-12-19 22:53:28-main--INFO -com.ctaf.accelerators.TestEngine: Able to get TscreenShot
2017-12-19 22:53:46-main--INFO -com.ctaf.accelerators.TestEngine:Current Test : TC_59_RTIntlReturningLegMMBChangedateSeatsExtrasBaggageLounge
2017-12-19 22:56:40-main--INFO -com.ctaf.accelerators.TestEngine: Able to get TscreenShot
2017-12-19 22:56:40-main--INFO -com.ctaf.accelerators.TestEngine: Able to get TscreenShot
2017-12-19 22:56:56-main--INFO -com.ctaf.accelerators.TestEngine:Current Test : TC_56_RTDomBothLegMMBChangedateSeatsExtrasBaggageLounge
2017-12-19 22:59:47-main--INFO -com.ctaf.accelerators.TestEngine: Able to get TscreenShot
2017-12-19 22:59:47-main--INFO -com.ctaf.accelerators.TestEngine: Able to get TscreenShot
