2017-12-05 12:07:09-main--INFO -com.ctaf.accelerators.TestEngine:Starting browser : Android
2017-12-05 12:07:47-main--INFO -com.ctaf.accelerators.TestEngine:Starting browser : Chrome
2017-12-05 12:08:25-main--INFO -com.ctaf.accelerators.TestEngine:Current Test : TC_21_updatemyProfileOfMemberDetails
2017-12-05 12:12:21-main--INFO -com.ctaf.accelerators.TestEngine: Unable to get TscreenShot
2017-12-05 12:45:49-main--INFO -com.ctaf.accelerators.TestEngine:Starting browser : Chrome
2017-12-05 12:46:05-main--INFO -com.ctaf.accelerators.TestEngine:Current Test : TC_21_updatemyProfileOfMemberDetails
2017-12-05 12:49:33-main--INFO -com.ctaf.accelerators.TestEngine: Unable to get TscreenShot
2017-12-05 12:56:19-main--INFO -com.ctaf.accelerators.TestEngine:Starting browser : Chrome
2017-12-05 12:56:35-main--INFO -com.ctaf.accelerators.TestEngine:Current Test : TC_20_memberRegistration
2017-12-05 12:57:47-main--INFO -com.ctaf.accelerators.TestEngine:Starting browser : Chrome
2017-12-05 12:58:04-main--INFO -com.ctaf.accelerators.TestEngine:Current Test : TC_20_memberRegistration
2017-12-05 13:06:24-main--INFO -com.ctaf.accelerators.TestEngine:Starting browser : Chrome
2017-12-05 13:06:39-main--INFO -com.ctaf.accelerators.TestEngine:Current Test : TC_20_memberRegistration
2017-12-05 13:14:43-main--INFO -com.ctaf.accelerators.TestEngine:Starting browser : Chrome
2017-12-05 13:15:00-main--INFO -com.ctaf.accelerators.TestEngine:Current Test : TC_20_memberRegistration
2017-12-05 13:21:29-main--INFO -com.ctaf.accelerators.TestEngine:Starting browser : Chrome
2017-12-05 13:21:44-main--INFO -com.ctaf.accelerators.TestEngine:Current Test : TC_20_memberRegistration
2017-12-05 13:25:59-main--INFO -com.ctaf.accelerators.TestEngine:Starting browser : Chrome
2017-12-05 13:26:15-main--INFO -com.ctaf.accelerators.TestEngine:Current Test : TC_20_memberRegistration
2017-12-05 13:30:00-main--INFO -com.ctaf.accelerators.TestEngine:Starting browser : Chrome
2017-12-05 13:30:15-main--INFO -com.ctaf.accelerators.TestEngine:Current Test : TC_20_memberRegistration
2017-12-05 13:31:35-main--INFO -com.ctaf.accelerators.TestEngine:Starting browser : Chrome
2017-12-05 13:31:52-main--INFO -com.ctaf.accelerators.TestEngine:Current Test : TC_21_updatemyProfileOfMemberDetails
2017-12-05 13:33:31-main--INFO -com.ctaf.accelerators.TestEngine: Unable to get TscreenShot
2017-12-05 13:37:52-main--INFO -com.ctaf.accelerators.TestEngine:Starting browser : Chrome
2017-12-05 13:38:07-main--INFO -com.ctaf.accelerators.TestEngine:Current Test : TC_21_updatemyProfileOfMemberDetails
2017-12-05 13:39:41-main--INFO -com.ctaf.accelerators.TestEngine: Unable to get TscreenShot
2017-12-05 13:42:31-main--INFO -com.ctaf.accelerators.TestEngine:Starting browser : Chrome
2017-12-05 13:42:47-main--INFO -com.ctaf.accelerators.TestEngine:Current Test : TC_21_updatemyProfileOfMemberDetails
2017-12-05 13:44:29-main--INFO -com.ctaf.accelerators.TestEngine: Unable to get TscreenShot
2017-12-05 14:45:02-main--INFO -com.ctaf.accelerators.TestEngine:Starting browser : Chrome
2017-12-05 14:45:21-main--INFO -com.ctaf.accelerators.TestEngine:Current Test : TC_21_updatemyProfileOfMemberDetails
2017-12-05 15:24:14-main--INFO -com.ctaf.accelerators.TestEngine:Starting browser : Chrome
2017-12-05 15:24:37-main--INFO -com.ctaf.accelerators.TestEngine:Current Test : TC_03_oneWayDomesticChangeDate
2017-12-05 15:59:28-main--INFO -com.ctaf.accelerators.TestEngine:Starting browser : Chrome
2017-12-05 15:59:49-main--INFO -com.ctaf.accelerators.TestEngine:Current Test : TC02b_RTDom1AdultSimpleclassCC
2017-12-05 16:02:36-main--INFO -com.ctaf.accelerators.TestEngine: Able to get TscreenShot
2017-12-05 16:04:32-main--INFO -com.ctaf.accelerators.TestEngine:Starting browser : Chrome
2017-12-05 16:04:51-main--INFO -com.ctaf.accelerators.TestEngine:Current Test : TC02a_oneWayDomesticSimpleCC
2017-12-05 16:09:48-main--INFO -com.ctaf.accelerators.TestEngine:Starting browser : Chrome
2017-12-05 16:10:07-main--INFO -com.ctaf.accelerators.TestEngine:Current Test : TC02b_RTDom1AdultSimpleclassCC
2017-12-05 16:13:18-main--INFO -com.ctaf.accelerators.TestEngine: Able to get TscreenShot
2017-12-05 16:37:14-main--INFO -com.ctaf.accelerators.TestEngine:Starting browser : Chrome
2017-12-05 16:37:29-main--INFO -com.ctaf.accelerators.TestEngine:Current Test : TC02c_RTDomBusiness1AdultCC
2017-12-05 16:58:13-main--INFO -com.ctaf.accelerators.TestEngine:Starting browser : Chrome
2017-12-05 16:58:29-main--INFO -com.ctaf.accelerators.TestEngine:Current Test : TC02d_RTDomExtra1Adult1ChildCC
2017-12-05 16:58:54-main--INFO -com.ctaf.accelerators.TestEngine: Able to get TscreenShot
2017-12-05 17:05:21-main--INFO -com.ctaf.accelerators.TestEngine:Starting browser : Chrome
2017-12-05 17:05:38-main--INFO -com.ctaf.accelerators.TestEngine:Current Test : TC02d_RTDomExtra1Adult1ChildCC
2017-12-05 17:06:07-main--INFO -com.ctaf.accelerators.TestEngine: Able to get TscreenShot
2017-12-05 17:07:26-main--INFO -com.ctaf.accelerators.TestEngine:Starting browser : Chrome
2017-12-05 17:07:43-main--INFO -com.ctaf.accelerators.TestEngine:Current Test : TC02d_RTDomExtra1Adult1ChildCC
2017-12-05 17:44:04-main--INFO -com.ctaf.accelerators.TestEngine:Starting browser : Chrome
2017-12-05 17:44:20-main--INFO -com.ctaf.accelerators.TestEngine:Current Test : TC04b_RtIntlOneAdultCheckin
2017-12-05 17:44:20-main--INFO -com.ctaf.accelerators.TestEngine: Able to get TscreenShot
2017-12-05 17:50:03-main--INFO -com.ctaf.accelerators.TestEngine:Starting browser : Chrome
2017-12-05 17:50:20-main--INFO -com.ctaf.accelerators.TestEngine:Current Test : TC04b_RtIntlOneAdultCheckin
2017-12-05 17:54:59-main--INFO -com.ctaf.accelerators.TestEngine: Able to get TscreenShot
2017-12-05 18:12:19-main--INFO -com.ctaf.accelerators.TestEngine:Starting browser : Chrome
2017-12-05 18:12:33-main--INFO -com.ctaf.accelerators.TestEngine:Current Test : TC04b_RtIntlOneAdultCheckin
2017-12-05 18:16:21-main--INFO -com.ctaf.accelerators.TestEngine: Able to get TscreenShot
2017-12-05 18:16:21-main--INFO -com.ctaf.accelerators.TestEngine: Able to get TscreenShot
2017-12-05 18:21:40-main--INFO -com.ctaf.accelerators.TestEngine:Starting browser : Chrome
2017-12-05 18:21:53-main--INFO -com.ctaf.accelerators.TestEngine:Current Test : TC04b_RtIntlOneAdultCheckinFail
2017-12-05 18:25:35-main--INFO -com.ctaf.accelerators.TestEngine: Able to get TscreenShot
2017-12-05 18:25:36-main--INFO -com.ctaf.accelerators.TestEngine: Able to get TscreenShot
2017-12-05 18:48:49-main--INFO -com.ctaf.accelerators.TestEngine:Starting browser : Chrome
2017-12-05 18:49:07-main--INFO -com.ctaf.accelerators.TestEngine:Current Test : TC04b_RtIntlOneAdultCheckinFail
2017-12-05 19:18:54-main--INFO -com.ctaf.accelerators.TestEngine:Starting browser : Chrome
2017-12-05 19:19:08-main--INFO -com.ctaf.accelerators.TestEngine:Current Test : TC02e_RTDomExtra1Adult1ChildCC
2017-12-05 19:20:29-main--INFO -com.ctaf.accelerators.TestEngine:Starting browser : Chrome
2017-12-05 19:20:47-main--INFO -com.ctaf.accelerators.TestEngine:Current Test : TC02c_RTDomBusiness1AdultCC
2017-12-05 19:28:13-main--INFO -com.ctaf.accelerators.TestEngine:Starting browser : Chrome
2017-12-05 19:28:29-main--INFO -com.ctaf.accelerators.TestEngine:Current Test : TC02e_RTDomExtra1Adult1ChildCC
2017-12-05 20:37:23-main--INFO -com.ctaf.accelerators.TestEngine:Starting browser : Chrome
2017-12-05 20:37:39-main--INFO -com.ctaf.accelerators.TestEngine:Current Test : TC_27_redemptionBookingwithBronzeMember
2017-12-05 20:38:30-main--INFO -com.ctaf.accelerators.TestEngine: Able to get TscreenShot
2017-12-05 20:43:05-main--INFO -com.ctaf.accelerators.TestEngine:Starting browser : Chrome
2017-12-05 20:43:24-main--INFO -com.ctaf.accelerators.TestEngine:Current Test : TC_27_redemptionBookingwithBronzeMember
2017-12-05 20:44:16-main--INFO -com.ctaf.accelerators.TestEngine: Able to get TscreenShot
2017-12-05 20:45:52-main--INFO -com.ctaf.accelerators.TestEngine:Starting browser : Chrome
2017-12-05 20:46:08-main--INFO -com.ctaf.accelerators.TestEngine:Current Test : TC_27_redemptionBookingwithBronzeMember
2017-12-05 20:47:39-main--INFO -com.ctaf.accelerators.TestEngine: Able to get TscreenShot
2017-12-05 20:47:40-main--INFO -com.ctaf.accelerators.TestEngine: Able to get TscreenShot
2017-12-05 20:53:22-main--INFO -com.ctaf.accelerators.TestEngine:Starting browser : Chrome
2017-12-05 20:53:37-main--INFO -com.ctaf.accelerators.TestEngine:Current Test : TC_27_redemptionBookingwithBronzeMember
2017-12-05 20:54:51-main--INFO -com.ctaf.accelerators.TestEngine: Able to get TscreenShot
2017-12-05 20:58:46-main--INFO -com.ctaf.accelerators.TestEngine:Starting browser : Chrome
2017-12-05 20:59:06-main--INFO -com.ctaf.accelerators.TestEngine:Current Test : TC_27_redemptionBookingwithBronzeMember
2017-12-05 21:01:15-main--INFO -com.ctaf.accelerators.TestEngine: Able to get TscreenShot
2017-12-05 21:01:16-main--INFO -com.ctaf.accelerators.TestEngine: Able to get TscreenShot
2017-12-05 21:04:34-main--INFO -com.ctaf.accelerators.TestEngine:Starting browser : Chrome
2017-12-05 21:04:52-main--INFO -com.ctaf.accelerators.TestEngine:Current Test : TC_27_redemptionBookingwithBronzeMember
2017-12-05 21:16:53-main--INFO -com.ctaf.accelerators.TestEngine:Starting browser : Chrome
2017-12-05 21:17:12-main--INFO -com.ctaf.accelerators.TestEngine:Current Test : TC_27_redemptionBookingwithBronzeMember
2017-12-05 21:29:31-main--INFO -com.ctaf.accelerators.TestEngine:Starting browser : Chrome
2017-12-05 21:29:48-main--INFO -com.ctaf.accelerators.TestEngine:Current Test : TC_01_oneWayDomesticEconomy_RUH_JED
2017-12-05 21:29:48-main--INFO -com.ctaf.accelerators.TestEngine: Able to get TscreenShot
