2018-01-22 12:16:37-main--INFO -com.ctaf.accelerators.TestEngine:Starting browser : chrome
2018-01-22 12:17:11-main--INFO -com.ctaf.accelerators.TestEngine:Current Test : TC_02_a_oneWayDomSimple1AdultCC
2018-01-22 12:19:58-main--INFO -com.ctaf.accelerators.TestEngine: Able to get TscreenShot
2018-01-22 12:20:19-main--INFO -com.ctaf.accelerators.TestEngine:Current Test : TC_02_b_oneWayDomBusiness1AdultCC
2018-01-22 12:23:57-main--INFO -com.ctaf.accelerators.TestEngine:Current Test : TC_02_c_RTDomSimple1AdultCC
2018-01-22 12:27:34-main--INFO -com.ctaf.accelerators.TestEngine: Able to get TscreenShot
2018-01-22 12:27:35-main--INFO -com.ctaf.accelerators.TestEngine: Able to get TscreenShot
2018-01-22 12:27:56-main--INFO -com.ctaf.accelerators.TestEngine:Current Test : TC_02d_RTDomBusiness1AdultCC
2018-01-22 12:31:06-main--INFO -com.ctaf.accelerators.TestEngine: Able to get TscreenShot
2018-01-22 12:31:07-main--INFO -com.ctaf.accelerators.TestEngine: Able to get TscreenShot
2018-01-22 12:59:57-main--INFO -com.ctaf.accelerators.TestEngine:Starting browser : chrome
2018-01-22 13:00:18-main--INFO -com.ctaf.accelerators.TestEngine:Current Test : TC_02_a_oneWayDomSimple1AdultCC
2018-01-22 13:03:57-main--INFO -com.ctaf.accelerators.TestEngine: Able to get TscreenShot
2018-01-22 13:03:57-main--INFO -com.ctaf.accelerators.TestEngine: Able to get TscreenShot
2018-01-22 13:04:23-main--INFO -com.ctaf.accelerators.TestEngine:Current Test : TC_02_b_oneWayDomBusiness1AdultCC
2018-01-22 13:07:48-main--INFO -com.ctaf.accelerators.TestEngine: Able to get TscreenShot
2018-01-22 13:07:48-main--INFO -com.ctaf.accelerators.TestEngine: Able to get TscreenShot
2018-01-22 13:08:10-main--INFO -com.ctaf.accelerators.TestEngine:Current Test : TC_02_c_RTDomSimple1AdultCC
2018-01-22 13:11:47-main--INFO -com.ctaf.accelerators.TestEngine: Able to get TscreenShot
2018-01-22 13:11:48-main--INFO -com.ctaf.accelerators.TestEngine: Able to get TscreenShot
2018-01-22 13:12:11-main--INFO -com.ctaf.accelerators.TestEngine:Current Test : TC_02d_RTDomBusiness1AdultCC
2018-01-22 13:15:18-main--INFO -com.ctaf.accelerators.TestEngine: Able to get TscreenShot
2018-01-22 13:15:18-main--INFO -com.ctaf.accelerators.TestEngine: Able to get TscreenShot
2018-01-22 13:40:15-main--INFO -com.ctaf.accelerators.TestEngine:Starting browser : chrome
2018-01-22 13:40:34-main--INFO -com.ctaf.accelerators.TestEngine:Current Test : TC_02_a_oneWayDomSimple1AdultCC
2018-01-22 13:44:19-main--INFO -com.ctaf.accelerators.TestEngine:Current Test : TC_02_b_oneWayDomBusiness1AdultCC
2018-01-22 13:47:39-main--INFO -com.ctaf.accelerators.TestEngine:Current Test : TC_02_c_RTDomSimple1AdultCC
2018-01-22 13:51:13-main--INFO -com.ctaf.accelerators.TestEngine: Able to get TscreenShot
2018-01-22 13:51:13-main--INFO -com.ctaf.accelerators.TestEngine: Able to get TscreenShot
2018-01-22 13:51:35-main--INFO -com.ctaf.accelerators.TestEngine:Current Test : TC_02d_RTDomBusiness1AdultCC
2018-01-22 13:54:51-main--INFO -com.ctaf.accelerators.TestEngine: Able to get TscreenShot
2018-01-22 13:54:51-main--INFO -com.ctaf.accelerators.TestEngine: Able to get TscreenShot
2018-01-22 14:20:06-main--INFO -com.ctaf.accelerators.TestEngine:Starting browser : chrome
2018-01-22 14:20:30-main--INFO -com.ctaf.accelerators.TestEngine:Current Test : TC_02_a_oneWayDomSimple1AdultCC
2018-01-22 14:24:14-main--INFO -com.ctaf.accelerators.TestEngine: Able to get TscreenShot
2018-01-22 14:24:14-main--INFO -com.ctaf.accelerators.TestEngine: Able to get TscreenShot
2018-01-22 14:24:35-main--INFO -com.ctaf.accelerators.TestEngine:Current Test : TC_02_b_oneWayDomBusiness1AdultCC
2018-01-22 14:27:56-main--INFO -com.ctaf.accelerators.TestEngine: Able to get TscreenShot
2018-01-22 14:27:57-main--INFO -com.ctaf.accelerators.TestEngine: Able to get TscreenShot
2018-01-22 14:28:18-main--INFO -com.ctaf.accelerators.TestEngine:Current Test : TC_02_c_RTDomSimple1AdultCC
2018-01-22 14:32:00-main--INFO -com.ctaf.accelerators.TestEngine: Able to get TscreenShot
2018-01-22 14:32:01-main--INFO -com.ctaf.accelerators.TestEngine: Able to get TscreenShot
2018-01-22 14:32:19-main--INFO -com.ctaf.accelerators.TestEngine:Current Test : TC_02d_RTDomBusiness1AdultCC
2018-01-22 14:35:36-main--INFO -com.ctaf.accelerators.TestEngine: Able to get TscreenShot
2018-01-22 14:35:37-main--INFO -com.ctaf.accelerators.TestEngine: Able to get TscreenShot
2018-01-22 14:35:51-main--INFO -com.ctaf.accelerators.TestEngine:Starting browser : chrome
2018-01-22 14:36:08-main--INFO -com.ctaf.accelerators.TestEngine:Current Test : TC_02_a_oneWayDomSimple1AdultCC
2018-01-22 14:37:58-main--INFO -com.ctaf.accelerators.TestEngine: Able to get TscreenShot
2018-01-22 14:38:20-main--INFO -com.ctaf.accelerators.TestEngine:Current Test : TC_02_b_oneWayDomBusiness1AdultCC
2018-01-22 14:41:49-main--INFO -com.ctaf.accelerators.TestEngine: Able to get TscreenShot
2018-01-22 14:41:49-main--INFO -com.ctaf.accelerators.TestEngine: Able to get TscreenShot
2018-01-22 14:42:07-main--INFO -com.ctaf.accelerators.TestEngine:Current Test : TC_02_c_RTDomSimple1AdultCC
2018-01-22 14:45:42-main--INFO -com.ctaf.accelerators.TestEngine:Current Test : TC_02d_RTDomBusiness1AdultCC
2018-01-22 15:18:09-main--INFO -com.ctaf.accelerators.TestEngine:Starting browser : chrome
2018-01-22 15:19:16-main--INFO -com.ctaf.accelerators.TestEngine:Starting browser : chrome
2018-01-22 15:19:39-main--INFO -com.ctaf.accelerators.TestEngine:Current Test : TC_02e_RTIntlBusiness1AdultCC
2018-01-22 15:24:33-main--INFO -com.ctaf.accelerators.TestEngine:Current Test : TC_02_f_RTDomExtra1Adult1ChildCC
2018-01-22 15:29:53-main--INFO -com.ctaf.accelerators.TestEngine:Starting browser : chrome
2018-01-22 15:30:14-main--INFO -com.ctaf.accelerators.TestEngine:Current Test : TC_02e_RTIntlBusiness1AdultCC
2018-01-22 15:38:44-main--INFO -com.ctaf.accelerators.TestEngine:Starting browser : chrome
2018-01-22 15:39:01-main--INFO -com.ctaf.accelerators.TestEngine:Current Test : TC_02e_RTIntlBusiness1AdultCC
2018-01-22 15:43:15-main--INFO -com.ctaf.accelerators.TestEngine: Able to get TscreenShot
2018-01-22 15:43:16-main--INFO -com.ctaf.accelerators.TestEngine: Able to get TscreenShot
