2018-01-18 16:34:48-main--INFO -com.ctaf.accelerators.TestEngine:Starting browser : chrome
2018-01-18 16:35:31-main--INFO -com.ctaf.accelerators.TestEngine:Current Test : TC_01_a_memberRegistration
2018-01-18 18:38:05-main--INFO -com.ctaf.accelerators.TestEngine:Starting browser : chrome
2018-01-18 18:38:05-main--INFO -com.ctaf.accelerators.TestEngine:Starting browser : chrome
2018-01-18 18:38:57-main--INFO -com.ctaf.accelerators.TestEngine:Current Test : TC_02_a_oneWayDomSimple1AdultCC
2018-01-18 18:39:04-main--INFO -com.ctaf.accelerators.TestEngine:Current Test : TC_03_oneWayDomesticChangeDate
2018-01-18 18:39:50-main--INFO -com.ctaf.accelerators.TestEngine: Able to get TscreenShot
2018-01-18 18:40:19-main--INFO -com.ctaf.accelerators.TestEngine:Current Test : TC03b_oneWayIntlChangeDate
2018-01-18 18:42:58-main--INFO -com.ctaf.accelerators.TestEngine:Current Test : TC_02_b_oneWayDomBusiness1AdultCC
2018-01-18 18:46:07-main--INFO -com.ctaf.accelerators.TestEngine:Current Test : TC_10_OwMultiSimpleIntlCordshareBookingMMB
2018-01-18 18:46:47-main--INFO -com.ctaf.accelerators.TestEngine: Able to get TscreenShot
2018-01-18 18:46:48-main--INFO -com.ctaf.accelerators.TestEngine: Able to get TscreenShot
2018-01-18 18:47:05-main--INFO -com.ctaf.accelerators.TestEngine:Current Test : TC_02_c_RTDomSimple1AdultCC
2018-01-18 18:47:51-main--INFO -com.ctaf.accelerators.TestEngine: Able to get TscreenShot
2018-01-18 18:48:10-main--INFO -com.ctaf.accelerators.TestEngine:Current Test : TC_02d_RTDomBusiness1AdultCC
2018-01-18 18:49:32-main--INFO -com.ctaf.accelerators.TestEngine:Current Test : TC_35_AnonymousOneWayDomesticEconomy_MMB_ModifyExtrasSeat
2018-01-18 18:51:22-main--INFO -com.ctaf.accelerators.TestEngine: Able to get TscreenShot
2018-01-18 18:51:23-main--INFO -com.ctaf.accelerators.TestEngine: Able to get TscreenShot
2018-01-18 18:51:39-main--INFO -com.ctaf.accelerators.TestEngine:Current Test : TC_02e_RTIntlBusiness1AdultCC
2018-01-18 18:52:22-main--INFO -com.ctaf.accelerators.TestEngine: Able to get TscreenShot
2018-01-18 18:52:39-main--INFO -com.ctaf.accelerators.TestEngine:Current Test : TC_02_f_RTDomExtra1Adult1ChildCC
2018-01-18 18:53:23-main--INFO -com.ctaf.accelerators.TestEngine: Able to get TscreenShot
2018-01-18 18:53:39-main--INFO -com.ctaf.accelerators.TestEngine:Current Test : TC_02_g_oneWayDomesticSimpleSADAD
2018-01-18 18:55:30-main--INFO -com.ctaf.accelerators.TestEngine:Current Test : TC_35_b_AnonymousOwIntlEconomy_MMB_ModifyExtrasSeat
2018-01-18 18:55:58-main--INFO -com.ctaf.accelerators.TestEngine: Able to get TscreenShot
2018-01-18 18:56:14-main--INFO -com.ctaf.accelerators.TestEngine:Current Test : TC_06_oneWay2InternationalEco
2018-01-18 18:59:12-main--INFO -com.ctaf.accelerators.TestEngine: Able to get TscreenShot
2018-01-18 18:59:30-main--INFO -com.ctaf.accelerators.TestEngine:Current Test : TC_45_oneWayDomCancelverifyMMB
2018-01-18 19:00:13-main--INFO -com.ctaf.accelerators.TestEngine: Able to get TscreenShot
2018-01-18 19:00:23-main--INFO -com.ctaf.accelerators.TestEngine:Current Test : TC_07_RTDom4adultBusinessCC
2018-01-18 19:00:30-main--INFO -com.ctaf.accelerators.TestEngine:Current Test : TC_46_RTDomfullCancelVerifyMMB
2018-01-18 19:04:41-main--INFO -com.ctaf.accelerators.TestEngine:Current Test : TC_08_RTInt1adult1Child1infantBus
2018-01-18 19:05:36-main--INFO -com.ctaf.accelerators.TestEngine:Current Test : TC_47_RTDomCancelDepartingleg
2018-01-18 19:06:20-main--INFO -com.ctaf.accelerators.TestEngine: Able to get TscreenShot
2018-01-18 19:06:37-main--INFO -com.ctaf.accelerators.TestEngine:Current Test : TC_48_RTDomCancelReturningleg
2018-01-18 19:07:22-main--INFO -com.ctaf.accelerators.TestEngine: Able to get TscreenShot
2018-01-18 19:07:39-main--INFO -com.ctaf.accelerators.TestEngine:Current Test : TC_49_RTIntlCancelDepartingleg
2018-01-18 19:08:18-main--INFO -com.ctaf.accelerators.TestEngine:Current Test : TC_11oneAdultoneChildoneInfantPartCodeShare
2018-01-18 19:08:55-main--INFO -com.ctaf.accelerators.TestEngine: Able to get TscreenShot
2018-01-18 19:09:18-main--INFO -com.ctaf.accelerators.TestEngine:Current Test : TC_12_PayWithCreditShell
2018-01-18 19:12:17-main--INFO -com.ctaf.accelerators.TestEngine:Current Test : TC_50_RTIntlCancelReturningleg
2018-01-18 19:13:00-main--INFO -com.ctaf.accelerators.TestEngine: Able to get TscreenShot
2018-01-18 19:13:17-main--INFO -com.ctaf.accelerators.TestEngine:Current Test : TC_51_RTIntlfullCancelVerifyMMB
2018-01-18 19:13:17-main--INFO -com.ctaf.accelerators.TestEngine: Able to get TscreenShot
2018-01-18 19:13:33-main--INFO -com.ctaf.accelerators.TestEngine:Current Test : TC_52_oneWayDomMMBChangeDateCancel
2018-01-18 19:16:27-main--INFO -com.ctaf.accelerators.TestEngine:Current Test : TC_13_onewayDomesticwithUSdollars
2018-01-18 19:19:23-main--INFO -com.ctaf.accelerators.TestEngine:Current Test : TC_56_RTDomBothLegMMBChangedateSeatsExtrasBaggageLounge
2018-01-18 19:19:32-main--INFO -com.ctaf.accelerators.TestEngine:Current Test : TC_14_oneWayDomesticwithEuro
2018-01-18 19:20:09-main--INFO -com.ctaf.accelerators.TestEngine: Able to get TscreenShot
2018-01-18 19:20:27-main--INFO -com.ctaf.accelerators.TestEngine:Current Test : TC_57_RTDomDepartingLegMMBChangedateSeatsExtrasBaggageLounge
2018-01-18 19:22:17-main--INFO -com.ctaf.accelerators.TestEngine:Current Test : TC_24_anonymousRtDomestic4AdultBusinessAR
2018-01-18 19:25:49-main--INFO -com.ctaf.accelerators.TestEngine:Current Test : TC_26_anonymousRtDomestic4AdultBusinessTR
2018-01-18 19:26:00-main--INFO -com.ctaf.accelerators.TestEngine: Able to get TscreenShot
2018-01-18 19:26:17-main--INFO -com.ctaf.accelerators.TestEngine:Current Test : TC_58_RTDomReturningLegMMBChangedateSeatsExtrasBaggageLounge
2018-01-18 19:26:35-main--INFO -com.ctaf.accelerators.TestEngine: Able to get TscreenShot
2018-01-18 19:26:57-main--INFO -com.ctaf.accelerators.TestEngine:Current Test : TC_59_RTIntlReturningLegMMBChangedateSeatsExtrasBaggageLounge
2018-01-18 19:27:40-main--INFO -com.ctaf.accelerators.TestEngine: Able to get TscreenShot
2018-01-18 19:27:56-main--INFO -com.ctaf.accelerators.TestEngine:Current Test : TC_56_RTDomBothLegMMBChangedateSeatsExtrasBaggageLounge
2018-01-18 19:29:03-main--INFO -com.ctaf.accelerators.TestEngine:Current Test : TC_27a_redemptionBookingwithBronzeMember
2018-01-18 19:30:54-main--INFO -com.ctaf.accelerators.TestEngine: Able to get TscreenShot
2018-01-18 19:31:11-main--INFO -com.ctaf.accelerators.TestEngine:Current Test : TC27b_BookingwithinsufficientBronzepoints
2018-01-18 19:33:36-main--INFO -com.ctaf.accelerators.TestEngine: Able to get TscreenShot
2018-01-18 19:33:53-main--INFO -com.ctaf.accelerators.TestEngine: Able to get TscreenShot
2018-01-18 19:34:22-main--INFO -com.ctaf.accelerators.TestEngine:Current Test : TC_28_redemptionBookingwithSilverMember
2018-01-18 19:37:26-main--INFO -com.ctaf.accelerators.TestEngine: Able to get TscreenShot
2018-01-18 19:37:26-main--INFO -com.ctaf.accelerators.TestEngine: Able to get TscreenShot
2018-01-18 19:37:43-main--INFO -com.ctaf.accelerators.TestEngine:Current Test : TC_29_redemptionBookingwithGoldMember
2018-01-18 19:39:32-main--INFO -com.ctaf.accelerators.TestEngine: Able to get TscreenShot
2018-01-18 19:39:52-main--INFO -com.ctaf.accelerators.TestEngine:Current Test : TC_30_redemptionBookingwithPlatinumMember
2018-01-18 19:43:02-main--INFO -com.ctaf.accelerators.TestEngine: Able to get TscreenShot
2018-01-18 19:43:02-main--INFO -com.ctaf.accelerators.TestEngine: Able to get TscreenShot
2018-01-18 19:43:29-main--INFO -com.ctaf.accelerators.TestEngine:Current Test : TC_31_anonymousVerifingBoardingPassVlues
2018-01-18 19:48:15-main--INFO -com.ctaf.accelerators.TestEngine: Able to get TscreenShot
2018-01-18 19:48:33-main--INFO -com.ctaf.accelerators.TestEngine:Current Test : TC_32_anonymousReissueTheTicketWithHigherFare
2018-01-18 19:51:31-main--INFO -com.ctaf.accelerators.TestEngine:Current Test : TC_33_anonymousRevalidateTheTicketWithSameFare
2018-01-18 19:56:43-main--INFO -com.ctaf.accelerators.TestEngine:Current Test : TC_34_BaggageValidation
2018-01-18 19:57:26-main--INFO -com.ctaf.accelerators.TestEngine: Able to get TscreenShot
2018-01-18 19:57:45-main--INFO -com.ctaf.accelerators.TestEngine:Current Test : TC_55_oneWayDomesticBusOneAdultAmexBookingAR
2018-01-18 19:58:18-main--INFO -com.ctaf.accelerators.TestEngine: Able to get TscreenShot
