2017-12-20 15:15:10-main--INFO -com.ctaf.accelerators.TestEngine:Starting browser : Chrome
2017-12-20 15:15:27-main--INFO -com.ctaf.accelerators.TestEngine:Current Test : TC_01_oneWayDomesticBusiness
2017-12-20 15:20:23-main--INFO -com.ctaf.accelerators.TestEngine:Starting browser : Chrome
2017-12-20 15:20:40-main--INFO -com.ctaf.accelerators.TestEngine:Current Test : TC_01_oneWayDomesticBusiness
2017-12-20 15:23:48-main--INFO -com.ctaf.accelerators.TestEngine: Able to get TscreenShot
2017-12-20 15:23:49-main--INFO -com.ctaf.accelerators.TestEngine: Able to get TscreenShot
2017-12-20 15:24:50-main--INFO -com.ctaf.accelerators.TestEngine:Starting browser : Chrome
2017-12-20 15:25:01-main--INFO -com.ctaf.accelerators.TestEngine:Current Test : TC_01_oneWayDomesticBusiness
2017-12-20 15:33:09-main--INFO -com.ctaf.accelerators.TestEngine:Starting browser : Chrome
2017-12-20 15:33:35-main--INFO -com.ctaf.accelerators.TestEngine:Current Test : TC_01_oneWayDomesticBusiness
2017-12-20 15:36:53-main--INFO -com.ctaf.accelerators.TestEngine: Able to get TscreenShot
2017-12-20 18:12:14-main--INFO -com.ctaf.accelerators.TestEngine:Android
2017-12-20 18:13:02-main--INFO -com.ctaf.accelerators.TestEngine:Current Test : TC_01_oneWayDomesticEcoSADAD
2017-12-20 18:13:49-main--INFO -com.ctaf.accelerators.TestEngine: Able to get TscreenShot
2017-12-20 18:14:41-main--INFO -com.ctaf.accelerators.TestEngine:Android
2017-12-20 18:14:58-main--INFO -com.ctaf.accelerators.TestEngine:Current Test : TC_01_oneWayDomesticEcoSADAD
2017-12-20 18:16:13-main--INFO -com.ctaf.accelerators.TestEngine: Able to get TscreenShot
2017-12-20 18:16:16-main--INFO -com.ctaf.accelerators.TestEngine:Current Test : TC_11_oneAudaltOneChildOneInfantPartCordShare
2017-12-20 18:17:58-main--INFO -com.ctaf.accelerators.TestEngine: Able to get TscreenShot
2017-12-20 18:18:01-main--INFO -com.ctaf.accelerators.TestEngine:Current Test : TC_02_oneWayDomesticBusinessCC
2017-12-20 18:19:45-main--INFO -com.ctaf.accelerators.TestEngine: Able to get TscreenShot
2017-12-20 18:19:48-main--INFO -com.ctaf.accelerators.TestEngine:Current Test : TC_12_PayWithCreditShell
2017-12-20 18:21:31-main--INFO -com.ctaf.accelerators.TestEngine: Able to get TscreenShot
2017-12-20 18:21:34-main--INFO -com.ctaf.accelerators.TestEngine:Current Test : TC_03_oneWayDomesticEcoChangeDate
2017-12-20 18:23:19-main--INFO -com.ctaf.accelerators.TestEngine: Able to get TscreenShot
2017-12-20 18:23:22-main--INFO -com.ctaf.accelerators.TestEngine:Current Test : TC_13_oneWayDomesticEconomyCCUSD
2017-12-20 18:26:47-main--INFO -com.ctaf.accelerators.TestEngine:Android
2017-12-20 18:27:04-main--INFO -com.ctaf.accelerators.TestEngine:Current Test : TC_01_oneWayDomesticEcoSADAD
2017-12-20 18:28:46-main--INFO -com.ctaf.accelerators.TestEngine: Able to get TscreenShot
2017-12-20 18:28:49-main--INFO -com.ctaf.accelerators.TestEngine:Current Test : TC_11_oneAudaltOneChildOneInfantPartCordShare
2017-12-20 18:42:42-main--INFO -com.ctaf.accelerators.TestEngine:Android
2017-12-20 18:43:30-main--INFO -com.ctaf.accelerators.TestEngine:Current Test : TC_01_oneWayDomesticEcoSADAD
2017-12-20 18:44:46-main--INFO -com.ctaf.accelerators.TestEngine: Able to get TscreenShot
2017-12-20 18:44:49-main--INFO -com.ctaf.accelerators.TestEngine:Current Test : TC_11_oneAudaltOneChildOneInfantPartCordShare
2017-12-20 18:47:47-main--INFO -com.ctaf.accelerators.TestEngine: Able to get TscreenShot
2017-12-20 18:47:50-main--INFO -com.ctaf.accelerators.TestEngine:Current Test : TC_02_oneWayDomesticBusinessCC
2017-12-20 18:52:40-main--INFO -com.ctaf.accelerators.TestEngine:Current Test : TC_12_PayWithCreditShell
2017-12-20 18:59:16-main--INFO -com.ctaf.accelerators.TestEngine: Able to get TscreenShot
2017-12-20 18:59:20-main--INFO -com.ctaf.accelerators.TestEngine:Current Test : TC_03_oneWayDomesticEcoChangeDate
2017-12-20 19:01:06-main--INFO -com.ctaf.accelerators.TestEngine: Able to get TscreenShot
2017-12-20 19:01:09-main--INFO -com.ctaf.accelerators.TestEngine:Current Test : TC_13_oneWayDomesticEconomyCCUSD
2017-12-20 19:02:55-main--INFO -com.ctaf.accelerators.TestEngine: Able to get TscreenShot
2017-12-20 19:02:58-main--INFO -com.ctaf.accelerators.TestEngine:Current Test : TC_04_oneWayDomOneAdultCheckin
2017-12-20 19:04:42-main--INFO -com.ctaf.accelerators.TestEngine: Able to get TscreenShot
2017-12-20 19:04:45-main--INFO -com.ctaf.accelerators.TestEngine:Current Test : TC_14_oneWayDomesticEconomyCCEuro
2017-12-20 19:06:31-main--INFO -com.ctaf.accelerators.TestEngine: Able to get TscreenShot
2017-12-20 19:06:34-main--INFO -com.ctaf.accelerators.TestEngine:Current Test : TC_05_oneWayDomNineAdultCheckin
2017-12-20 19:10:28-main--INFO -com.ctaf.accelerators.TestEngine: Able to get TscreenShot
2017-12-20 19:10:31-main--INFO -com.ctaf.accelerators.TestEngine:Current Test : TC_15_verifingFareSummaryPrices
2017-12-20 19:12:38-main--INFO -com.ctaf.accelerators.TestEngine:Current Test : TC_06_oneWayInterTwoAdultEco
2017-12-20 19:15:03-main--INFO -com.ctaf.accelerators.TestEngine: Able to get TscreenShot
2017-12-20 19:15:07-main--INFO -com.ctaf.accelerators.TestEngine:Current Test : TC_07_roundTripDomFourAdultBusins
2017-12-20 19:18:57-main--INFO -com.ctaf.accelerators.TestEngine: Able to get TscreenShot
2017-12-20 19:19:00-main--INFO -com.ctaf.accelerators.TestEngine:Current Test : TC_08_RTInt1ad1Ch1InBusExtra
2017-12-20 19:22:47-main--INFO -com.ctaf.accelerators.TestEngine: Able to get TscreenShot
2017-12-20 19:22:50-main--INFO -com.ctaf.accelerators.TestEngine:Current Test : TC_09_RTInt1ad1Ch1InEcoExtras
2017-12-20 19:27:17-main--INFO -com.ctaf.accelerators.TestEngine: Able to get TscreenShot
