2018-01-14 18:22:55-main--INFO -com.ctaf.accelerators.TestEngine:Starting browser : chrome
2018-01-14 18:23:25-main--INFO -com.ctaf.accelerators.TestEngine:Current Test : TC_01_a_memberRegistration
2018-01-14 18:24:44-main--INFO -com.ctaf.accelerators.TestEngine:Current Test : TC_01_b_verifyRegistrationFailureWithExistingMailID
2018-01-14 18:25:36-main--INFO -com.ctaf.accelerators.TestEngine:Current Test : TC_01_c_VerifyAlertChildRegistrationNBooking
2018-01-14 18:27:19-main--INFO -com.ctaf.accelerators.TestEngine:Current Test : TC_01_d_updatemyProfileOfMemberDetails
2018-01-14 18:29:11-main--INFO -com.ctaf.accelerators.TestEngine:Current Test : TC_01_e_VerifyAccLockOn10IncorrectPswdEntries
2018-01-14 18:31:22-main--INFO -com.ctaf.accelerators.TestEngine:Current Test : TC_01_f_resetPasswordusingmyProfile
2018-01-14 18:32:47-main--INFO -com.ctaf.accelerators.TestEngine:Current Test : TC_02_a_oneWayDomSimple1AdultCC
2018-01-14 18:36:45-main--INFO -com.ctaf.accelerators.TestEngine:Current Test : TC_02_b_oneWayDomBusiness1AdultCC
2018-01-14 18:40:10-main--INFO -com.ctaf.accelerators.TestEngine:Current Test : TC_02_c_RTDomSimple1AdultCC
2018-01-14 18:44:04-main--INFO -com.ctaf.accelerators.TestEngine:Current Test : TC_02d_RTDomBusiness1AdultCC
2018-01-14 18:47:27-main--INFO -com.ctaf.accelerators.TestEngine:Current Test : TC_02e_RTIntlBusiness1AdultCC
2018-01-14 18:51:02-main--INFO -com.ctaf.accelerators.TestEngine:Current Test : TC_02_f_RTDomExtra1Adult1ChildCC
2018-01-14 18:55:06-main--INFO -com.ctaf.accelerators.TestEngine:Current Test : TC_02_g_oneWayDomesticSimpleSADAD
2018-01-14 18:57:29-main--INFO -com.ctaf.accelerators.TestEngine: Able to get TscreenShot
2018-01-14 18:57:50-main--INFO -com.ctaf.accelerators.TestEngine:Current Test : TC04a_oneWaySimpleDomOneAdultCheckin
2018-01-14 19:02:55-main--INFO -com.ctaf.accelerators.TestEngine:Current Test : TC04b_RtIntlOneAdultCheckinFail
2018-01-14 19:06:49-main--INFO -com.ctaf.accelerators.TestEngine:Current Test : TC_06_oneWay2InternationalEco
2018-01-14 19:10:23-main--INFO -com.ctaf.accelerators.TestEngine:Current Test : TC_07_RTDom4adultBusinessCC
2018-01-14 19:14:34-main--INFO -com.ctaf.accelerators.TestEngine:Current Test : TC_08_RTInt1adult1Child1infantBus
2018-01-14 19:17:54-main--INFO -com.ctaf.accelerators.TestEngine:Current Test : TC_10_OwMultiSimpleIntlCordshareBookingMMB
2018-01-14 19:21:03-main--INFO -com.ctaf.accelerators.TestEngine:Current Test : TC_11oneAdultoneChildoneInfantPartCodeShare
2018-01-14 19:21:32-main--INFO -com.ctaf.accelerators.TestEngine: Able to get TscreenShot
2018-01-14 19:21:48-main--INFO -com.ctaf.accelerators.TestEngine:Current Test : TC_12_PayWithCreditShell
2018-01-14 19:25:47-main--INFO -com.ctaf.accelerators.TestEngine: Able to get TscreenShot
2018-01-14 19:25:47-main--INFO -com.ctaf.accelerators.TestEngine: Able to get TscreenShot
2018-01-14 19:26:03-main--INFO -com.ctaf.accelerators.TestEngine:Current Test : TC_13_onewayDomesticwithUSdollars
2018-01-14 19:28:43-main--INFO -com.ctaf.accelerators.TestEngine:Current Test : TC_14_oneWayDomesticwithEuro
2018-01-14 19:31:31-main--INFO -com.ctaf.accelerators.TestEngine:Current Test : TC_15_EmpLoginOnewayOneAdultStaffStandByChangFlightCancel
2018-01-14 19:33:53-main--INFO -com.ctaf.accelerators.TestEngine: Able to get TscreenShot
2018-01-14 19:34:11-main--INFO -com.ctaf.accelerators.TestEngine:Current Test : TC_16_EmpLoginStaffConfmedChangeDateCheckIn
2018-01-14 19:40:35-main--INFO -com.ctaf.accelerators.TestEngine: Able to get TscreenShot
2018-01-14 19:40:51-main--INFO -com.ctaf.accelerators.TestEngine:Current Test : TC_17_RTChangeflightCheckIN
2018-01-14 19:45:16-main--INFO -com.ctaf.accelerators.TestEngine: Able to get TscreenShot
2018-01-14 19:45:33-main--INFO -com.ctaf.accelerators.TestEngine:Current Test : TC_18_corporateLoginRToneAdultCancelFlight
2018-01-14 19:47:55-main--INFO -com.ctaf.accelerators.TestEngine: Able to get TscreenShot
2018-01-14 19:48:14-main--INFO -com.ctaf.accelerators.TestEngine:Current Test : TC_19_agencyLoginRToneAdultoneChild
2018-01-14 19:51:28-main--INFO -com.ctaf.accelerators.TestEngine:Current Test : TC_23_oneWayDomesticOneAdultCheckInAR
2018-01-14 19:55:14-main--INFO -com.ctaf.accelerators.TestEngine: Able to get TscreenShot
2018-01-14 19:55:32-main--INFO -com.ctaf.accelerators.TestEngine:Current Test : TC_24_anonymousRtDomestic4AdultBusinessAR
2018-01-14 19:58:39-main--INFO -com.ctaf.accelerators.TestEngine:Current Test : TC_25_anonymousOneWayDomesticOneAdultCheckInTR
2018-01-14 20:04:11-main--INFO -com.ctaf.accelerators.TestEngine:Current Test : TC_26_anonymousRtDomestic4AdultBusinessTR
2018-01-14 20:07:09-main--INFO -com.ctaf.accelerators.TestEngine:Current Test : TC_27a_redemptionBookingwithBronzeMember
2018-01-14 20:09:20-main--INFO -com.ctaf.accelerators.TestEngine: Able to get TscreenShot
2018-01-14 20:09:20-main--INFO -com.ctaf.accelerators.TestEngine: Able to get TscreenShot
2018-01-14 20:09:36-main--INFO -com.ctaf.accelerators.TestEngine:Current Test : TC27b_BookingwithinsufficientBronzepoints
2018-01-14 20:11:39-main--INFO -com.ctaf.accelerators.TestEngine:Current Test : TC_28_redemptionBookingwithSilverMember
2018-01-14 20:14:51-main--INFO -com.ctaf.accelerators.TestEngine:Current Test : TC_29_redemptionBookingwithGoldMember
2018-01-14 20:16:58-main--INFO -com.ctaf.accelerators.TestEngine: Able to get TscreenShot
2018-01-14 20:16:59-main--INFO -com.ctaf.accelerators.TestEngine: Able to get TscreenShot
2018-01-14 20:17:17-main--INFO -com.ctaf.accelerators.TestEngine:Current Test : TC_30_redemptionBookingwithPlatinumMember
2018-01-14 20:18:18-main--INFO -com.ctaf.accelerators.TestEngine:Current Test : TC_31_anonymousVerifingBoardingPassVlues
2018-01-14 20:23:12-main--INFO -com.ctaf.accelerators.TestEngine: Able to get TscreenShot
2018-01-14 20:23:29-main--INFO -com.ctaf.accelerators.TestEngine:Current Test : TC_32_anonymousReissueTheTicketWithHigherFare
2018-01-14 20:26:52-main--INFO -com.ctaf.accelerators.TestEngine:Current Test : TC_33_anonymousRevalidateTheTicketWithSameFare
2018-01-14 20:32:25-main--INFO -com.ctaf.accelerators.TestEngine:Current Test : TC_34_BaggageValidation
2018-01-14 20:34:07-main--INFO -com.ctaf.accelerators.TestEngine:Current Test : TC_35_AnonymousOneWayDomesticEconomy_MMB_ModifyExtrasSeat
2018-01-14 20:37:42-main--INFO -com.ctaf.accelerators.TestEngine: Able to get TscreenShot
2018-01-14 20:38:02-main--INFO -com.ctaf.accelerators.TestEngine:Current Test : TC_35_b_AnonymousOwIntlEconomy_MMB_ModifyExtrasSeat
2018-01-14 20:41:05-main--INFO -com.ctaf.accelerators.TestEngine: Able to get TscreenShot
2018-01-14 20:41:23-main--INFO -com.ctaf.accelerators.TestEngine:Current Test : TC_36_EmpLoginOnewayOneAdultStaffStandByModifyEXtras
2018-01-14 20:43:38-main--INFO -com.ctaf.accelerators.TestEngine: Able to get TscreenShot
2018-01-14 20:43:56-main--INFO -com.ctaf.accelerators.TestEngine:Current Test : TC_38_corporateLoginRoundTripModifyExtras
2018-01-14 20:47:14-main--INFO -com.ctaf.accelerators.TestEngine: Able to get TscreenShot
2018-01-14 20:47:30-main--INFO -com.ctaf.accelerators.TestEngine:Current Test : TC_39_agencyLoginRondTripModifyExtras
2018-01-14 20:53:49-main--INFO -com.ctaf.accelerators.TestEngine:Current Test : TC_45_oneWayDomCancelverifyMMB
2018-01-14 20:58:39-main--INFO -com.ctaf.accelerators.TestEngine:Current Test : TC_46_RTDomfullCancelVerifyMMB
2018-01-14 21:03:36-main--INFO -com.ctaf.accelerators.TestEngine:Current Test : TC_47_RTDomCancelDepartingleg
2018-01-14 21:07:55-main--INFO -com.ctaf.accelerators.TestEngine:Current Test : TC_48_RTDomCancelReturningleg
2018-01-14 21:12:06-main--INFO -com.ctaf.accelerators.TestEngine:Current Test : TC_49_RTIntlCancelDepartingleg
2018-01-14 21:16:21-main--INFO -com.ctaf.accelerators.TestEngine:Current Test : TC_50_RTIntlCancelReturningleg
2018-01-14 21:20:35-main--INFO -com.ctaf.accelerators.TestEngine:Current Test : TC_51_RTIntlfullCancelVerifyMMB
2018-01-14 21:20:35-main--INFO -com.ctaf.accelerators.TestEngine: Able to get TscreenShot
2018-01-14 21:20:53-main--INFO -com.ctaf.accelerators.TestEngine:Current Test : TC_52_oneWayDomMMBChangeDateCancel
2018-01-14 21:26:59-main--INFO -com.ctaf.accelerators.TestEngine:Current Test : TC_53_oneWayDomMMBChangeDateCheckIn
2018-01-14 21:33:48-main--INFO -com.ctaf.accelerators.TestEngine:Current Test : TC_54_RtDOMBookingCheckinNaSmiles
2018-01-14 21:36:15-main--INFO -com.ctaf.accelerators.TestEngine: Able to get TscreenShot
2018-01-14 21:36:16-main--INFO -com.ctaf.accelerators.TestEngine: Able to get TscreenShot
2018-01-14 21:36:31-main--INFO -com.ctaf.accelerators.TestEngine:Current Test : TC_55_oneWayDomesticBusOneAdultAmexBookingAR
2018-01-14 21:36:54-main--INFO -com.ctaf.accelerators.TestEngine: Able to get TscreenShot
2018-01-14 21:37:09-main--INFO -com.ctaf.accelerators.TestEngine:Current Test : TC_56_RTDomBothLegMMBChangedateSeatsExtrasBaggageLounge
2018-01-14 21:42:59-main--INFO -com.ctaf.accelerators.TestEngine: Able to get TscreenShot
2018-01-14 21:43:00-main--INFO -com.ctaf.accelerators.TestEngine: Able to get TscreenShot
2018-01-14 21:43:19-main--INFO -com.ctaf.accelerators.TestEngine:Current Test : TC_57_RTDomDepartingLegMMBChangedateSeatsExtrasBaggageLounge
2018-01-14 21:49:12-main--INFO -com.ctaf.accelerators.TestEngine: Able to get TscreenShot
2018-01-14 21:49:13-main--INFO -com.ctaf.accelerators.TestEngine: Able to get TscreenShot
2018-01-14 21:49:29-main--INFO -com.ctaf.accelerators.TestEngine:Current Test : TC_58_RTDomReturningLegMMBChangedateSeatsExtrasBaggageLounge
2018-01-14 21:55:10-main--INFO -com.ctaf.accelerators.TestEngine: Able to get TscreenShot
2018-01-14 21:55:10-main--INFO -com.ctaf.accelerators.TestEngine: Able to get TscreenShot
2018-01-14 21:55:31-main--INFO -com.ctaf.accelerators.TestEngine:Current Test : TC_59_RTIntlReturningLegMMBChangedateSeatsExtrasBaggageLounge
2018-01-14 22:01:25-main--INFO -com.ctaf.accelerators.TestEngine: Able to get TscreenShot
2018-01-14 22:01:25-main--INFO -com.ctaf.accelerators.TestEngine: Able to get TscreenShot
2018-01-14 22:01:44-main--INFO -com.ctaf.accelerators.TestEngine:Current Test : TC_56_RTDomBothLegMMBChangedateSeatsExtrasBaggageLounge
2018-01-14 22:07:39-main--INFO -com.ctaf.accelerators.TestEngine: Able to get TscreenShot
2018-01-14 22:07:39-main--INFO -com.ctaf.accelerators.TestEngine: Able to get TscreenShot
