2017-11-02 11:12:38-main--INFO -com.ctaf.accelerators.TestEngine:Starting browser : Chrome
2017-11-02 12:19:49-main--INFO -com.ctaf.accelerators.TestEngine:Starting browser : Chrome
2017-11-02 12:45:35-main--INFO -com.ctaf.accelerators.TestEngine:Starting browser : Chrome
2017-11-02 12:46:05-main--INFO -com.ctaf.accelerators.TestEngine:Starting browser : Chrome
2017-11-02 12:46:39-main--INFO -com.ctaf.accelerators.TestEngine:Starting browser : Chrome
2017-11-02 12:50:22-main--INFO -com.ctaf.accelerators.TestEngine:Starting browser : Chrome
2017-11-02 12:57:53-main--INFO -com.ctaf.accelerators.TestEngine:Starting browser : Chrome
2017-11-02 13:10:46-main--INFO -com.ctaf.accelerators.TestEngine:Starting browser : Chrome
2017-11-02 13:20:44-main--INFO -com.ctaf.accelerators.TestEngine:Starting browser : Chrome
2017-11-02 13:22:17-main--INFO -com.ctaf.accelerators.TestEngine:Starting browser : Chrome
2017-11-02 13:27:55-main--INFO -com.ctaf.accelerators.TestEngine:Current Test : TC_01_oneWayDomesticBusiness
2017-11-02 13:29:51-main--INFO -com.ctaf.accelerators.TestEngine:Starting browser : Chrome
2017-11-02 13:36:36-main--INFO -com.ctaf.accelerators.TestEngine:Starting browser : Android
2017-11-02 13:37:39-main--INFO -com.ctaf.accelerators.TestEngine:Starting browser : Android
2017-11-02 13:40:59-main--INFO -com.ctaf.accelerators.TestEngine:Starting browser : Android
2017-11-02 13:41:24-main--INFO -com.ctaf.accelerators.TestEngine:Current Test : TC_11_roundTripDomesticEconomy_JED_DMM
2017-11-02 13:43:00-main--INFO -com.ctaf.accelerators.TestEngine: Able to get TscreenShot
2017-11-02 15:00:48-main--INFO -com.ctaf.accelerators.TestEngine:Starting browser : Android
2017-11-02 15:01:18-main--INFO -com.ctaf.accelerators.TestEngine:Current Test : TC_11_roundTripDomesticEconomy_JED_DMM
2017-11-02 15:24:10-main--INFO -com.ctaf.accelerators.TestEngine:Starting browser : Android
2017-11-02 15:25:56-main--INFO -com.ctaf.accelerators.TestEngine:Current Test : TC_11_roundTripDomesticEconomy_JED_DMM
2017-11-02 15:40:24-main--INFO -com.ctaf.accelerators.TestEngine:Starting browser : Android
2017-11-02 15:41:42-main--INFO -com.ctaf.accelerators.TestEngine:Starting browser : Android
2017-11-02 15:42:30-main--INFO -com.ctaf.accelerators.TestEngine:Current Test : TC_106_roundTripInternationalFlex_JED_SSH
2017-11-02 15:48:26-main--INFO -com.ctaf.accelerators.TestEngine:Starting browser : Android
2017-11-02 15:48:47-main--INFO -com.ctaf.accelerators.TestEngine:Current Test : TC_106_roundTripInternationalFlex_JED_SSH
2017-11-02 15:55:19-main--INFO -com.ctaf.accelerators.TestEngine:Starting browser : Android
2017-11-02 15:55:56-main--INFO -com.ctaf.accelerators.TestEngine:Current Test : TC_106_roundTripInternationalFlex_JED_SSH
2017-11-02 16:00:35-main--INFO -com.ctaf.accelerators.TestEngine:Starting browser : Android
2017-11-02 16:00:55-main--INFO -com.ctaf.accelerators.TestEngine:Starting browser : Android
2017-11-02 16:01:33-main--INFO -com.ctaf.accelerators.TestEngine:Current Test : TC_106_roundTripInternationalFlex_JED_SSH
2017-11-02 19:13:42-main--INFO -com.ctaf.accelerators.TestEngine:Starting browser : chrome
2017-11-02 19:16:17-main--INFO -com.ctaf.accelerators.TestEngine:Starting browser : chrome
2017-11-02 19:16:39-main--INFO -com.ctaf.accelerators.TestEngine:Current Test : TC_01_oneWayDomesticBusiness
2017-11-02 19:18:26-main--INFO -com.ctaf.accelerators.TestEngine:Starting browser : chrome
2017-11-02 19:18:43-main--INFO -com.ctaf.accelerators.TestEngine:Current Test : TC_01_oneWayDomesticBusiness
2017-11-02 19:24:18-main--INFO -com.ctaf.accelerators.TestEngine:Current Test : TC_02_oneWayDomesticEcoSADAD
2017-11-02 19:27:42-main--INFO -com.ctaf.accelerators.TestEngine: Able to get TscreenShot
