2017-12-28 00:03:19-main--INFO -com.ctaf.accelerators.TestEngine:Current Test : TC_50_RTIntlCancelReturningleg
2017-12-28 00:07:30-main--INFO -com.ctaf.accelerators.TestEngine:Current Test : TC_51_RTIntlfullCancelVerifyMMB
2017-12-28 00:07:30-main--INFO -com.ctaf.accelerators.TestEngine: Able to get TscreenShot
2017-12-28 00:07:55-main--INFO -com.ctaf.accelerators.TestEngine:Current Test : TC_52_oneWayDomMMBChangeDateCancel
2017-12-28 00:09:54-main--INFO -com.ctaf.accelerators.TestEngine: Able to get TscreenShot
2017-12-28 00:10:13-main--INFO -com.ctaf.accelerators.TestEngine:Current Test : TC_53_oneWayDomMMBChangeDateCheckIn
2017-12-28 00:15:55-main--INFO -com.ctaf.accelerators.TestEngine: Able to get TscreenShot
2017-12-28 00:16:12-main--INFO -com.ctaf.accelerators.TestEngine:Current Test : TC_54_RtDOMBookingCheckinNaSmiles
2017-12-28 00:18:36-main--INFO -com.ctaf.accelerators.TestEngine: Able to get TscreenShot
2017-12-28 00:18:36-main--INFO -com.ctaf.accelerators.TestEngine: Able to get TscreenShot
2017-12-28 00:18:54-main--INFO -com.ctaf.accelerators.TestEngine:Current Test : TC_55_oneWayDomesticBusOneAdultAmexBookingAR
2017-12-28 00:19:07-main--INFO -com.ctaf.accelerators.TestEngine: Able to get TscreenShot
2017-12-28 00:19:21-main--INFO -com.ctaf.accelerators.TestEngine:Current Test : TC_56_RTDomBothLegMMBChangedateSeatsExtrasBaggageLounge
2017-12-28 00:25:10-main--INFO -com.ctaf.accelerators.TestEngine: Able to get TscreenShot
2017-12-28 00:25:10-main--INFO -com.ctaf.accelerators.TestEngine: Able to get TscreenShot
2017-12-28 00:25:28-main--INFO -com.ctaf.accelerators.TestEngine:Current Test : TC_57_RTDomDepartingLegMMBChangedateSeatsExtrasBaggageLounge
2017-12-28 00:31:11-main--INFO -com.ctaf.accelerators.TestEngine: Able to get TscreenShot
2017-12-28 00:31:11-main--INFO -com.ctaf.accelerators.TestEngine: Able to get TscreenShot
2017-12-28 00:31:28-main--INFO -com.ctaf.accelerators.TestEngine:Current Test : TC_58_RTDomReturningLegMMBChangedateSeatsExtrasBaggageLounge
2017-12-28 00:37:07-main--INFO -com.ctaf.accelerators.TestEngine: Able to get TscreenShot
2017-12-28 00:37:07-main--INFO -com.ctaf.accelerators.TestEngine: Able to get TscreenShot
2017-12-28 00:37:24-main--INFO -com.ctaf.accelerators.TestEngine:Current Test : TC_59_RTIntlReturningLegMMBChangedateSeatsExtrasBaggageLounge
2017-12-28 00:43:12-main--INFO -com.ctaf.accelerators.TestEngine: Able to get TscreenShot
2017-12-28 00:43:13-main--INFO -com.ctaf.accelerators.TestEngine: Able to get TscreenShot
2017-12-28 00:43:29-main--INFO -com.ctaf.accelerators.TestEngine:Current Test : TC_56_RTDomBothLegMMBChangedateSeatsExtrasBaggageLounge
2017-12-28 00:49:25-main--INFO -com.ctaf.accelerators.TestEngine: Able to get TscreenShot
2017-12-28 00:49:25-main--INFO -com.ctaf.accelerators.TestEngine: Able to get TscreenShot
2017-12-28 18:06:53-main--INFO -com.ctaf.accelerators.TestEngine:Starting browser : chrome
2017-12-28 18:07:11-main--INFO -com.ctaf.accelerators.TestEngine:Current Test : TC_01_oneWayDomesticBusiness
2017-12-28 18:07:12-main--INFO -com.ctaf.accelerators.TestEngine: Able to get TscreenShot
2017-12-28 18:07:31-main--INFO -com.ctaf.accelerators.TestEngine:Current Test : TC02a_oneWayDomSimple1AdultCC
2017-12-28 18:07:31-main--INFO -com.ctaf.accelerators.TestEngine: Able to get TscreenShot
2017-12-28 18:09:58-main--INFO -com.ctaf.accelerators.TestEngine:Starting browser : chrome
2017-12-28 18:10:19-main--INFO -com.ctaf.accelerators.TestEngine:Current Test : TC_01_oneWayDomesticBusiness
2017-12-28 18:14:07-main--INFO -com.ctaf.accelerators.TestEngine:Current Test : TC02a_oneWayDomSimple1AdultCC
2017-12-28 18:17:53-main--INFO -com.ctaf.accelerators.TestEngine:Current Test : TC02b_RTDomSimple1AdultCC
2017-12-28 18:21:38-main--INFO -com.ctaf.accelerators.TestEngine: Able to get TscreenShot
2017-12-28 18:21:38-main--INFO -com.ctaf.accelerators.TestEngine: Able to get TscreenShot
2017-12-28 18:21:56-main--INFO -com.ctaf.accelerators.TestEngine:Current Test : TC02c_RTDomBusiness1AdultCC
2017-12-28 18:25:17-main--INFO -com.ctaf.accelerators.TestEngine: Able to get TscreenShot
2017-12-28 18:25:17-main--INFO -com.ctaf.accelerators.TestEngine: Able to get TscreenShot
2017-12-28 18:25:36-main--INFO -com.ctaf.accelerators.TestEngine:Current Test : TC02d_RTIntlBusiness1AdultCC
2017-12-28 18:27:56-main--INFO -com.ctaf.accelerators.TestEngine: Able to get TscreenShot
2017-12-28 18:28:14-main--INFO -com.ctaf.accelerators.TestEngine:Current Test : TC02e_RTDomExtra1Adult1ChildCC
2017-12-28 18:32:30-main--INFO -com.ctaf.accelerators.TestEngine:Current Test : TC_02_f_oneWayDomesticSimpleSADAD
2017-12-28 18:34:53-main--INFO -com.ctaf.accelerators.TestEngine: Able to get TscreenShot
2017-12-28 18:35:14-main--INFO -com.ctaf.accelerators.TestEngine:Current Test : TC04a_oneWaySimpleDomOneAdultCheckin
2017-12-28 18:40:42-main--INFO -com.ctaf.accelerators.TestEngine:Current Test : TC04b_RtIntlOneAdultCheckinFail
2017-12-28 18:44:44-main--INFO -com.ctaf.accelerators.TestEngine:Current Test : TC_06_oneWay2InternationalEco
2017-12-28 18:48:20-main--INFO -com.ctaf.accelerators.TestEngine:Current Test : TC_07_RTDom4adultBusinessCC
2017-12-28 18:52:33-main--INFO -com.ctaf.accelerators.TestEngine:Current Test : TC_08_RTInt1adult1Child1infantBus
2017-12-28 18:56:04-main--INFO -com.ctaf.accelerators.TestEngine:Current Test : TC_10_OwMultiSimpleIntlCordshareBookingMMB
2017-12-28 18:59:28-main--INFO -com.ctaf.accelerators.TestEngine:Current Test : TC_11oneAdultoneChildoneInfantPartCodeShare
2017-12-28 18:59:59-main--INFO -com.ctaf.accelerators.TestEngine: Able to get TscreenShot
2017-12-28 19:00:19-main--INFO -com.ctaf.accelerators.TestEngine:Current Test : TC_12_PayWithCreditShell
2017-12-28 19:04:23-main--INFO -com.ctaf.accelerators.TestEngine: Able to get TscreenShot
2017-12-28 19:04:23-main--INFO -com.ctaf.accelerators.TestEngine: Able to get TscreenShot
2017-12-28 19:04:39-main--INFO -com.ctaf.accelerators.TestEngine:Current Test : TC_13_onewayDomesticwithUSdollars
2017-12-28 19:07:18-main--INFO -com.ctaf.accelerators.TestEngine:Current Test : TC_14_oneWayDomesticwithEuro
2017-12-28 19:10:09-main--INFO -com.ctaf.accelerators.TestEngine:Current Test : TC_15_EmpLoginOnewayOneAdultStaffStandByChangFlightCancel
2017-12-28 19:12:24-main--INFO -com.ctaf.accelerators.TestEngine: Able to get TscreenShot
2017-12-28 19:12:40-main--INFO -com.ctaf.accelerators.TestEngine:Current Test : TC_16_EmpLoginStaffConfmedChangeDateCheckIn
2017-12-28 19:16:26-main--INFO -com.ctaf.accelerators.TestEngine: Able to get TscreenShot
2017-12-28 19:16:41-main--INFO -com.ctaf.accelerators.TestEngine:Current Test : TC_17_RTChangeflightCheckIN
2017-12-28 19:21:07-main--INFO -com.ctaf.accelerators.TestEngine: Able to get TscreenShot
2017-12-28 19:21:26-main--INFO -com.ctaf.accelerators.TestEngine:Current Test : TC_18_corporateLoginRToneAdultCancelFlight
2017-12-28 19:23:36-main--INFO -com.ctaf.accelerators.TestEngine: Able to get TscreenShot
2017-12-28 19:23:51-main--INFO -com.ctaf.accelerators.TestEngine:Current Test : TC_19_agencyLoginRToneAdultoneChild
2017-12-28 19:27:13-main--INFO -com.ctaf.accelerators.TestEngine: Able to get TscreenShot
2017-12-28 19:27:13-main--INFO -com.ctaf.accelerators.TestEngine: Able to get TscreenShot
2017-12-28 19:27:32-main--INFO -com.ctaf.accelerators.TestEngine:Current Test : TC20_a_memberRegistration
2017-12-28 19:28:26-main--INFO -com.ctaf.accelerators.TestEngine: Able to get TscreenShot
2017-12-28 19:28:41-main--INFO -com.ctaf.accelerators.TestEngine:Current Test : TC20b_verifyRegistrationFailureWithExistingMailID
2017-12-28 19:29:28-main--INFO -com.ctaf.accelerators.TestEngine:Current Test : TC20c_VerifyAlertChildRegistrationNBooking
2017-12-28 19:31:09-main--INFO -com.ctaf.accelerators.TestEngine:Current Test : TC_21_updatemyProfileOfMemberDetails
2017-12-28 19:32:02-main--INFO -com.ctaf.accelerators.TestEngine: Able to get TscreenShot
2017-12-28 19:32:20-main--INFO -com.ctaf.accelerators.TestEngine:Current Test : TC_22_resetPasswordusingmyProfile
2017-12-28 19:33:18-main--INFO -com.ctaf.accelerators.TestEngine: Able to get TscreenShot
2017-12-28 19:33:34-main--INFO -com.ctaf.accelerators.TestEngine:Current Test : TC22b_VerifyAccLockOn10IncorrectPswdEntries
2017-12-28 19:34:27-main--INFO -com.ctaf.accelerators.TestEngine: Able to get TscreenShot
2017-12-28 19:34:46-main--INFO -com.ctaf.accelerators.TestEngine:Current Test : TC_23_oneWayDomesticOneAdultCheckInAR
2017-12-28 19:38:37-main--INFO -com.ctaf.accelerators.TestEngine: Able to get TscreenShot
2017-12-28 19:38:54-main--INFO -com.ctaf.accelerators.TestEngine:Current Test : TC_24_anonymousRtDomestic4AdultBusinessAR
2017-12-28 19:42:14-main--INFO -com.ctaf.accelerators.TestEngine:Current Test : TC_25_anonymousOneWayDomesticOneAdultCheckInTR
2017-12-28 19:47:31-main--INFO -com.ctaf.accelerators.TestEngine:Current Test : TC_26_anonymousRtDomestic4AdultBusinessTR
2017-12-28 19:50:37-main--INFO -com.ctaf.accelerators.TestEngine:Current Test : TC_27a_redemptionBookingwithBronzeMember
2017-12-28 19:53:46-main--INFO -com.ctaf.accelerators.TestEngine:Current Test : TC27b_BookingwithinsufficientBronzepoints
2017-12-28 19:55:42-main--INFO -com.ctaf.accelerators.TestEngine:Current Test : TC_28_redemptionBookingwithSilverMember
2017-12-28 19:58:44-main--INFO -com.ctaf.accelerators.TestEngine: Able to get TscreenShot
2017-12-28 19:58:44-main--INFO -com.ctaf.accelerators.TestEngine: Able to get TscreenShot
2017-12-28 19:59:01-main--INFO -com.ctaf.accelerators.TestEngine:Current Test : TC_29_redemptionBookingwithGoldMember
2017-12-28 20:02:04-main--INFO -com.ctaf.accelerators.TestEngine: Able to get TscreenShot
2017-12-28 20:02:04-main--INFO -com.ctaf.accelerators.TestEngine: Able to get TscreenShot
2017-12-28 20:02:21-main--INFO -com.ctaf.accelerators.TestEngine:Current Test : TC_30_redemptionBookingwithPlatinumMember
2017-12-28 20:05:25-main--INFO -com.ctaf.accelerators.TestEngine: Able to get TscreenShot
2017-12-28 20:05:25-main--INFO -com.ctaf.accelerators.TestEngine: Able to get TscreenShot
2017-12-28 20:05:41-main--INFO -com.ctaf.accelerators.TestEngine:Current Test : TC_31_anonymousVerifingBoardingPassVlues
2017-12-28 20:10:28-main--INFO -com.ctaf.accelerators.TestEngine: Able to get TscreenShot
2017-12-28 20:10:44-main--INFO -com.ctaf.accelerators.TestEngine:Current Test : TC_32_anonymousReissueTheTicketWithHigherFare
2017-12-28 20:13:46-main--INFO -com.ctaf.accelerators.TestEngine:Current Test : TC_33_anonymousRevalidateTheTicketWithSameFare
2017-12-28 20:19:15-main--INFO -com.ctaf.accelerators.TestEngine:Current Test : TC_34_BaggageValidation
2017-12-28 20:20:54-main--INFO -com.ctaf.accelerators.TestEngine:Current Test : TC_35_AnonymousOneWayDomesticEconomyModifyExtrasSeatWhileRetrivePNR
2017-12-28 20:27:29-main--INFO -com.ctaf.accelerators.TestEngine:Current Test : TC_36_EmpLoginOnewayOneAdultStaffStandByModifyEXtras
2017-12-28 20:29:44-main--INFO -com.ctaf.accelerators.TestEngine: Able to get TscreenShot
2017-12-28 20:30:03-main--INFO -com.ctaf.accelerators.TestEngine:Current Test : TC_38_corporateLoginRoundTripModifyExtras
2017-12-28 20:30:47-main--INFO -com.ctaf.accelerators.TestEngine: Able to get TscreenShot
2017-12-28 20:31:05-main--INFO -com.ctaf.accelerators.TestEngine:Current Test : TC_39_agencyLoginRondTripModifyExtras
2017-12-28 20:34:55-main--INFO -com.ctaf.accelerators.TestEngine:Current Test : TC_45_oneWayDomCancelverifyMMB
2017-12-28 20:39:42-main--INFO -com.ctaf.accelerators.TestEngine:Current Test : TC_46_RTDomfullCancelVerifyMMB
2017-12-28 20:44:44-main--INFO -com.ctaf.accelerators.TestEngine:Current Test : TC_47_RTDomCancelDepartingleg
2017-12-28 20:48:56-main--INFO -com.ctaf.accelerators.TestEngine:Current Test : TC_48_RTDomCancelReturningleg
2017-12-28 20:52:31-main--INFO -com.ctaf.accelerators.TestEngine: Able to get TscreenShot
2017-12-28 20:52:31-main--INFO -com.ctaf.accelerators.TestEngine: Able to get TscreenShot
2017-12-28 20:52:48-main--INFO -com.ctaf.accelerators.TestEngine:Current Test : TC_49_RTIntlCancelDepartingleg
2017-12-28 20:57:00-main--INFO -com.ctaf.accelerators.TestEngine:Current Test : TC_50_RTIntlCancelReturningleg
2017-12-28 21:01:17-main--INFO -com.ctaf.accelerators.TestEngine:Current Test : TC_51_RTIntlfullCancelVerifyMMB
2017-12-28 21:01:17-main--INFO -com.ctaf.accelerators.TestEngine: Able to get TscreenShot
2017-12-28 21:01:33-main--INFO -com.ctaf.accelerators.TestEngine:Current Test : TC_52_oneWayDomMMBChangeDateCancel
2017-12-28 21:07:17-main--INFO -com.ctaf.accelerators.TestEngine:Current Test : TC_53_oneWayDomMMBChangeDateCheckIn
2017-12-28 21:13:55-main--INFO -com.ctaf.accelerators.TestEngine:Current Test : TC_54_RtDOMBookingCheckinNaSmiles
2017-12-28 21:19:56-main--INFO -com.ctaf.accelerators.TestEngine:Current Test : TC_55_oneWayDomesticBusOneAdultAmexBookingAR
2017-12-28 21:22:23-main--INFO -com.ctaf.accelerators.TestEngine: Able to get TscreenShot
2017-12-28 21:22:23-main--INFO -com.ctaf.accelerators.TestEngine: Able to get TscreenShot
2017-12-28 21:22:39-main--INFO -com.ctaf.accelerators.TestEngine:Current Test : TC_56_RTDomBothLegMMBChangedateSeatsExtrasBaggageLounge
2017-12-28 21:25:40-main--INFO -com.ctaf.accelerators.TestEngine: Able to get TscreenShot
2017-12-28 21:25:40-main--INFO -com.ctaf.accelerators.TestEngine: Able to get TscreenShot
2017-12-28 21:25:55-main--INFO -com.ctaf.accelerators.TestEngine:Current Test : TC_57_RTDomDepartingLegMMBChangedateSeatsExtrasBaggageLounge
2017-12-28 21:28:50-main--INFO -com.ctaf.accelerators.TestEngine: Able to get TscreenShot
2017-12-28 21:28:50-main--INFO -com.ctaf.accelerators.TestEngine: Able to get TscreenShot
2017-12-28 21:29:09-main--INFO -com.ctaf.accelerators.TestEngine:Current Test : TC_58_RTDomReturningLegMMBChangedateSeatsExtrasBaggageLounge
2017-12-28 21:32:04-main--INFO -com.ctaf.accelerators.TestEngine: Able to get TscreenShot
2017-12-28 21:32:05-main--INFO -com.ctaf.accelerators.TestEngine: Able to get TscreenShot
2017-12-28 21:32:20-main--INFO -com.ctaf.accelerators.TestEngine:Current Test : TC_59_RTIntlReturningLegMMBChangedateSeatsExtrasBaggageLounge
2017-12-28 21:35:16-main--INFO -com.ctaf.accelerators.TestEngine: Able to get TscreenShot
2017-12-28 21:35:16-main--INFO -com.ctaf.accelerators.TestEngine: Able to get TscreenShot
2017-12-28 21:35:32-main--INFO -com.ctaf.accelerators.TestEngine:Current Test : TC_56_RTDomBothLegMMBChangedateSeatsExtrasBaggageLounge
2017-12-28 21:38:26-main--INFO -com.ctaf.accelerators.TestEngine: Able to get TscreenShot
2017-12-28 21:38:26-main--INFO -com.ctaf.accelerators.TestEngine: Able to get TscreenShot
