2018-01-01 11:29:49-main--INFO -com.ctaf.accelerators.TestEngine:Starting browser : chrome
2018-01-01 11:30:32-main--INFO -com.ctaf.accelerators.TestEngine:Current Test : TC_01_verifingChildDiscount
2018-01-01 11:31:54-main--INFO -com.ctaf.accelerators.TestEngine: Able to get TscreenShot
2018-01-01 11:31:54-main--INFO -com.ctaf.accelerators.TestEngine: Able to get TscreenShot
2018-01-01 11:32:12-main--INFO -com.ctaf.accelerators.TestEngine:Current Test : TC_02_verifingServiceChargeperPerson
2018-01-01 11:34:43-main--INFO -com.ctaf.accelerators.TestEngine:Current Test : TC_03_verifingServiceChargeperPerson
2018-01-01 11:43:06-main--INFO -com.ctaf.accelerators.TestEngine: Able to get TscreenShot
2018-01-01 11:43:07-main--INFO -com.ctaf.accelerators.TestEngine: Able to get TscreenShot
2018-01-01 11:43:21-main--INFO -com.ctaf.accelerators.TestEngine:Current Test : TC_04_verifingserviceChargeForRTEconyDomestic
2018-01-01 11:47:02-main--INFO -com.ctaf.accelerators.TestEngine: Able to get TscreenShot
2018-01-01 11:47:03-main--INFO -com.ctaf.accelerators.TestEngine: Able to get TscreenShot
2018-01-01 11:47:43-main--INFO -com.ctaf.accelerators.TestEngine:Current Test : TC_05_verifingSerCharChildDisRTFlexDom
2018-01-01 11:48:58-main--INFO -com.ctaf.accelerators.TestEngine: Able to get TscreenShot
2018-01-01 11:48:58-main--INFO -com.ctaf.accelerators.TestEngine: Able to get TscreenShot
2018-01-01 11:49:12-main--INFO -com.ctaf.accelerators.TestEngine:Current Test : TC_06_verifingServiceChargeRTBusinessDomestic
2018-01-01 11:52:12-main--INFO -com.ctaf.accelerators.TestEngine:Current Test : TC_07_verifingServiceChargewithMTEco
2018-01-01 11:57:55-main--INFO -com.ctaf.accelerators.TestEngine: Able to get TscreenShot
2018-01-01 11:57:55-main--INFO -com.ctaf.accelerators.TestEngine: Able to get TscreenShot
2018-01-01 11:58:36-main--INFO -com.ctaf.accelerators.TestEngine:Current Test : TC_08_verifingServiceChragewithMTSingleFlex
2018-01-01 12:02:28-main--INFO -com.ctaf.accelerators.TestEngine: Able to get TscreenShot
2018-01-01 12:02:28-main--INFO -com.ctaf.accelerators.TestEngine: Able to get TscreenShot
2018-01-01 12:02:43-main--INFO -com.ctaf.accelerators.TestEngine:Current Test : TC_09_verifingServiceChargewithMTBussiness
2018-01-01 12:05:24-main--INFO -com.ctaf.accelerators.TestEngine:Current Test : TC_10_verifingSerCharChildDisInArabic
2018-01-01 12:06:39-main--INFO -com.ctaf.accelerators.TestEngine: Able to get TscreenShot
2018-01-01 12:06:40-main--INFO -com.ctaf.accelerators.TestEngine: Able to get TscreenShot
2018-01-01 12:06:57-main--INFO -com.ctaf.accelerators.TestEngine:Current Test : TC_11_verifingServiceChargeOWSingleBusAR
2018-01-01 12:09:23-main--INFO -com.ctaf.accelerators.TestEngine:Current Test : TC_12_verifingServiceChargeRTSingleFlexIntAR
2018-01-01 12:12:37-main--INFO -com.ctaf.accelerators.TestEngine: Able to get TscreenShot
2018-01-01 12:12:50-main--INFO -com.ctaf.accelerators.TestEngine:Current Test : TC_13_verifingServiceChargeRTSingleECoDOMAR
2018-01-01 12:16:01-main--INFO -com.ctaf.accelerators.TestEngine: Able to get TscreenShot
2018-01-01 12:16:40-main--INFO -com.ctaf.accelerators.TestEngine:Current Test : TC_14_verifingSerCharChilDdisRTMulFlexDOMAR
2018-01-01 12:18:07-main--INFO -com.ctaf.accelerators.TestEngine: Able to get TscreenShot
2018-01-01 12:18:07-main--INFO -com.ctaf.accelerators.TestEngine: Able to get TscreenShot
2018-01-01 12:18:48-main--INFO -com.ctaf.accelerators.TestEngine:Current Test : TC_15_verifingServiceChargeRTSingleBusDomesticAR
2018-01-01 12:21:06-main--INFO -com.ctaf.accelerators.TestEngine: Unable to get TscreenShot
2018-01-01 12:21:23-main--INFO -com.ctaf.accelerators.TestEngine:Current Test : TC_16_verifingServiceChargeMTSingleEco
2018-01-01 12:24:35-main--INFO -com.ctaf.accelerators.TestEngine: Able to get TscreenShot
2018-01-01 12:24:49-main--INFO -com.ctaf.accelerators.TestEngine:Current Test : TC_17_verifingServiceChargeMTSingleFlexDom
2018-01-01 12:28:04-main--INFO -com.ctaf.accelerators.TestEngine: Able to get TscreenShot
2018-01-01 12:28:26-main--INFO -com.ctaf.accelerators.TestEngine:Current Test : TC_18_verifingServiceChargeMTSingleBusinessIntl
2018-01-01 12:31:10-main--INFO -com.ctaf.accelerators.TestEngine:Current Test : TC_19_verifingSerCharChildDisOWMultiEcoIntlTR
2018-01-01 12:32:22-main--INFO -com.ctaf.accelerators.TestEngine: Able to get TscreenShot
2018-01-01 12:32:22-main--INFO -com.ctaf.accelerators.TestEngine: Able to get TscreenShot
2018-01-01 12:32:39-main--INFO -com.ctaf.accelerators.TestEngine:Current Test : TC_20_verifingServiceChargeOWSigleBusinessDomTR
2018-01-01 12:35:08-main--INFO -com.ctaf.accelerators.TestEngine:Current Test : TC_21_verfingServiceChargeRTSingleFlexIntlTR
2018-01-01 12:38:23-main--INFO -com.ctaf.accelerators.TestEngine: Able to get TscreenShot
2018-01-01 12:38:38-main--INFO -com.ctaf.accelerators.TestEngine:Current Test : TC_22_verifingServiceChargeRTSingleEcoDomTR
2018-01-01 12:41:46-main--INFO -com.ctaf.accelerators.TestEngine: Able to get TscreenShot
2018-01-01 12:41:59-main--INFO -com.ctaf.accelerators.TestEngine:Current Test : TC_23_verifingSerCharChildDisRTMultiFlexDomTR
2018-01-01 12:43:29-main--INFO -com.ctaf.accelerators.TestEngine: Able to get TscreenShot
2018-01-01 12:43:29-main--INFO -com.ctaf.accelerators.TestEngine: Able to get TscreenShot
2018-01-01 12:43:45-main--INFO -com.ctaf.accelerators.TestEngine:Current Test : TC_24_verifingServiceChargeRTSingleBusDomTR
2018-01-01 12:46:32-main--INFO -com.ctaf.accelerators.TestEngine: Able to get TscreenShot
2018-01-01 12:46:47-main--INFO -com.ctaf.accelerators.TestEngine:Current Test : TC_25_verifingServiceChargeMTSingleEcoIntlTR
2018-01-01 12:51:15-main--INFO -com.ctaf.accelerators.TestEngine: Able to get TscreenShot
2018-01-01 12:51:31-main--INFO -com.ctaf.accelerators.TestEngine:Current Test : TC_26_verifingServiceChargeMTSingleFlexDomTR
2018-01-01 12:54:43-main--INFO -com.ctaf.accelerators.TestEngine: Able to get TscreenShot
2018-01-01 12:55:07-main--INFO -com.ctaf.accelerators.TestEngine:Current Test : TC_27_verifingSerCharChildDisMTSingleBusIntlTR
2018-01-01 12:57:40-main--INFO -com.ctaf.accelerators.TestEngine:Current Test : TC_28_memberRegistration
2018-01-01 12:58:19-main--INFO -com.ctaf.accelerators.TestEngine: Able to get TscreenShot
2018-01-01 12:59:00-main--INFO -com.ctaf.accelerators.TestEngine:Current Test : TC_29_modifyProfileNewRegister
2018-01-01 12:59:57-main--INFO -com.ctaf.accelerators.TestEngine:Current Test : TC_30_BaggageValidation
2018-01-01 13:02:21-main--INFO -com.ctaf.accelerators.TestEngine: Able to get TscreenShot
2018-01-01 13:22:51-main--INFO -com.ctaf.accelerators.TestEngine:Starting browser : chrome
2018-01-01 13:23:13-main--INFO -com.ctaf.accelerators.TestEngine:Current Test : TC_01_verifingChildDiscount
2018-01-01 13:26:49-main--INFO -com.ctaf.accelerators.TestEngine:Current Test : TC_02_verifingServiceChargeperPerson
2018-01-01 13:29:13-main--INFO -com.ctaf.accelerators.TestEngine:Current Test : TC_03_verifingServiceChargeperPerson
2018-01-01 13:35:30-main--INFO -com.ctaf.accelerators.TestEngine: Able to get TscreenShot
2018-01-01 13:35:47-main--INFO -com.ctaf.accelerators.TestEngine:Current Test : TC_04_verifingserviceChargeForRTEconyDomestic
2018-01-01 13:39:14-main--INFO -com.ctaf.accelerators.TestEngine:Current Test : TC_05_verifingSerCharChildDisRTFlexDom
2018-01-01 13:41:43-main--INFO -com.ctaf.accelerators.TestEngine:Current Test : TC_06_verifingServiceChargeRTBusinessDomestic
2018-01-01 13:44:41-main--INFO -com.ctaf.accelerators.TestEngine:Current Test : TC_07_verifingServiceChargewithMTEco
2018-01-01 13:51:10-main--INFO -com.ctaf.accelerators.TestEngine: Unable to get TscreenShot
2018-01-01 13:51:51-main--INFO -com.ctaf.accelerators.TestEngine:Current Test : TC_08_verifingServiceChragewithMTSingleFlex
2018-01-01 13:54:59-main--INFO -com.ctaf.accelerators.TestEngine:Current Test : TC_09_verifingServiceChargewithMTBussiness
2018-01-01 13:57:40-main--INFO -com.ctaf.accelerators.TestEngine:Current Test : TC_10_verifingSerCharChildDisInArabic
2018-01-01 14:00:35-main--INFO -com.ctaf.accelerators.TestEngine:Current Test : TC_11_verifingServiceChargeOWSingleBusAR
2018-01-01 14:03:09-main--INFO -com.ctaf.accelerators.TestEngine:Current Test : TC_12_verifingServiceChargeRTSingleFlexIntAR
2018-01-01 14:05:39-main--INFO -com.ctaf.accelerators.TestEngine:Current Test : TC_13_verifingServiceChargeRTSingleECoDOMAR
2018-01-01 14:08:31-main--INFO -com.ctaf.accelerators.TestEngine:Current Test : TC_14_verifingSerCharChilDdisRTMulFlexDOMAR
2018-01-01 14:11:38-main--INFO -com.ctaf.accelerators.TestEngine:Current Test : TC_15_verifingServiceChargeRTSingleBusDomesticAR
2018-01-01 14:13:41-main--INFO -com.ctaf.accelerators.TestEngine: Unable to get TscreenShot
2018-01-01 14:14:21-main--INFO -com.ctaf.accelerators.TestEngine:Current Test : TC_16_verifingServiceChargeMTSingleEco
2018-01-01 14:17:13-main--INFO -com.ctaf.accelerators.TestEngine:Current Test : TC_17_verifingServiceChargeMTSingleFlexDom
2018-01-01 14:20:04-main--INFO -com.ctaf.accelerators.TestEngine: Able to get TscreenShot
2018-01-01 14:20:23-main--INFO -com.ctaf.accelerators.TestEngine:Current Test : TC_18_verifingServiceChargeMTSingleBusinessIntl
2018-01-01 14:23:18-main--INFO -com.ctaf.accelerators.TestEngine:Current Test : TC_19_verifingSerCharChildDisOWMultiEcoIntlTR
2018-01-01 14:25:58-main--INFO -com.ctaf.accelerators.TestEngine:Current Test : TC_20_verifingServiceChargeOWSigleBusinessDomTR
2018-01-01 14:28:38-main--INFO -com.ctaf.accelerators.TestEngine:Current Test : TC_21_verfingServiceChargeRTSingleFlexIntlTR
2018-01-01 14:31:03-main--INFO -com.ctaf.accelerators.TestEngine:Current Test : TC_22_verifingServiceChargeRTSingleEcoDomTR
2018-01-01 14:33:47-main--INFO -com.ctaf.accelerators.TestEngine:Current Test : TC_23_verifingSerCharChildDisRTMultiFlexDomTR
2018-01-01 14:36:21-main--INFO -com.ctaf.accelerators.TestEngine:Current Test : TC_24_verifingServiceChargeRTSingleBusDomTR
2018-01-01 14:39:09-main--INFO -com.ctaf.accelerators.TestEngine: Able to get TscreenShot
2018-01-01 14:39:50-main--INFO -com.ctaf.accelerators.TestEngine:Current Test : TC_25_verifingServiceChargeMTSingleEcoIntlTR
2018-01-01 14:42:29-main--INFO -com.ctaf.accelerators.TestEngine:Current Test : TC_26_verifingServiceChargeMTSingleFlexDomTR
2018-01-01 14:44:50-main--INFO -com.ctaf.accelerators.TestEngine:Current Test : TC_27_verifingSerCharChildDisMTSingleBusIntlTR
2018-01-01 14:47:48-main--INFO -com.ctaf.accelerators.TestEngine:Current Test : TC_28_memberRegistration
2018-01-01 14:48:28-main--INFO -com.ctaf.accelerators.TestEngine: Able to get TscreenShot
2018-01-01 14:49:09-main--INFO -com.ctaf.accelerators.TestEngine:Current Test : TC_29_modifyProfileNewRegister
2018-01-01 14:50:26-main--INFO -com.ctaf.accelerators.TestEngine:Current Test : TC_30_BaggageValidation
2018-01-01 15:36:38-main--INFO -com.ctaf.accelerators.TestEngine:Starting browser : chrome
2018-01-01 15:36:53-main--INFO -com.ctaf.accelerators.TestEngine:Current Test : TC_03_verifingServiceChargeperPerson
2018-01-01 15:39:29-main--INFO -com.ctaf.accelerators.TestEngine:Starting browser : chrome
2018-01-01 15:39:43-main--INFO -com.ctaf.accelerators.TestEngine:Current Test : TC_15_verifingServiceChargeRTSingleBusDomesticAR
2018-01-01 15:42:21-main--INFO -com.ctaf.accelerators.TestEngine: Unable to get TscreenShot
2018-01-01 15:47:37-main--INFO -com.ctaf.accelerators.TestEngine:Starting browser : chrome
2018-01-01 15:47:46-main--INFO -com.ctaf.accelerators.TestEngine:Starting browser : chrome
2018-01-01 15:47:59-main--INFO -com.ctaf.accelerators.TestEngine:Current Test : TC_15_verifingServiceChargeRTSingleBusDomesticAR
2018-01-01 15:58:10-main--INFO -com.ctaf.accelerators.TestEngine:Starting browser : chrome
2018-01-01 15:58:30-TestNG--INFO -com.ctaf.accelerators.TestEngine:Current Test : TC_31_oneWayDomesticEconomy_JED_DXB
2018-01-01 16:01:25-TestNG--INFO -com.ctaf.accelerators.TestEngine:Current Test : TC_32_oneWayInternationalEconomy_RUH_DXB
2018-01-01 16:04:08-TestNG--INFO -com.ctaf.accelerators.TestEngine:Current Test : TC_33_oneWayInternationalEconomy_RUH_AUH
2018-01-01 16:07:27-TestNG--INFO -com.ctaf.accelerators.TestEngine:Current Test : TC_34_oneWayInternationalEconomy_JED_AUH
2018-01-01 16:09:48-TestNG--INFO -com.ctaf.accelerators.TestEngine:Current Test : TC_35_oneWayInternationalEconomy_JED_KWI
2018-01-01 16:12:34-TestNG--INFO -com.ctaf.accelerators.TestEngine:Current Test : TC_36_oneWayInternationalEconomy_RUH_KWI
2018-01-01 16:14:48-TestNG--INFO -com.ctaf.accelerators.TestEngine:Current Test : TC_37_oneWayInternationalEconomy_MED_KWI
2018-01-01 16:17:08-TestNG--INFO -com.ctaf.accelerators.TestEngine:Current Test : TC_38_oneWayInternationalEconomy_TIF_KWI
2018-01-01 16:19:50-TestNG--INFO -com.ctaf.accelerators.TestEngine:Current Test : TC_39_oneWayInternationalEconomy_JED_ASW
2018-01-01 16:29:56-TestNG--INFO -com.ctaf.accelerators.TestEngine: Able to get TscreenShot
2018-01-01 16:29:56-TestNG--INFO -com.ctaf.accelerators.TestEngine: Able to get TscreenShot
2018-01-01 16:30:35-TestNG--INFO -com.ctaf.accelerators.TestEngine:Current Test : TC_40_oneWayInternationalEconomy_JED_HBE
2018-01-01 16:32:54-TestNG--INFO -com.ctaf.accelerators.TestEngine:Current Test : TC_41_oneWayInternationalEconomy_JED_HMB
2018-01-01 16:35:35-TestNG--INFO -com.ctaf.accelerators.TestEngine:Current Test : TC_42_oneWayInternationalEconomy_RUH_HMB
2018-01-01 16:37:46-TestNG--INFO -com.ctaf.accelerators.TestEngine:Current Test : TC_43_oneWayInternationalEconomy_JED_LXR
2018-01-01 16:41:10-TestNG--INFO -com.ctaf.accelerators.TestEngine:Current Test : TC_44_roundTripInternationalEconomy_JED_SSH
2018-01-01 16:41:54-TestNG--INFO -com.ctaf.accelerators.TestEngine: Able to get TscreenShot
2018-01-01 16:42:35-TestNG--INFO -com.ctaf.accelerators.TestEngine:Current Test : TC_45_roundTripInternationalEconomy_JED_CAI
2018-01-01 16:45:21-TestNG--INFO -com.ctaf.accelerators.TestEngine:Current Test : TC_46_roundTripInternationalEconomy_RUH_CAI
2018-01-01 16:47:55-TestNG--INFO -com.ctaf.accelerators.TestEngine:Current Test : TC_47_roundTripInternationalEconomy_RUH_ATZ
2018-01-01 16:50:53-TestNG--INFO -com.ctaf.accelerators.TestEngine:Current Test : TC_48_roundTripInternationalEconomy_JED_ATZ
2018-01-01 16:53:55-TestNG--INFO -com.ctaf.accelerators.TestEngine:Current Test : TC_49_roundTripInternationalEconomy_JED_AMM
2018-01-01 16:57:23-TestNG--INFO -com.ctaf.accelerators.TestEngine:Current Test : TC_50_roundTripInternationalEconomy_RUH_AMM
2018-01-01 17:00:13-TestNG--INFO -com.ctaf.accelerators.TestEngine:Current Test : TC_62_roundTripDomesticEconomyAddExtra_RUH_AHB
2018-01-01 17:02:05-TestNG--INFO -com.ctaf.accelerators.TestEngine: Able to get TscreenShot
2018-01-01 17:02:22-TestNG--INFO -com.ctaf.accelerators.TestEngine:Current Test : TC_63_oneWayDomesticFlex_RUH_JED
2018-01-01 17:05:04-TestNG--INFO -com.ctaf.accelerators.TestEngine:Current Test : TC_64_oneWayDomesticFlex_RUH_DMM
2018-01-01 17:07:47-TestNG--INFO -com.ctaf.accelerators.TestEngine:Current Test : TC_65_oneWayDomesticFlex_RUH_GIZ
2018-01-01 17:10:28-TestNG--INFO -com.ctaf.accelerators.TestEngine:Current Test : TC_66_oneWayDomesticFex_RUH_MED
2018-01-01 17:12:41-TestNG--INFO -com.ctaf.accelerators.TestEngine:Current Test : TC_67_oneWayDomesticFlex_RUH_TIF
2018-01-01 17:15:31-TestNG--INFO -com.ctaf.accelerators.TestEngine:Current Test : TC_68_oneWayDomesticFlex_RUH_HAS
2018-01-01 17:17:51-TestNG--INFO -com.ctaf.accelerators.TestEngine:Current Test : TC_69_oneWayDomestiFlex_RUH_TUU
2018-01-01 17:20:13-TestNG--INFO -com.ctaf.accelerators.TestEngine:Current Test : TC_70_oneWayDomesticFlex_RUH_URY
2018-01-01 17:22:54-TestNG--INFO -com.ctaf.accelerators.TestEngine:Current Test : TC_71_oneWayDomesticFlex_RUH_AJF
2018-01-01 17:25:09-TestNG--INFO -com.ctaf.accelerators.TestEngine:Current Test : TC_72_oneWayDomesticFlex_RUH_ABT
2018-01-01 17:28:27-TestNG--INFO -com.ctaf.accelerators.TestEngine:Current Test : TC_73_roundTripDomesticFlex_JED_DMM
2018-01-01 17:31:18-TestNG--INFO -com.ctaf.accelerators.TestEngine:Current Test : TC_74_roundTripDomesticFlex_JED_GIZ
2018-01-01 17:33:37-TestNG--INFO -com.ctaf.accelerators.TestEngine:Current Test : TC_75_roundTripDomesticFlex_JED_MED
2018-01-01 17:36:30-TestNG--INFO -com.ctaf.accelerators.TestEngine:Current Test : TC_76_roundTripDomesticFlex_JED_AHB
2018-01-01 17:40:00-TestNG--INFO -com.ctaf.accelerators.TestEngine:Current Test : TC_77_roundTripDomesticFlex_JED_TUU
2018-01-01 17:42:40-TestNG--INFO -com.ctaf.accelerators.TestEngine:Current Test : TC_78_roundTripDomesticFlex_JED_ELQ
2018-01-01 17:45:40-TestNG--INFO -com.ctaf.accelerators.TestEngine: Able to get TscreenShot
2018-01-01 17:46:21-TestNG--INFO -com.ctaf.accelerators.TestEngine:Current Test : TC_79_roundTripDomesticFlex_DMM_TIF
2018-01-01 17:49:43-TestNG--INFO -com.ctaf.accelerators.TestEngine:Current Test : TC_80_roundTripDomesticFlex_DMM_AHB
2018-01-01 17:52:30-TestNG--INFO -com.ctaf.accelerators.TestEngine:Current Test : TC_81_roundTripDomesticFlex_DMM_YNB
2018-01-01 17:55:44-TestNG--INFO -com.ctaf.accelerators.TestEngine:Current Test : TC_82_roundTripDomesticFlex_DMM_MED
2018-01-01 17:58:30-TestNG--INFO -com.ctaf.accelerators.TestEngine:Current Test : TC_83_roundTripDomesticFlex_DMM_GIZ
2018-01-01 18:01:17-TestNG--INFO -com.ctaf.accelerators.TestEngine:Current Test : TC_84_roundTripDomesticFlex_DMM_ELQ
2018-01-01 18:04:00-TestNG--INFO -com.ctaf.accelerators.TestEngine:Current Test : TC_85_roundTripDomesticFlex_DMM_HAS
2018-01-01 18:06:45-TestNG--INFO -com.ctaf.accelerators.TestEngine:Current Test : TC_86_roundTripDomesticFlex_DMM_TUU
2018-01-01 18:09:07-TestNG--INFO -com.ctaf.accelerators.TestEngine:Current Test : TC_87_roundTripDomesticFlex_DMM_ABT
2018-01-01 18:11:27-TestNG--INFO -com.ctaf.accelerators.TestEngine:Current Test : TC_88_oneWayDomesticFlex_AHB_ABT
2018-01-01 18:13:42-TestNG--INFO -com.ctaf.accelerators.TestEngine:Current Test : TC_89_oneWayDomesticFlex_AHB_BHH
2018-01-01 18:15:54-TestNG--INFO -com.ctaf.accelerators.TestEngine:Current Test : TC_90_oneWayDomesticFlex_AHB_WAE
2018-01-01 18:18:46-TestNG--INFO -com.ctaf.accelerators.TestEngine:Current Test : TC_91_oneWayDomesticFlex_AHB_GIZ
2018-01-01 18:20:59-TestNG--INFO -com.ctaf.accelerators.TestEngine:Current Test : TC_92_oneWayDomesticFlex_AHB_SHW
2018-01-01 18:23:39-TestNG--INFO -com.ctaf.accelerators.TestEngine:Current Test : TC_93_oneWayInternationalFlex_JED_DXB
2018-01-01 18:26:23-TestNG--INFO -com.ctaf.accelerators.TestEngine:Current Test : TC_94_oneWayInternationalFlex_RUH_DXB
2018-01-01 18:28:38-TestNG--INFO -com.ctaf.accelerators.TestEngine:Current Test : TC_95_oneWayInternationalFlex_RUH_AUH
2018-01-01 18:31:36-TestNG--INFO -com.ctaf.accelerators.TestEngine:Current Test : TC_96_oneWayInternationalFlex_JED_AUH
2018-01-01 18:34:29-TestNG--INFO -com.ctaf.accelerators.TestEngine:Current Test : TC_97_oneWayInternationalFlex_JED_KWI
2018-01-01 18:36:50-TestNG--INFO -com.ctaf.accelerators.TestEngine:Current Test : TC_98_oneWayInternationalFlex_RUH_KWI
2018-01-01 18:39:11-TestNG--INFO -com.ctaf.accelerators.TestEngine:Current Test : TC_99_oneWayInternationalFlex_MED_KWI
2018-01-01 18:41:33-TestNG--INFO -com.ctaf.accelerators.TestEngine:Current Test : TC_100_oneWayInternationalFlex_TIF_KWI
2018-01-01 18:44:16-TestNG--INFO -com.ctaf.accelerators.TestEngine:Current Test : TC_101_oneWayInternationalFlex_JED_ASW
2018-01-01 18:54:21-TestNG--INFO -com.ctaf.accelerators.TestEngine: Able to get TscreenShot
2018-01-01 18:54:21-TestNG--INFO -com.ctaf.accelerators.TestEngine: Able to get TscreenShot
2018-01-01 18:54:38-TestNG--INFO -com.ctaf.accelerators.TestEngine:Current Test : TC_102_oneWayInternationalFlex_JED_HBE
2018-01-01 18:57:20-TestNG--INFO -com.ctaf.accelerators.TestEngine:Current Test : TC_104_oneWayInternationalFlex_RUH_HMB
2018-01-01 18:59:54-TestNG--INFO -com.ctaf.accelerators.TestEngine:Current Test : TC_105_oneWayInternationalFlex_JED_LXR
2018-01-01 19:03:43-TestNG--INFO -com.ctaf.accelerators.TestEngine:Current Test : TC_106_roundTripInternationalFlex_JED_SSH
2018-01-01 19:07:23-TestNG--INFO -com.ctaf.accelerators.TestEngine:Current Test : TC_107_roundTripInternationalFlex_JED_CAI
2018-01-01 19:10:11-TestNG--INFO -com.ctaf.accelerators.TestEngine:Current Test : TC_108_roundTripInternationalFlex_RUH_CAI
2018-01-01 19:12:31-TestNG--INFO -com.ctaf.accelerators.TestEngine:Current Test : TC_109_roundTripInternationalFlex_RUH_ATZ
2018-01-01 19:15:51-TestNG--INFO -com.ctaf.accelerators.TestEngine:Current Test : TC_110_roundTripInternationalFlex_JED_ATZ
2018-01-01 19:19:13-TestNG--INFO -com.ctaf.accelerators.TestEngine:Current Test : TC_111_roundTripInternationalFlex_JED_AMM
2018-01-01 19:22:11-TestNG--INFO -com.ctaf.accelerators.TestEngine:Current Test : TC_112_roundTripInternationalFlex_RUH_AMM
2018-01-01 19:25:05-TestNG--INFO -com.ctaf.accelerators.TestEngine:Current Test : TC_124_roundTripDomesticFlexAddExtra_RUH_AHB
2018-01-01 19:27:11-TestNG--INFO -com.ctaf.accelerators.TestEngine: Able to get TscreenShot
2018-01-01 19:27:28-TestNG--INFO -com.ctaf.accelerators.TestEngine:Current Test : TC_125_oneWayDomesticBusiness_RUH_JED
2018-01-01 19:30:07-TestNG--INFO -com.ctaf.accelerators.TestEngine:Current Test : TC_126_oneWayDomesticBusiness_RUH_DMM
2018-01-01 19:32:23-TestNG--INFO -com.ctaf.accelerators.TestEngine:Current Test : TC_127_oneWayDomesticBusiness_RUH_GIZ
2018-01-01 19:34:38-TestNG--INFO -com.ctaf.accelerators.TestEngine:Current Test : TC_128_oneWayDomesticBusiness_RUH_MED
2018-01-01 19:37:17-TestNG--INFO -com.ctaf.accelerators.TestEngine:Current Test : TC_129_oneWayDomesticBusiness_RUH_TIF
2018-01-01 19:39:31-TestNG--INFO -com.ctaf.accelerators.TestEngine:Current Test : TC_130_oneWayDomesticBusiness_RUH_HAS
2018-01-01 19:41:46-TestNG--INFO -com.ctaf.accelerators.TestEngine:Current Test : TC_131_oneWayDomesticBusiness_RUH_TUU
2018-01-01 19:44:05-TestNG--INFO -com.ctaf.accelerators.TestEngine:Current Test : TC_132_oneWayDomesticBusiness_RUH_URY
2018-01-01 19:46:23-TestNG--INFO -com.ctaf.accelerators.TestEngine:Current Test : TC_133_oneWayDomesticBusiness_RUH_AJF
2018-01-01 19:48:38-TestNG--INFO -com.ctaf.accelerators.TestEngine:Current Test : TC_134_oneWayDomesticBusiness_RUH_ABT
2018-01-01 19:51:50-TestNG--INFO -com.ctaf.accelerators.TestEngine:Current Test : TC_135_roundTripDomesticBusiness_JED_DMM
2018-01-01 19:54:24-TestNG--INFO -com.ctaf.accelerators.TestEngine:Current Test : TC_136_roundTripDomesticBusiness_JED_GIZ
2018-01-01 19:56:48-TestNG--INFO -com.ctaf.accelerators.TestEngine:Current Test : TC_137_roundTripDomesticBusiness_JED_MED
2018-01-01 19:59:43-TestNG--INFO -com.ctaf.accelerators.TestEngine:Current Test : TC_138_roundTripDomesticBusiness_JED_AHB
2018-01-01 20:03:19-TestNG--INFO -com.ctaf.accelerators.TestEngine:Current Test : TC_139_roundTripDomesticBusiness_JED_TUU
2018-01-01 20:06:27-TestNG--INFO -com.ctaf.accelerators.TestEngine:Current Test : TC_140_roundTripDomesticBusiness_JED_ELQ
2018-01-01 20:09:43-TestNG--INFO -com.ctaf.accelerators.TestEngine:Current Test : TC_141_roundTripDomesticBusiness_DMM_TIF
2018-01-01 20:13:09-TestNG--INFO -com.ctaf.accelerators.TestEngine:Current Test : TC_142_roundTripDomesticBusiness_DMM_AHB
2018-01-01 20:15:56-TestNG--INFO -com.ctaf.accelerators.TestEngine:Current Test : TC_143_roundTripDomesticBusiness_DMM_YNB
2018-01-01 20:19:29-TestNG--INFO -com.ctaf.accelerators.TestEngine:Current Test : TC_144_roundTripDomesticBusiness_DMM_MED
2018-01-01 20:22:19-TestNG--INFO -com.ctaf.accelerators.TestEngine:Current Test : TC_145_roundTripDomesticBusiness_DMM_GIZ
2018-01-01 20:24:40-TestNG--INFO -com.ctaf.accelerators.TestEngine:Current Test : TC_146_roundTripDomesticBusiness_DMM_ELQ
2018-01-01 20:27:22-TestNG--INFO -com.ctaf.accelerators.TestEngine:Current Test : TC_147_roundTripDomesticBusiness_DMM_HAS
2018-01-01 20:29:47-TestNG--INFO -com.ctaf.accelerators.TestEngine:Current Test : TC_148_roundTripDomesticBusiness_DMM_TUU
2018-01-01 20:32:44-TestNG--INFO -com.ctaf.accelerators.TestEngine:Current Test : TC_149_roundTripDomesticBusiness_DMM_ABT
2018-01-01 20:35:27-TestNG--INFO -com.ctaf.accelerators.TestEngine:Current Test : TC_150_oneWayDomesticBusiness_AHB_ABT
2018-01-01 20:38:03-TestNG--INFO -com.ctaf.accelerators.TestEngine:Current Test : TC_151_oneWayDomesticBusiness_AHB_BHH
2018-01-01 20:40:19-TestNG--INFO -com.ctaf.accelerators.TestEngine:Current Test : TC_152_oneWayDomesticBusiness_AHB_WAE
2018-01-01 20:42:56-TestNG--INFO -com.ctaf.accelerators.TestEngine:Current Test : TC_153_oneWayDomesticBusiness_AHB_GIZ
2018-01-01 20:45:07-TestNG--INFO -com.ctaf.accelerators.TestEngine:Current Test : TC_154_oneWayDomesticBusiness_AHB_SHW
2018-01-01 20:47:45-TestNG--INFO -com.ctaf.accelerators.TestEngine:Current Test : TC_155_oneWayInternationalBusiness_JED_DXB
2018-01-01 20:49:59-TestNG--INFO -com.ctaf.accelerators.TestEngine:Current Test : TC_156_oneWayInternationalBusiness_RUH_DXB
2018-01-01 20:52:39-TestNG--INFO -com.ctaf.accelerators.TestEngine:Current Test : TC_157_oneWayInternationalBusiness_RUH_AUH
2018-01-01 20:55:33-TestNG--INFO -com.ctaf.accelerators.TestEngine:Current Test : TC_158_oneWayInternationalBusiness_JED_AUH
2018-01-01 20:58:23-TestNG--INFO -com.ctaf.accelerators.TestEngine:Current Test : TC_159_oneWayInternationalBusiness_JED_KWI
2018-01-01 21:00:42-TestNG--INFO -com.ctaf.accelerators.TestEngine:Current Test : TC_160_oneWayInternationalBusiness_RUH_KWI
2018-01-01 21:03:22-TestNG--INFO -com.ctaf.accelerators.TestEngine:Current Test : TC_161_oneWayInternationalBusiness_MED_KWI
2018-01-01 21:06:02-TestNG--INFO -com.ctaf.accelerators.TestEngine:Current Test : TC_162_oneWayInternationalBusiness_TIF_KWI
2018-01-01 21:08:44-TestNG--INFO -com.ctaf.accelerators.TestEngine:Current Test : TC_163_oneWayInternationalBusiness_JED_ASW
2018-01-01 21:18:48-TestNG--INFO -com.ctaf.accelerators.TestEngine: Able to get TscreenShot
2018-01-01 21:18:48-TestNG--INFO -com.ctaf.accelerators.TestEngine: Able to get TscreenShot
2018-01-01 21:19:30-TestNG--INFO -com.ctaf.accelerators.TestEngine:Current Test : TC_164_oneWayInternationalBusiness_JED_HBE
2018-01-01 21:21:40-TestNG--INFO -com.ctaf.accelerators.TestEngine:Current Test : TC_165_oneWayInternationalBusiness_JED_HMB
2018-01-01 21:24:22-TestNG--INFO -com.ctaf.accelerators.TestEngine:Current Test : TC_166_oneWayInternationalBusiness_RUH_HMB
2018-01-01 21:27:01-TestNG--INFO -com.ctaf.accelerators.TestEngine:Current Test : TC_167_oneWayInternationalBusiness_JED_LXR
2018-01-01 21:30:48-TestNG--INFO -com.ctaf.accelerators.TestEngine:Current Test : TC_168_roundTripInternationalBusiness_JED_SSH
2018-01-01 21:34:18-TestNG--INFO -com.ctaf.accelerators.TestEngine:Current Test : TC_169_roundTripInternationalBusiness_JED_CAI
2018-01-01 21:37:09-TestNG--INFO -com.ctaf.accelerators.TestEngine:Current Test : TC_170_roundTripInternationalBusiness_RUH_CAI
2018-01-01 21:40:01-TestNG--INFO -com.ctaf.accelerators.TestEngine:Current Test : TC_171_roundTripInternationalBusiness_RUH_ATZ
2018-01-01 21:43:22-TestNG--INFO -com.ctaf.accelerators.TestEngine:Current Test : TC_172_roundTripInternationalBusiness_JED_ATZ
2018-01-01 21:46:19-TestNG--INFO -com.ctaf.accelerators.TestEngine:Current Test : TC_173_roundTripInternationalBusiness_JED_AMM
2018-01-01 21:49:24-TestNG--INFO -com.ctaf.accelerators.TestEngine:Current Test : TC_174_roundTripInternationalBusiness_RUH_AMM
2018-01-01 21:52:19-TestNG--INFO -com.ctaf.accelerators.TestEngine:Current Test : TC_186_roundTripDomesticBusinessAddExtra_RUH_AHB
2018-01-01 21:54:23-TestNG--INFO -com.ctaf.accelerators.TestEngine: Able to get TscreenShot
2018-01-01 21:54:38-TestNG--INFO -com.ctaf.accelerators.TestEngine:Current Test : TC_187_BaggageValidation
