2017-12-21 13:54:19-main--INFO -com.ctaf.accelerators.TestEngine:Android
2017-12-21 13:56:02-main--INFO -com.ctaf.accelerators.TestEngine:Android
2017-12-21 13:56:53-main--INFO -com.ctaf.accelerators.TestEngine:Android
2017-12-21 13:57:23-main--INFO -com.ctaf.accelerators.TestEngine:Current Test : TC_01_oneWayDomesticEcoSADAD
2017-12-21 13:57:57-main--INFO -com.ctaf.accelerators.TestEngine: Able to get TscreenShot
2017-12-21 13:58:00-main--INFO -com.ctaf.accelerators.TestEngine:Current Test : TC_11_oneAudaltOneChildOneInfantPartCordShare
2017-12-21 13:59:11-main--INFO -com.ctaf.accelerators.TestEngine:Android
2017-12-21 13:59:45-main--INFO -com.ctaf.accelerators.TestEngine:Android
2017-12-21 14:00:03-main--INFO -com.ctaf.accelerators.TestEngine:Current Test : TC_01_oneWayDomesticEcoSADAD
2017-12-21 14:01:18-main--INFO -com.ctaf.accelerators.TestEngine: Able to get TscreenShot
2017-12-21 14:01:21-main--INFO -com.ctaf.accelerators.TestEngine:Current Test : TC_11_oneAudaltOneChildOneInfantPartCordShare
2017-12-21 14:01:39-main--INFO -com.ctaf.accelerators.TestEngine: Able to get TscreenShot
2017-12-21 14:01:42-main--INFO -com.ctaf.accelerators.TestEngine:Current Test : TC_02_oneWayDomesticBusinessCC
2017-12-21 14:15:27-main--INFO -com.ctaf.accelerators.TestEngine:Android
2017-12-21 14:15:48-main--INFO -com.ctaf.accelerators.TestEngine:Current Test : TC_01_oneWayDomesticEcoSADAD
2017-12-21 14:18:53-main--INFO -com.ctaf.accelerators.TestEngine: Able to get TscreenShot
2017-12-21 14:18:59-main--INFO -com.ctaf.accelerators.TestEngine:Current Test : TC_11_oneAudaltOneChildOneInfantPartCordShare
2017-12-21 14:21:56-main--INFO -com.ctaf.accelerators.TestEngine: Able to get TscreenShot
2017-12-21 14:22:02-main--INFO -com.ctaf.accelerators.TestEngine:Current Test : TC_02_oneWayDomesticBusinessCC
2017-12-21 14:27:05-main--INFO -com.ctaf.accelerators.TestEngine:Current Test : TC_12_PayWithCreditShell
2017-12-21 14:33:35-main--INFO -com.ctaf.accelerators.TestEngine: Able to get TscreenShot
2017-12-21 14:33:41-main--INFO -com.ctaf.accelerators.TestEngine:Current Test : TC_03_oneWayDomesticEcoChangeDate
2017-12-21 14:38:12-main--INFO -com.ctaf.accelerators.TestEngine: Able to get TscreenShot
2017-12-21 14:38:17-main--INFO -com.ctaf.accelerators.TestEngine:Current Test : TC_13_oneWayDomesticEconomyCCUSD
2017-12-21 14:39:59-main--INFO -com.ctaf.accelerators.TestEngine: Able to get TscreenShot
2017-12-21 14:40:05-main--INFO -com.ctaf.accelerators.TestEngine:Current Test : TC_04_oneWayDomOneAdultCheckin
2017-12-21 14:45:13-main--INFO -com.ctaf.accelerators.TestEngine: Able to get TscreenShot
2017-12-21 14:45:19-main--INFO -com.ctaf.accelerators.TestEngine:Current Test : TC_14_oneWayDomesticEconomyCCEuro
2017-12-21 14:51:28-main--INFO -com.ctaf.accelerators.TestEngine:Current Test : TC_05_oneWayDomNineAdultCheckin
2017-12-21 14:55:17-main--INFO -com.ctaf.accelerators.TestEngine: Able to get TscreenShot
2017-12-21 14:55:23-main--INFO -com.ctaf.accelerators.TestEngine:Current Test : TC_15_verifingFareSummaryPrices
2017-12-21 14:57:29-main--INFO -com.ctaf.accelerators.TestEngine:Current Test : TC_06_oneWayInterTwoAdultEco
2017-12-21 15:00:53-main--INFO -com.ctaf.accelerators.TestEngine: Able to get TscreenShot
2017-12-21 15:00:59-main--INFO -com.ctaf.accelerators.TestEngine:Current Test : TC_07_roundTripDomFourAdultBusins
2017-12-21 15:04:52-main--INFO -com.ctaf.accelerators.TestEngine: Able to get TscreenShot
2017-12-21 15:04:58-main--INFO -com.ctaf.accelerators.TestEngine:Current Test : TC_08_RTInt1ad1Ch1InBusExtra
2017-12-21 15:08:26-main--INFO -com.ctaf.accelerators.TestEngine: Able to get TscreenShot
2017-12-21 15:08:32-main--INFO -com.ctaf.accelerators.TestEngine:Current Test : TC_09_RTInt1ad1Ch1InEcoExtras
2017-12-21 15:13:09-main--INFO -com.ctaf.accelerators.TestEngine:Starting browser : Android
2017-12-21 15:16:52-main--INFO -com.ctaf.accelerators.TestEngine:Starting browser : Android
2017-12-21 15:17:35-main--INFO -com.ctaf.accelerators.TestEngine:Starting browser : Android
2017-12-21 15:17:57-main--INFO -com.ctaf.accelerators.TestEngine:Current Test : TC_01_oneWayDomesticEcoSADAD
2017-12-21 15:22:44-main--INFO -com.ctaf.accelerators.TestEngine: Able to get TscreenShot
2017-12-21 15:22:45-main--INFO -com.ctaf.accelerators.TestEngine: Able to get TscreenShot
2017-12-21 15:25:57-main--INFO -com.ctaf.accelerators.TestEngine:Starting browser : Android
2017-12-21 15:26:17-main--INFO -com.ctaf.accelerators.TestEngine:Current Test : TC_01_oneWayDomesticEcoSADAD
2017-12-21 15:27:31-main--INFO -com.ctaf.accelerators.TestEngine: Able to get TscreenShot
2017-12-21 15:31:45-main--INFO -com.ctaf.accelerators.TestEngine:Starting browser : chrome
2017-12-21 15:32:07-TestNG--INFO -com.ctaf.accelerators.TestEngine:Current Test : TC_01_oneWayDomesticEconomy_RUH_JED
2017-12-21 15:36:17-TestNG--INFO -com.ctaf.accelerators.TestEngine: Able to get TscreenShot
2017-12-21 15:36:17-TestNG--INFO -com.ctaf.accelerators.TestEngine: Able to get TscreenShot
2017-12-21 15:48:43-main--INFO -com.ctaf.accelerators.TestEngine:Starting browser : chrome
2017-12-21 15:49:14-main--INFO -com.ctaf.accelerators.TestEngine:Current Test : TC_02_oneWayDomesticEconomy_RUH_DMM
2017-12-21 15:49:57-main--INFO -com.ctaf.accelerators.TestEngine: Able to get TscreenShot
2017-12-21 15:50:23-main--INFO -com.ctaf.accelerators.TestEngine:Starting browser : chrome
2017-12-21 15:50:40-main--INFO -com.ctaf.accelerators.TestEngine:Current Test : TC_02_oneWayDomesticEconomy_RUH_DMM
2017-12-21 15:51:24-main--INFO -com.ctaf.accelerators.TestEngine: Able to get TscreenShot
2017-12-21 16:00:54-main--INFO -com.ctaf.accelerators.TestEngine:Starting browser : chrome
2017-12-21 16:01:09-main--INFO -com.ctaf.accelerators.TestEngine:Current Test : TC_02_oneWayDomesticEconomy_RUH_DMM
2017-12-21 16:01:52-main--INFO -com.ctaf.accelerators.TestEngine: Able to get TscreenShot
2017-12-21 16:04:40-main--INFO -com.ctaf.accelerators.TestEngine:Starting browser : chrome
2017-12-21 16:04:54-main--INFO -com.ctaf.accelerators.TestEngine:Current Test : TC_02_oneWayDomesticEconomy_RUH_DMM
2017-12-21 16:07:21-main--INFO -com.ctaf.accelerators.TestEngine:Starting browser : chrome
2017-12-21 16:09:28-main--INFO -com.ctaf.accelerators.TestEngine:Starting browser : chrome
2017-12-21 16:09:45-main--INFO -com.ctaf.accelerators.TestEngine:Current Test : TC_02_oneWayDomesticEconomy_RUH_DMM
2017-12-21 16:13:41-main--INFO -com.ctaf.accelerators.TestEngine: Able to get TscreenShot
2017-12-21 16:13:41-main--INFO -com.ctaf.accelerators.TestEngine: Able to get TscreenShot
2017-12-21 17:24:26-main--INFO -com.ctaf.accelerators.TestEngine:Starting browser : chrome
2017-12-21 17:24:53-main--INFO -com.ctaf.accelerators.TestEngine:Current Test : TC_02_oneWayDomesticEconomy_RUH_DMM
2017-12-21 17:30:21-main--INFO -com.ctaf.accelerators.TestEngine:Starting browser : chrome
2017-12-21 17:30:53-main--INFO -com.ctaf.accelerators.TestEngine:Current Test : TC_01_oneWayDomesticEconomy_RUH_JED
2017-12-21 17:34:46-main--INFO -com.ctaf.accelerators.TestEngine:Starting browser : chrome
2017-12-21 17:35:05-TestNG--INFO -com.ctaf.accelerators.TestEngine:Current Test : TC_02_oneWayDomesticEconomy_RUH_DMM
2017-12-21 17:36:25-main--INFO -com.ctaf.accelerators.TestEngine:Starting browser : chrome
2017-12-21 17:36:57-TestNG--INFO -com.ctaf.accelerators.TestEngine:Current Test : TC_02_oneWayDomesticEconomy_RUH_DMM
2017-12-21 17:39:42-TestNG--INFO -com.ctaf.accelerators.TestEngine:Current Test : TC_03_oneWayDomesticEconomy_RUH_GIZ
2017-12-21 17:42:08-TestNG--INFO -com.ctaf.accelerators.TestEngine: Able to get TscreenShot
2017-12-21 17:42:08-TestNG--INFO -com.ctaf.accelerators.TestEngine: Able to get TscreenShot
2017-12-21 17:42:20-TestNG--INFO -com.ctaf.accelerators.TestEngine:Current Test : TC_04_oneWayDomesticEconomy_RUH_MED
2017-12-21 17:45:10-TestNG--INFO -com.ctaf.accelerators.TestEngine:Current Test : TC_05_oneWayDomesticEconomy_RUH_TIF
2017-12-21 17:47:36-TestNG--INFO -com.ctaf.accelerators.TestEngine:Current Test : TC_06_oneWayDomesticEconomy_RUH_HAS
2017-12-21 17:50:27-TestNG--INFO -com.ctaf.accelerators.TestEngine:Current Test : TC_07_oneWayDomesticEconomy_RUH_TUU
2017-12-21 17:52:53-TestNG--INFO -com.ctaf.accelerators.TestEngine:Current Test : TC_08_oneWayDomesticEconomy_RUH_URY
2017-12-21 17:56:04-TestNG--INFO -com.ctaf.accelerators.TestEngine:Current Test : TC_09_oneWayDomesticEconomy_RUH_AJF
2017-12-21 17:58:32-TestNG--INFO -com.ctaf.accelerators.TestEngine:Current Test : TC_10_oneWayDomesticEconomy_RUH_ABT
2017-12-21 18:01:14-TestNG--INFO -com.ctaf.accelerators.TestEngine:Current Test : TC_11_roundTripDomesticEconomy_JED_DMM
2017-12-21 18:05:10-TestNG--INFO -com.ctaf.accelerators.TestEngine:Current Test : TC_12_roundTripDomesticEconomy_JED_GIZ
2017-12-21 18:08:31-TestNG--INFO -com.ctaf.accelerators.TestEngine:Current Test : TC_13_roundTripDomesticEconomy_JED_MED
2017-12-21 18:11:58-TestNG--INFO -com.ctaf.accelerators.TestEngine:Current Test : TC_14_roundTripDomesticEconomy_JED_AHB
2017-12-21 18:15:30-TestNG--INFO -com.ctaf.accelerators.TestEngine:Current Test : TC_15_roundTripDomesticEconomy_JED_TUU
2017-12-21 18:18:45-TestNG--INFO -com.ctaf.accelerators.TestEngine:Current Test : TC_16_roundTripDomesticEconomy_JED_ELQ
2017-12-21 18:19:51-TestNG--INFO -com.ctaf.accelerators.TestEngine: Able to get TscreenShot
2017-12-21 18:20:06-TestNG--INFO -com.ctaf.accelerators.TestEngine:Current Test : TC_17_roundTripDomesticEconomy_DMM_TIF
2017-12-21 18:23:45-TestNG--INFO -com.ctaf.accelerators.TestEngine: Able to get TscreenShot
2017-12-21 18:24:00-TestNG--INFO -com.ctaf.accelerators.TestEngine:Current Test : TC_18_roundTripDomesticEconomy_DMM_AHB
2017-12-21 18:26:35-TestNG--INFO -com.ctaf.accelerators.TestEngine:Current Test : TC_19_roundTripDomesticEconomy_DMM_YNB
2017-12-21 18:30:02-TestNG--INFO -com.ctaf.accelerators.TestEngine:Current Test : TC_20_roundTripDomesticEconomy_DMM_MED
2017-12-21 18:33:04-TestNG--INFO -com.ctaf.accelerators.TestEngine:Current Test : TC_21_roundTripDomesticEconomy_DMM_GIZ
2017-12-21 18:35:47-TestNG--INFO -com.ctaf.accelerators.TestEngine:Current Test : TC_22_roundTripDomesticEconomy_DMM_ELQ
2017-12-21 18:40:10-TestNG--INFO -com.ctaf.accelerators.TestEngine:Current Test : TC_23_roundTripDomesticEconomy_DMM_HAS
2017-12-21 18:43:22-TestNG--INFO -com.ctaf.accelerators.TestEngine:Current Test : TC_24_roundTripDomesticEconomy_DMM_TUU
2017-12-21 18:47:45-TestNG--INFO -com.ctaf.accelerators.TestEngine: Able to get TscreenShot
2017-12-21 18:47:58-TestNG--INFO -com.ctaf.accelerators.TestEngine:Current Test : TC_25_roundTripDomesticEconomy_DMM_ABT
2017-12-21 18:51:07-TestNG--INFO -com.ctaf.accelerators.TestEngine:Current Test : TC_26_oneWayDomesticEconomy_AHB_ABT
2017-12-21 18:53:46-TestNG--INFO -com.ctaf.accelerators.TestEngine:Current Test : TC_27_oneWayDomesticEconomy_AHB_BHH
2017-12-21 18:56:27-TestNG--INFO -com.ctaf.accelerators.TestEngine:Current Test : TC_28_oneWayDomesticEconomy_AHB_WAE
2017-12-21 19:01:32-TestNG--INFO -com.ctaf.accelerators.TestEngine: Able to get TscreenShot
2017-12-21 19:01:46-TestNG--INFO -com.ctaf.accelerators.TestEngine:Current Test : TC_29_oneWayDomesticEconomy_AHB_GIZ
2017-12-21 19:05:14-TestNG--INFO -com.ctaf.accelerators.TestEngine:Current Test : TC_30_oneWayDomesticEconomy_AHB_SHW
2017-12-21 19:08:18-TestNG--INFO -com.ctaf.accelerators.TestEngine:Current Test : TC_31_oneWayDomesticEconomy_JED_DXB
2017-12-21 19:10:44-TestNG--INFO -com.ctaf.accelerators.TestEngine:Current Test : TC_32_oneWayInternationalEconomy_RUH_DXB
2017-12-21 19:13:18-TestNG--INFO -com.ctaf.accelerators.TestEngine:Current Test : TC_33_oneWayInternationalEconomy_RUH_AUH
2017-12-21 19:16:32-TestNG--INFO -com.ctaf.accelerators.TestEngine:Current Test : TC_34_oneWayInternationalEconomy_JED_AUH
2017-12-21 19:18:51-TestNG--INFO -com.ctaf.accelerators.TestEngine:Current Test : TC_35_oneWayInternationalEconomy_JED_KWI
2017-12-21 19:21:25-TestNG--INFO -com.ctaf.accelerators.TestEngine:Current Test : TC_36_oneWayInternationalEconomy_RUH_KWI
2017-12-21 19:24:28-TestNG--INFO -com.ctaf.accelerators.TestEngine:Current Test : TC_37_oneWayInternationalEconomy_MED_KWI
2017-12-21 19:27:11-TestNG--INFO -com.ctaf.accelerators.TestEngine:Current Test : TC_38_oneWayInternationalEconomy_TIF_KWI
2017-12-21 19:29:30-TestNG--INFO -com.ctaf.accelerators.TestEngine:Current Test : TC_39_oneWayInternationalEconomy_JED_ASW
2017-12-21 19:39:42-TestNG--INFO -com.ctaf.accelerators.TestEngine: Able to get TscreenShot
2017-12-21 19:39:42-TestNG--INFO -com.ctaf.accelerators.TestEngine: Able to get TscreenShot
2017-12-21 19:40:12-TestNG--INFO -com.ctaf.accelerators.TestEngine:Current Test : TC_40_oneWayInternationalEconomy_JED_HBE
2017-12-21 19:43:45-TestNG--INFO -com.ctaf.accelerators.TestEngine:Current Test : TC_41_oneWayInternationalEconomy_JED_HMB
2017-12-21 19:47:52-TestNG--INFO -com.ctaf.accelerators.TestEngine:Current Test : TC_42_oneWayInternationalEconomy_RUH_HMB
2017-12-21 19:51:21-TestNG--INFO -com.ctaf.accelerators.TestEngine:Current Test : TC_43_oneWayInternationalEconomy_JED_LXR
2017-12-21 19:54:51-TestNG--INFO -com.ctaf.accelerators.TestEngine:Current Test : TC_44_roundTripInternationalEconomy_JED_SSH
2017-12-21 19:59:54-TestNG--INFO -com.ctaf.accelerators.TestEngine:Current Test : TC_45_roundTripInternationalEconomy_JED_CAI
2017-12-21 20:02:50-TestNG--INFO -com.ctaf.accelerators.TestEngine:Current Test : TC_46_roundTripInternationalEconomy_RUH_CAI
2017-12-21 20:05:21-TestNG--INFO -com.ctaf.accelerators.TestEngine:Current Test : TC_47_roundTripInternationalEconomy_RUH_ATZ
2017-12-21 20:09:08-TestNG--INFO -com.ctaf.accelerators.TestEngine:Current Test : TC_48_roundTripInternationalEconomy_JED_ATZ
2017-12-21 20:12:49-TestNG--INFO -com.ctaf.accelerators.TestEngine:Current Test : TC_49_roundTripInternationalEconomy_JED_AMM
2017-12-21 20:15:40-TestNG--INFO -com.ctaf.accelerators.TestEngine:Current Test : TC_50_roundTripInternationalEconomy_RUH_AMM
2017-12-21 20:18:52-TestNG--INFO -com.ctaf.accelerators.TestEngine:Current Test : TC_62_roundTripDomesticEconomyAddExtra_RUH_AHB
2017-12-21 20:21:14-TestNG--INFO -com.ctaf.accelerators.TestEngine: Able to get TscreenShot
2017-12-21 20:21:31-TestNG--INFO -com.ctaf.accelerators.TestEngine:Current Test : TC_63_oneWayDomesticFlex_RUH_JED
2017-12-21 20:24:25-TestNG--INFO -com.ctaf.accelerators.TestEngine:Current Test : TC_64_oneWayDomesticFlex_RUH_DMM
2017-12-21 20:26:48-TestNG--INFO -com.ctaf.accelerators.TestEngine:Current Test : TC_65_oneWayDomesticFlex_RUH_GIZ
2017-12-21 20:29:12-TestNG--INFO -com.ctaf.accelerators.TestEngine:Current Test : TC_66_oneWayDomesticFex_RUH_MED
2017-12-21 20:32:03-TestNG--INFO -com.ctaf.accelerators.TestEngine:Current Test : TC_67_oneWayDomesticFlex_RUH_TIF
2017-12-21 20:34:21-TestNG--INFO -com.ctaf.accelerators.TestEngine:Current Test : TC_68_oneWayDomesticFlex_RUH_HAS
2017-12-21 20:36:41-TestNG--INFO -com.ctaf.accelerators.TestEngine:Current Test : TC_69_oneWayDomestiFlex_RUH_TUU
2017-12-21 20:39:28-TestNG--INFO -com.ctaf.accelerators.TestEngine:Current Test : TC_70_oneWayDomesticFlex_RUH_URY
2017-12-21 20:41:44-TestNG--INFO -com.ctaf.accelerators.TestEngine:Current Test : TC_71_oneWayDomesticFlex_RUH_AJF
2017-12-21 20:44:29-TestNG--INFO -com.ctaf.accelerators.TestEngine:Current Test : TC_72_oneWayDomesticFlex_RUH_ABT
2017-12-21 20:46:41-TestNG--INFO -com.ctaf.accelerators.TestEngine: Able to get TscreenShot
2017-12-21 20:46:54-TestNG--INFO -com.ctaf.accelerators.TestEngine:Current Test : TC_73_roundTripDomesticFlex_JED_DMM
2017-12-21 20:49:58-TestNG--INFO -com.ctaf.accelerators.TestEngine:Current Test : TC_74_roundTripDomesticFlex_JED_GIZ
2017-12-21 20:53:27-TestNG--INFO -com.ctaf.accelerators.TestEngine:Current Test : TC_75_roundTripDomesticFlex_JED_MED
2017-12-21 20:57:23-TestNG--INFO -com.ctaf.accelerators.TestEngine:Current Test : TC_76_roundTripDomesticFlex_JED_AHB
2017-12-21 21:00:06-TestNG--INFO -com.ctaf.accelerators.TestEngine:Current Test : TC_77_roundTripDomesticFlex_JED_TUU
2017-12-21 21:04:14-TestNG--INFO -com.ctaf.accelerators.TestEngine:Current Test : TC_78_roundTripDomesticFlex_JED_ELQ
2017-12-21 21:06:52-TestNG--INFO -com.ctaf.accelerators.TestEngine:Current Test : TC_79_roundTripDomesticFlex_DMM_TIF
2017-12-21 21:10:15-TestNG--INFO -com.ctaf.accelerators.TestEngine:Current Test : TC_80_roundTripDomesticFlex_DMM_AHB
2017-12-21 21:11:20-TestNG--INFO -com.ctaf.accelerators.TestEngine: Able to get TscreenShot
2017-12-21 21:11:32-TestNG--INFO -com.ctaf.accelerators.TestEngine:Current Test : TC_81_roundTripDomesticFlex_DMM_YNB
2017-12-21 21:15:04-TestNG--INFO -com.ctaf.accelerators.TestEngine:Current Test : TC_82_roundTripDomesticFlex_DMM_MED
2017-12-21 21:18:54-TestNG--INFO -com.ctaf.accelerators.TestEngine:Current Test : TC_83_roundTripDomesticFlex_DMM_GIZ
2017-12-21 21:22:24-TestNG--INFO -com.ctaf.accelerators.TestEngine:Current Test : TC_84_roundTripDomesticFlex_DMM_ELQ
2017-12-21 21:26:15-TestNG--INFO -com.ctaf.accelerators.TestEngine:Current Test : TC_85_roundTripDomesticFlex_DMM_HAS
2017-12-21 21:30:02-TestNG--INFO -com.ctaf.accelerators.TestEngine:Current Test : TC_86_roundTripDomesticFlex_DMM_TUU
2017-12-21 21:33:42-TestNG--INFO -com.ctaf.accelerators.TestEngine: Able to get TscreenShot
2017-12-21 21:33:54-TestNG--INFO -com.ctaf.accelerators.TestEngine:Current Test : TC_87_roundTripDomesticFlex_DMM_ABT
2017-12-21 21:36:43-TestNG--INFO -com.ctaf.accelerators.TestEngine:Current Test : TC_88_oneWayDomesticFlex_AHB_ABT
2017-12-21 21:39:02-TestNG--INFO -com.ctaf.accelerators.TestEngine:Current Test : TC_89_oneWayDomesticFlex_AHB_BHH
2017-12-21 21:42:04-TestNG--INFO -com.ctaf.accelerators.TestEngine:Current Test : TC_90_oneWayDomesticFlex_AHB_WAE
2017-12-21 21:45:17-TestNG--INFO -com.ctaf.accelerators.TestEngine:Current Test : TC_91_oneWayDomesticFlex_AHB_GIZ
2017-12-21 21:48:44-TestNG--INFO -com.ctaf.accelerators.TestEngine:Current Test : TC_92_oneWayDomesticFlex_AHB_SHW
2017-12-21 21:51:58-TestNG--INFO -com.ctaf.accelerators.TestEngine:Current Test : TC_93_oneWayInternationalFlex_JED_DXB
2017-12-21 21:54:19-TestNG--INFO -com.ctaf.accelerators.TestEngine:Current Test : TC_94_oneWayInternationalFlex_RUH_DXB
2017-12-21 21:56:46-TestNG--INFO -com.ctaf.accelerators.TestEngine:Current Test : TC_95_oneWayInternationalFlex_RUH_AUH
2017-12-21 22:00:06-TestNG--INFO -com.ctaf.accelerators.TestEngine:Current Test : TC_96_oneWayInternationalFlex_JED_AUH
2017-12-21 22:03:10-TestNG--INFO -com.ctaf.accelerators.TestEngine:Current Test : TC_97_oneWayInternationalFlex_JED_KWI
2017-12-21 22:05:38-TestNG--INFO -com.ctaf.accelerators.TestEngine:Current Test : TC_98_oneWayInternationalFlex_RUH_KWI
2017-12-21 22:08:18-TestNG--INFO -com.ctaf.accelerators.TestEngine:Current Test : TC_99_oneWayInternationalFlex_MED_KWI
2017-12-21 22:10:34-TestNG--INFO -com.ctaf.accelerators.TestEngine:Current Test : TC_100_oneWayInternationalFlex_TIF_KWI
2017-12-21 22:12:55-TestNG--INFO -com.ctaf.accelerators.TestEngine:Current Test : TC_101_oneWayInternationalFlex_JED_ASW
2017-12-21 22:23:09-TestNG--INFO -com.ctaf.accelerators.TestEngine: Able to get TscreenShot
2017-12-21 22:23:09-TestNG--INFO -com.ctaf.accelerators.TestEngine: Able to get TscreenShot
2017-12-21 22:23:22-TestNG--INFO -com.ctaf.accelerators.TestEngine:Current Test : TC_102_oneWayInternationalFlex_JED_HBE
2017-12-21 22:27:05-TestNG--INFO -com.ctaf.accelerators.TestEngine:Current Test : TC_104_oneWayInternationalFlex_RUH_HMB
2017-12-21 22:30:38-TestNG--INFO -com.ctaf.accelerators.TestEngine:Current Test : TC_105_oneWayInternationalFlex_JED_LXR
2017-12-21 22:34:10-TestNG--INFO -com.ctaf.accelerators.TestEngine:Current Test : TC_106_roundTripInternationalFlex_JED_SSH
2017-12-21 22:39:14-TestNG--INFO -com.ctaf.accelerators.TestEngine:Current Test : TC_107_roundTripInternationalFlex_JED_CAI
2017-12-21 22:42:07-TestNG--INFO -com.ctaf.accelerators.TestEngine:Current Test : TC_108_roundTripInternationalFlex_RUH_CAI
2017-12-21 22:44:43-TestNG--INFO -com.ctaf.accelerators.TestEngine:Current Test : TC_109_roundTripInternationalFlex_RUH_ATZ
2017-12-21 22:48:34-TestNG--INFO -com.ctaf.accelerators.TestEngine:Current Test : TC_110_roundTripInternationalFlex_JED_ATZ
2017-12-21 22:52:01-TestNG--INFO -com.ctaf.accelerators.TestEngine:Current Test : TC_111_roundTripInternationalFlex_JED_AMM
2017-12-21 22:54:52-TestNG--INFO -com.ctaf.accelerators.TestEngine:Current Test : TC_112_roundTripInternationalFlex_RUH_AMM
2017-12-21 22:57:34-TestNG--INFO -com.ctaf.accelerators.TestEngine:Current Test : TC_124_roundTripDomesticFlexAddExtra_RUH_AHB
2017-12-21 22:59:39-TestNG--INFO -com.ctaf.accelerators.TestEngine: Able to get TscreenShot
2017-12-21 22:59:55-TestNG--INFO -com.ctaf.accelerators.TestEngine:Current Test : TC_125_oneWayDomesticBusiness_RUH_JED
2017-12-21 23:02:15-TestNG--INFO -com.ctaf.accelerators.TestEngine:Current Test : TC_126_oneWayDomesticBusiness_RUH_DMM
2017-12-21 23:04:41-TestNG--INFO -com.ctaf.accelerators.TestEngine:Current Test : TC_127_oneWayDomesticBusiness_RUH_GIZ
2017-12-21 23:07:05-TestNG--INFO -com.ctaf.accelerators.TestEngine:Current Test : TC_128_oneWayDomesticBusiness_RUH_MED
2017-12-21 23:09:41-TestNG--INFO -com.ctaf.accelerators.TestEngine:Current Test : TC_129_oneWayDomesticBusiness_RUH_TIF
2017-12-21 23:12:02-TestNG--INFO -com.ctaf.accelerators.TestEngine:Current Test : TC_130_oneWayDomesticBusiness_RUH_HAS
2017-12-21 23:14:44-TestNG--INFO -com.ctaf.accelerators.TestEngine:Current Test : TC_131_oneWayDomesticBusiness_RUH_TUU
2017-12-21 23:17:19-TestNG--INFO -com.ctaf.accelerators.TestEngine:Current Test : TC_132_oneWayDomesticBusiness_RUH_URY
2017-12-21 23:19:40-TestNG--INFO -com.ctaf.accelerators.TestEngine:Current Test : TC_133_oneWayDomesticBusiness_RUH_AJF
2017-12-21 23:22:00-TestNG--INFO -com.ctaf.accelerators.TestEngine:Current Test : TC_134_oneWayDomesticBusiness_RUH_ABT
2017-12-21 23:22:15-TestNG--INFO -com.ctaf.accelerators.TestEngine: Able to get TscreenShot
2017-12-21 23:22:29-TestNG--INFO -com.ctaf.accelerators.TestEngine:Current Test : TC_135_roundTripDomesticBusiness_JED_DMM
2017-12-21 23:25:22-TestNG--INFO -com.ctaf.accelerators.TestEngine:Current Test : TC_136_roundTripDomesticBusiness_JED_GIZ
2017-12-21 23:28:18-TestNG--INFO -com.ctaf.accelerators.TestEngine:Current Test : TC_137_roundTripDomesticBusiness_JED_MED
2017-12-21 23:31:54-TestNG--INFO -com.ctaf.accelerators.TestEngine:Current Test : TC_138_roundTripDomesticBusiness_JED_AHB
2017-12-21 23:34:42-TestNG--INFO -com.ctaf.accelerators.TestEngine:Current Test : TC_139_roundTripDomesticBusiness_JED_TUU
2017-12-21 23:37:54-TestNG--INFO -com.ctaf.accelerators.TestEngine:Current Test : TC_140_roundTripDomesticBusiness_JED_ELQ
2017-12-21 23:40:37-TestNG--INFO -com.ctaf.accelerators.TestEngine:Current Test : TC_141_roundTripDomesticBusiness_DMM_TIF
2017-12-21 23:43:53-TestNG--INFO -com.ctaf.accelerators.TestEngine:Current Test : TC_142_roundTripDomesticBusiness_DMM_AHB
2017-12-21 23:46:20-TestNG--INFO -com.ctaf.accelerators.TestEngine:Current Test : TC_143_roundTripDomesticBusiness_DMM_YNB
2017-12-21 23:49:20-TestNG--INFO -com.ctaf.accelerators.TestEngine:Current Test : TC_144_roundTripDomesticBusiness_DMM_MED
2017-12-21 23:52:28-TestNG--INFO -com.ctaf.accelerators.TestEngine:Current Test : TC_145_roundTripDomesticBusiness_DMM_GIZ
2017-12-21 23:55:26-TestNG--INFO -com.ctaf.accelerators.TestEngine:Current Test : TC_146_roundTripDomesticBusiness_DMM_ELQ
2017-12-21 23:59:43-TestNG--INFO -com.ctaf.accelerators.TestEngine:Current Test : TC_147_roundTripDomesticBusiness_DMM_HAS
