2017-12-18 13:56:04-main--INFO -com.ctaf.accelerators.TestEngine:Starting browser : Chrome
2017-12-18 13:56:26-main--INFO -com.ctaf.accelerators.TestEngine:Current Test : TC02b_RTDomSimple1AdultCC
2017-12-18 13:57:40-main--INFO -com.ctaf.accelerators.TestEngine:Starting browser : Chrome
2017-12-18 13:57:59-main--INFO -com.ctaf.accelerators.TestEngine:Current Test : TC02b_RTDomSimple1AdultCC
2017-12-18 13:59:45-main--INFO -com.ctaf.accelerators.TestEngine:Starting browser : Chrome
2017-12-18 13:59:59-main--INFO -com.ctaf.accelerators.TestEngine:Current Test : TC_02_oneWayDomesticEcoSADAD
2017-12-18 14:22:21-main--INFO -com.ctaf.accelerators.TestEngine:Starting browser : Chrome
2017-12-18 14:22:44-main--INFO -com.ctaf.accelerators.TestEngine:Current Test : TC02a_oneWayDomSimple1AdultCC
2017-12-18 14:26:40-main--INFO -com.ctaf.accelerators.TestEngine:Current Test : TC_07_RTDom4adultBusinessCC
2017-12-18 14:30:53-main--INFO -com.ctaf.accelerators.TestEngine:Current Test : TC_25_anonymousOneWayDomesticOneAdultCheckInTR
2017-12-18 14:36:30-main--INFO -com.ctaf.accelerators.TestEngine:Current Test : TC_29_redemptionBookingwithGoldMember
2017-12-18 14:39:09-main--INFO -com.ctaf.accelerators.TestEngine: Able to get TscreenShot
2017-12-18 14:39:25-main--INFO -com.ctaf.accelerators.TestEngine:Current Test : TC_46_RTDomfullCancelVerifyMMB
2017-12-18 14:44:26-main--INFO -com.ctaf.accelerators.TestEngine:Current Test : TC_52_oneWayDomMMBChangeDateCancel
2017-12-18 14:50:13-main--INFO -com.ctaf.accelerators.TestEngine:Current Test : TC_56_RTDomBothLegMMBChangedateSeatsExtrasBaggageLounge
2017-12-18 14:56:27-main--INFO -com.ctaf.accelerators.TestEngine: Able to get TscreenShot
2017-12-18 14:56:28-main--INFO -com.ctaf.accelerators.TestEngine: Able to get TscreenShot
2017-12-18 16:15:41-main--INFO -com.ctaf.accelerators.TestEngine:Starting browser : Chrome
2017-12-18 16:18:35-main--INFO -com.ctaf.accelerators.TestEngine:Current Test : TC_11oneAdultoneChildoneInfantPartCodeShare
2017-12-18 16:20:41-main--INFO -com.ctaf.accelerators.TestEngine: Able to get TscreenShot
2017-12-18 16:21:55-main--INFO -com.ctaf.accelerators.TestEngine:Current Test : TC_17_RTChangeflightCheckIN
2017-12-18 16:22:05-main--INFO -com.ctaf.accelerators.TestEngine: Able to get TscreenShot
2017-12-18 16:24:24-main--INFO -com.ctaf.accelerators.TestEngine:Current Test : TC_18_corporateLoginRToneAdultCancelFlight
2017-12-18 16:27:59-main--INFO -com.ctaf.accelerators.TestEngine: Able to get TscreenShot
2017-12-18 16:27:59-main--INFO -com.ctaf.accelerators.TestEngine: Able to get TscreenShot
2017-12-18 16:32:42-main--INFO -com.ctaf.accelerators.TestEngine:Current Test : TC_59_RTIntlReturningLegMMBChangedateSeatsExtrasBaggageLounge
2017-12-18 16:32:53-main--INFO -com.ctaf.accelerators.TestEngine: Able to get TscreenShot
2017-12-18 18:38:44-main--INFO -com.ctaf.accelerators.TestEngine:Android
2017-12-18 18:39:47-main--INFO -com.ctaf.accelerators.TestEngine:Current Test : TC_01_oneWayDomesticEcoSADAD
2017-12-18 18:41:31-main--INFO -com.ctaf.accelerators.TestEngine: Able to get TscreenShot
2017-12-18 18:41:46-main--INFO -com.ctaf.accelerators.TestEngine:Current Test : TC_11_oneAudaltOneChildOneInfantPartCordShare
2017-12-18 18:44:59-main--INFO -com.ctaf.accelerators.TestEngine: Able to get TscreenShot
2017-12-18 18:45:17-main--INFO -com.ctaf.accelerators.TestEngine:Current Test : TC_02_oneWayDomesticBusinessCC
2017-12-18 18:50:44-main--INFO -com.ctaf.accelerators.TestEngine:Current Test : TC_12_PayWithCreditShell
2017-12-18 18:53:26-main--INFO -com.ctaf.accelerators.TestEngine: Able to get TscreenShot
2017-12-18 18:53:29-main--INFO -com.ctaf.accelerators.TestEngine:Current Test : TC_03_oneWayDomesticEcoChangeDate
2017-12-18 18:58:03-main--INFO -com.ctaf.accelerators.TestEngine: Able to get TscreenShot
2017-12-18 18:58:06-main--INFO -com.ctaf.accelerators.TestEngine:Current Test : TC_13_oneWayDomesticEconomyCCUSD
2017-12-18 18:59:46-main--INFO -com.ctaf.accelerators.TestEngine: Able to get TscreenShot
2017-12-18 18:59:49-main--INFO -com.ctaf.accelerators.TestEngine:Current Test : TC_04_oneWayDomOneAdultCheckin
2017-12-18 19:05:09-main--INFO -com.ctaf.accelerators.TestEngine: Able to get TscreenShot
2017-12-18 19:05:12-main--INFO -com.ctaf.accelerators.TestEngine:Current Test : TC_14_oneWayDomesticEconomyCCEuro
2017-12-18 19:06:55-main--INFO -com.ctaf.accelerators.TestEngine: Able to get TscreenShot
2017-12-18 19:06:58-main--INFO -com.ctaf.accelerators.TestEngine:Current Test : TC_05_oneWayDomNineAdultCheckin
2017-12-18 19:10:43-main--INFO -com.ctaf.accelerators.TestEngine: Able to get TscreenShot
2017-12-18 19:10:46-main--INFO -com.ctaf.accelerators.TestEngine:Current Test : TC_15_verifingFareSummaryPrices
2017-12-18 19:12:54-main--INFO -com.ctaf.accelerators.TestEngine:Current Test : TC_06_oneWayInterTwoAdultEco
2017-12-18 19:16:34-main--INFO -com.ctaf.accelerators.TestEngine: Able to get TscreenShot
2017-12-18 19:16:37-main--INFO -com.ctaf.accelerators.TestEngine:Current Test : TC_07_roundTripDomFourAdultBusins
2017-12-18 19:18:20-main--INFO -com.ctaf.accelerators.TestEngine: Able to get TscreenShot
2017-12-18 19:18:23-main--INFO -com.ctaf.accelerators.TestEngine:Current Test : TC_08_RTInt1ad1Ch1InBusExtra
2017-12-18 19:21:59-main--INFO -com.ctaf.accelerators.TestEngine: Able to get TscreenShot
2017-12-18 19:22:02-main--INFO -com.ctaf.accelerators.TestEngine:Current Test : TC_09_RTInt1ad1Ch1InEcoExtras
2017-12-18 19:26:27-main--INFO -com.ctaf.accelerators.TestEngine: Able to get TscreenShot
