2017-12-12 12:43:47-main--INFO -com.ctaf.accelerators.TestEngine:Starting browser : Chrome
2017-12-12 12:46:27-main--INFO -com.ctaf.accelerators.TestEngine:Starting browser : Chrome
2017-12-12 12:47:44-main--INFO -com.ctaf.accelerators.TestEngine:Current Test : TC_56_RTDomBothLegMMB
2017-12-12 12:47:55-main--INFO -com.ctaf.accelerators.TestEngine: Able to get TscreenShot
2017-12-12 12:48:14-main--INFO -com.ctaf.accelerators.TestEngine:Starting browser : Chrome
2017-12-12 12:48:28-main--INFO -com.ctaf.accelerators.TestEngine:Current Test : TC_55_oneWayDomesticBusOneAdultAmexBookingAR
2017-12-12 12:49:08-main--INFO -com.ctaf.accelerators.TestEngine:Starting browser : Chrome
2017-12-12 12:51:28-main--INFO -com.ctaf.accelerators.TestEngine:Starting browser : Chrome
2017-12-12 12:51:46-main--INFO -com.ctaf.accelerators.TestEngine:Current Test : TC_55_oneWayDomesticBusOneAdultAmexBookingAR
2017-12-12 12:54:39-main--INFO -com.ctaf.accelerators.TestEngine:Starting browser : Chrome
2017-12-12 12:54:56-main--INFO -com.ctaf.accelerators.TestEngine:Current Test : TC_46_RTDomfullCancelVerifyMMB
2017-12-12 12:55:16-main--INFO -com.ctaf.accelerators.TestEngine:Starting browser : Chrome
2017-12-12 12:55:34-main--INFO -com.ctaf.accelerators.TestEngine:Current Test : TC_56_RTDomBothLegMMB
2017-12-12 12:58:42-main--INFO -com.ctaf.accelerators.TestEngine: Able to get TscreenShot
2017-12-12 13:14:52-main--INFO -com.ctaf.accelerators.TestEngine:Starting browser : Chrome
2017-12-12 13:15:08-main--INFO -com.ctaf.accelerators.TestEngine:Current Test : TC_56_RTDomBothLegMMB
2017-12-12 13:58:34-main--INFO -com.ctaf.accelerators.TestEngine:Starting browser : Chrome
2017-12-12 13:58:50-main--INFO -com.ctaf.accelerators.TestEngine:Current Test : TC_56_RTDomBothLegMMB
2017-12-12 14:03:49-main--INFO -com.ctaf.accelerators.TestEngine: Able to get TscreenShot
2017-12-12 16:09:50-main--INFO -com.ctaf.accelerators.TestEngine:Starting browser : Chrome
2017-12-12 16:10:07-main--INFO -com.ctaf.accelerators.TestEngine:Current Test : TC_56_RTDomBothLegMMB
2017-12-12 16:15:45-main--INFO -com.ctaf.accelerators.TestEngine: Able to get TscreenShot
2017-12-12 16:21:02-main--INFO -com.ctaf.accelerators.TestEngine:Starting browser : Chrome
2017-12-12 16:21:17-main--INFO -com.ctaf.accelerators.TestEngine:Current Test : TC_56_RTDomBothLegMMB
2017-12-12 16:22:37-main--INFO -com.ctaf.accelerators.TestEngine:Starting browser : Chrome
2017-12-12 16:22:53-main--INFO -com.ctaf.accelerators.TestEngine:Current Test : TC_56_RTDomBothLegMMB
2017-12-12 16:25:51-main--INFO -com.ctaf.accelerators.TestEngine: Able to get TscreenShot
2017-12-12 16:41:30-main--INFO -com.ctaf.accelerators.TestEngine:Starting browser : Chrome
2017-12-12 16:41:44-main--INFO -com.ctaf.accelerators.TestEngine:Current Test : TC_56_RTDomBothLegMMB
2017-12-12 16:47:40-main--INFO -com.ctaf.accelerators.TestEngine: Able to get TscreenShot
2017-12-12 16:47:40-main--INFO -com.ctaf.accelerators.TestEngine: Able to get TscreenShot
2017-12-12 17:52:55-main--INFO -com.ctaf.accelerators.TestEngine:Starting browser : Chrome
2017-12-12 17:53:13-main--INFO -com.ctaf.accelerators.TestEngine:Current Test : TC_57_RTDomDepartingLegMMBChangedateSeatsExtrasBaggageLounge
2017-12-12 17:56:37-main--INFO -com.ctaf.accelerators.TestEngine: Able to get TscreenShot
2017-12-12 18:00:53-main--INFO -com.ctaf.accelerators.TestEngine:Starting browser : Chrome
2017-12-12 18:01:08-main--INFO -com.ctaf.accelerators.TestEngine:Current Test : TC_57_RTDomDepartingLegMMBChangedateSeatsExtrasBaggageLounge
2017-12-12 18:04:31-main--INFO -com.ctaf.accelerators.TestEngine: Able to get TscreenShot
2017-12-12 18:04:31-main--INFO -com.ctaf.accelerators.TestEngine: Able to get TscreenShot
2017-12-12 18:31:52-main--INFO -com.ctaf.accelerators.TestEngine:Starting browser : Chrome
2017-12-12 18:32:09-main--INFO -com.ctaf.accelerators.TestEngine:Current Test : TC_57_RTDomDepartingLegMMBChangedateSeatsExtrasBaggageLounge
2017-12-12 18:38:01-main--INFO -com.ctaf.accelerators.TestEngine: Able to get TscreenShot
2017-12-12 18:38:01-main--INFO -com.ctaf.accelerators.TestEngine: Able to get TscreenShot
2017-12-12 19:52:05-main--INFO -com.ctaf.accelerators.TestEngine:Starting browser : Chrome
2017-12-12 19:52:21-main--INFO -com.ctaf.accelerators.TestEngine:Current Test : TC_20_memberRegistration
2017-12-12 20:07:32-main--INFO -com.ctaf.accelerators.TestEngine:Starting browser : Chrome
2017-12-12 20:07:46-main--INFO -com.ctaf.accelerators.TestEngine:Current Test : TC_20_memberRegistration
2017-12-12 20:08:40-main--INFO -com.ctaf.accelerators.TestEngine: Able to get TscreenShot
2017-12-12 20:11:36-main--INFO -com.ctaf.accelerators.TestEngine:Starting browser : Chrome
2017-12-12 20:11:49-main--INFO -com.ctaf.accelerators.TestEngine:Current Test : TC_20_memberRegistration
2017-12-12 20:13:41-main--INFO -com.ctaf.accelerators.TestEngine:Starting browser : Chrome
2017-12-12 20:13:53-main--INFO -com.ctaf.accelerators.TestEngine:Current Test : TC_20_memberRegistration
2017-12-12 20:15:49-main--INFO -com.ctaf.accelerators.TestEngine:Starting browser : Chrome
2017-12-12 20:16:06-main--INFO -com.ctaf.accelerators.TestEngine:Current Test : TC20b_verifyRegistrationFailureWithExistingMailID
2017-12-12 20:23:45-main--INFO -com.ctaf.accelerators.TestEngine:Starting browser : Chrome
2017-12-12 20:24:11-main--INFO -com.ctaf.accelerators.TestEngine:Starting browser : Chrome
2017-12-12 20:25:20-main--INFO -com.ctaf.accelerators.TestEngine:Starting browser : Chrome
2017-12-12 20:25:36-main--INFO -com.ctaf.accelerators.TestEngine:Current Test : TC20b_verifyRegistrationFailureWithExistingMailID
2017-12-12 20:25:59-main--INFO -com.ctaf.accelerators.TestEngine:Starting browser : Chrome
2017-12-12 20:26:14-main--INFO -com.ctaf.accelerators.TestEngine:Current Test : TC_20_memberRegistration
2017-12-12 20:33:39-main--INFO -com.ctaf.accelerators.TestEngine:Starting browser : Chrome
2017-12-12 20:33:54-main--INFO -com.ctaf.accelerators.TestEngine:Current Test : TC_20_memberRegistration
2017-12-12 20:35:01-main--INFO -com.ctaf.accelerators.TestEngine:Starting browser : Chrome
2017-12-12 20:35:20-main--INFO -com.ctaf.accelerators.TestEngine:Current Test : TC_20_memberRegistration
2017-12-12 20:44:46-main--INFO -com.ctaf.accelerators.TestEngine:Starting browser : Chrome
2017-12-12 20:45:00-main--INFO -com.ctaf.accelerators.TestEngine:Current Test : TC20c_VerifyAlertChildRegistrationNBooking
2017-12-12 20:45:43-main--INFO -com.ctaf.accelerators.TestEngine: Able to get TscreenShot
2017-12-12 20:47:13-main--INFO -com.ctaf.accelerators.TestEngine:Starting browser : Chrome
2017-12-12 20:47:28-main--INFO -com.ctaf.accelerators.TestEngine:Current Test : TC20c_VerifyAlertChildRegistrationNBooking
2017-12-12 20:48:05-main--INFO -com.ctaf.accelerators.TestEngine: Able to get TscreenShot
2017-12-12 20:51:16-main--INFO -com.ctaf.accelerators.TestEngine:Starting browser : Chrome
2017-12-12 20:51:31-main--INFO -com.ctaf.accelerators.TestEngine:Current Test : TC20c_VerifyAlertChildRegistrationNBooking
2017-12-12 20:59:04-main--INFO -com.ctaf.accelerators.TestEngine:Starting browser : Chrome
2017-12-12 20:59:22-main--INFO -com.ctaf.accelerators.TestEngine:Current Test : TC20c_VerifyAlertChildRegistrationNBooking
2017-12-12 21:01:15-main--INFO -com.ctaf.accelerators.TestEngine: Able to get TscreenShot
2017-12-12 21:02:18-main--INFO -com.ctaf.accelerators.TestEngine:Starting browser : Chrome
2017-12-12 21:02:31-main--INFO -com.ctaf.accelerators.TestEngine:Current Test : TC20c_VerifyAlertChildRegistrationNBooking
2017-12-12 21:03:44-main--INFO -com.ctaf.accelerators.TestEngine:Starting browser : Chrome
2017-12-12 21:03:57-main--INFO -com.ctaf.accelerators.TestEngine:Current Test : TC20c_VerifyAlertChildRegistrationNBooking
2017-12-12 21:05:48-main--INFO -com.ctaf.accelerators.TestEngine: Able to get TscreenShot
2017-12-12 21:12:08-main--INFO -com.ctaf.accelerators.TestEngine:Starting browser : Chrome
2017-12-12 21:12:25-main--INFO -com.ctaf.accelerators.TestEngine:Current Test : TC20c_VerifyAlertChildRegistrationNBooking
2017-12-12 21:14:04-main--INFO -com.ctaf.accelerators.TestEngine: Able to get TscreenShot
2017-12-12 21:15:23-main--INFO -com.ctaf.accelerators.TestEngine:Starting browser : Chrome
2017-12-12 21:16:25-main--INFO -com.ctaf.accelerators.TestEngine:Starting browser : Chrome
2017-12-12 21:16:40-main--INFO -com.ctaf.accelerators.TestEngine:Current Test : TC20c_VerifyAlertChildRegistrationNBooking
2017-12-12 21:18:21-main--INFO -com.ctaf.accelerators.TestEngine: Able to get TscreenShot
2017-12-12 21:20:32-main--INFO -com.ctaf.accelerators.TestEngine:Starting browser : Chrome
2017-12-12 21:20:50-main--INFO -com.ctaf.accelerators.TestEngine:Current Test : TC20c_VerifyAlertChildRegistrationNBooking
2017-12-12 21:22:57-main--INFO -com.ctaf.accelerators.TestEngine: Able to get TscreenShot
2017-12-12 21:23:41-main--INFO -com.ctaf.accelerators.TestEngine:Starting browser : Chrome
2017-12-12 21:24:00-main--INFO -com.ctaf.accelerators.TestEngine:Current Test : TC20c_VerifyAlertChildRegistrationNBooking
2017-12-12 21:33:36-main--INFO -com.ctaf.accelerators.TestEngine:Starting browser : Chrome
2017-12-12 21:34:38-main--INFO -com.ctaf.accelerators.TestEngine:Current Test : TC20c_VerifyAlertChildRegistrationNBooking
2017-12-12 21:47:48-main--INFO -com.ctaf.accelerators.TestEngine:Starting browser : Chrome
2017-12-12 21:48:03-main--INFO -com.ctaf.accelerators.TestEngine:Current Test : TC_01_oneWayDomesticBusiness
2017-12-12 21:48:46-main--INFO -com.ctaf.accelerators.TestEngine: Able to get TscreenShot
2017-12-12 21:49:02-main--INFO -com.ctaf.accelerators.TestEngine:Current Test : TC02a_oneWayDomSimple1AdultCC
2017-12-12 21:49:45-main--INFO -com.ctaf.accelerators.TestEngine: Able to get TscreenShot
2017-12-12 21:50:03-main--INFO -com.ctaf.accelerators.TestEngine:Current Test : TC02b_RTDomSimple1AdultCC
2017-12-12 21:50:46-main--INFO -com.ctaf.accelerators.TestEngine: Able to get TscreenShot
2017-12-12 21:51:01-main--INFO -com.ctaf.accelerators.TestEngine:Current Test : TC02c_RTDomBusiness1AdultCC
2017-12-12 21:51:47-main--INFO -com.ctaf.accelerators.TestEngine: Able to get TscreenShot
2017-12-12 21:52:03-main--INFO -com.ctaf.accelerators.TestEngine:Current Test : TC02d_RTIntlBusiness1AdultCC
2017-12-12 21:52:46-main--INFO -com.ctaf.accelerators.TestEngine: Able to get TscreenShot
2017-12-12 21:53:07-main--INFO -com.ctaf.accelerators.TestEngine:Current Test : TC02e_RTDomExtra1Adult1ChildCC
2017-12-12 21:53:51-main--INFO -com.ctaf.accelerators.TestEngine: Able to get TscreenShot
2017-12-12 21:54:05-main--INFO -com.ctaf.accelerators.TestEngine:Current Test : TC_02_oneWayDomesticEcoSADAD
2017-12-12 21:54:19-main--INFO -com.ctaf.accelerators.TestEngine: Able to get TscreenShot
2017-12-12 21:54:32-main--INFO -com.ctaf.accelerators.TestEngine:Current Test : TC04a_oneWaySimpleDomOneAdultCheckin
2017-12-12 21:55:16-main--INFO -com.ctaf.accelerators.TestEngine: Able to get TscreenShot
2017-12-12 21:55:37-main--INFO -com.ctaf.accelerators.TestEngine:Current Test : TC04b_RtIntlOneAdultCheckinFail
2017-12-12 21:56:20-main--INFO -com.ctaf.accelerators.TestEngine: Able to get TscreenShot
2017-12-12 21:56:41-main--INFO -com.ctaf.accelerators.TestEngine:Current Test : TC_06_oneWay2InternationalEco
2017-12-12 21:57:24-main--INFO -com.ctaf.accelerators.TestEngine: Able to get TscreenShot
2017-12-12 21:57:38-main--INFO -com.ctaf.accelerators.TestEngine:Current Test : TC_07_RTDom4adultBusinessCC
2017-12-12 21:58:22-main--INFO -com.ctaf.accelerators.TestEngine: Able to get TscreenShot
2017-12-12 21:58:39-main--INFO -com.ctaf.accelerators.TestEngine:Current Test : TC_08_RTInt1adult1Child1infantBus
2017-12-12 21:59:22-main--INFO -com.ctaf.accelerators.TestEngine: Able to get TscreenShot
2017-12-12 21:59:36-main--INFO -com.ctaf.accelerators.TestEngine:Current Test : TC_10_OwMultiSimpleIntlCordshareBookingMMB
2017-12-12 22:00:19-main--INFO -com.ctaf.accelerators.TestEngine: Able to get TscreenShot
2017-12-12 22:00:36-main--INFO -com.ctaf.accelerators.TestEngine:Current Test : TC_11oneAdultoneChildoneInfantPartCodeShare
2017-12-12 22:01:19-main--INFO -com.ctaf.accelerators.TestEngine: Able to get TscreenShot
2017-12-12 22:01:33-main--INFO -com.ctaf.accelerators.TestEngine:Current Test : TC_12_PayWithCreditShell
2017-12-12 22:05:35-main--INFO -com.ctaf.accelerators.TestEngine: Able to get TscreenShot
2017-12-12 22:05:35-main--INFO -com.ctaf.accelerators.TestEngine: Able to get TscreenShot
2017-12-12 22:05:51-main--INFO -com.ctaf.accelerators.TestEngine:Current Test : TC_13_onewayDomesticwithUSdollars
2017-12-12 22:08:53-main--INFO -com.ctaf.accelerators.TestEngine:Current Test : TC_14_oneWayDomesticwithEuro
2017-12-12 22:11:33-main--INFO -com.ctaf.accelerators.TestEngine: Able to get TscreenShot
2017-12-12 22:11:33-main--INFO -com.ctaf.accelerators.TestEngine: Able to get TscreenShot
2017-12-12 22:11:54-main--INFO -com.ctaf.accelerators.TestEngine:Current Test : TC_15_EmpLoginOnewayOneAdultStaffStandByChangFlightCancel
2017-12-12 22:12:38-main--INFO -com.ctaf.accelerators.TestEngine: Able to get TscreenShot
2017-12-12 22:12:52-main--INFO -com.ctaf.accelerators.TestEngine:Current Test : TC_16_EmpLoginStaffConfmedChangeDateCheckIn
2017-12-12 22:13:36-main--INFO -com.ctaf.accelerators.TestEngine: Able to get TscreenShot
2017-12-12 22:13:50-main--INFO -com.ctaf.accelerators.TestEngine:Current Test : TC_17_RTChangeflightCheckIN
2017-12-12 22:14:33-main--INFO -com.ctaf.accelerators.TestEngine: Able to get TscreenShot
2017-12-12 22:14:46-main--INFO -com.ctaf.accelerators.TestEngine:Current Test : TC_18_corporateLoginRToneAdultCancelFlight
2017-12-12 22:15:31-main--INFO -com.ctaf.accelerators.TestEngine: Able to get TscreenShot
2017-12-12 22:15:48-main--INFO -com.ctaf.accelerators.TestEngine:Current Test : TC_19_agencyLoginRToneAdultoneChild
2017-12-12 22:16:45-main--INFO -com.ctaf.accelerators.TestEngine:Current Test : TC_20_memberRegistration
2017-12-12 22:17:47-main--INFO -com.ctaf.accelerators.TestEngine:Current Test : TC20b_verifyRegistrationFailureWithExistingMailID
2017-12-12 22:18:21-main--INFO -com.ctaf.accelerators.TestEngine: Able to get TscreenShot
2017-12-12 22:18:38-main--INFO -com.ctaf.accelerators.TestEngine:Current Test : TC20c_VerifyAlertChildRegistrationNBooking
2017-12-12 22:20:19-main--INFO -com.ctaf.accelerators.TestEngine:Current Test : TC_21_updatemyProfileOfMemberDetails
2017-12-12 22:21:14-main--INFO -com.ctaf.accelerators.TestEngine: Able to get TscreenShot
2017-12-12 22:21:30-main--INFO -com.ctaf.accelerators.TestEngine:Current Test : TC_22_resetPasswordusingmyProfile
2017-12-12 22:22:31-main--INFO -com.ctaf.accelerators.TestEngine: Able to get TscreenShot
2017-12-12 22:22:46-main--INFO -com.ctaf.accelerators.TestEngine:Current Test : TC22b_VerifyAccLockOn10IncorrectPswdEntries
2017-12-12 22:23:40-main--INFO -com.ctaf.accelerators.TestEngine: Able to get TscreenShot
2017-12-12 22:23:58-main--INFO -com.ctaf.accelerators.TestEngine:Current Test : TC_23_oneWayDomesticOneAdultCheckInAR
2017-12-12 22:27:12-main--INFO -com.ctaf.accelerators.TestEngine: Able to get TscreenShot
2017-12-12 22:27:12-main--INFO -com.ctaf.accelerators.TestEngine: Able to get TscreenShot
2017-12-12 22:27:26-main--INFO -com.ctaf.accelerators.TestEngine:Current Test : TC_24_anonymousRtDomestic4AdultBusinessAR
2017-12-12 22:30:33-main--INFO -com.ctaf.accelerators.TestEngine: Able to get TscreenShot
2017-12-12 22:30:33-main--INFO -com.ctaf.accelerators.TestEngine: Able to get TscreenShot
2017-12-12 22:30:47-main--INFO -com.ctaf.accelerators.TestEngine:Current Test : TC_25_anonymousOneWayDomesticOneAdultCheckInTR
2017-12-12 22:34:03-main--INFO -com.ctaf.accelerators.TestEngine: Able to get TscreenShot
2017-12-12 22:34:03-main--INFO -com.ctaf.accelerators.TestEngine: Able to get TscreenShot
2017-12-12 22:34:23-main--INFO -com.ctaf.accelerators.TestEngine:Current Test : TC_26_anonymousRtDomestic4AdultBusinessTR
2017-12-12 22:37:04-main--INFO -com.ctaf.accelerators.TestEngine: Able to get TscreenShot
2017-12-12 22:37:04-main--INFO -com.ctaf.accelerators.TestEngine: Able to get TscreenShot
2017-12-12 22:37:22-main--INFO -com.ctaf.accelerators.TestEngine:Current Test : TC_27a_redemptionBookingwithBronzeMember
2017-12-12 22:38:20-main--INFO -com.ctaf.accelerators.TestEngine:Current Test : TC27b_BookingwithinsufficientBronzepoints
2017-12-12 22:40:21-main--INFO -com.ctaf.accelerators.TestEngine:Current Test : TC_28_redemptionBookingwithSilverMember
2017-12-12 22:41:15-main--INFO -com.ctaf.accelerators.TestEngine:Current Test : TC_29_redemptionBookingwithGoldMember
2017-12-12 22:42:15-main--INFO -com.ctaf.accelerators.TestEngine:Current Test : TC_30_redemptionBookingwithPlatinumMember
2017-12-12 22:43:13-main--INFO -com.ctaf.accelerators.TestEngine:Current Test : TC_31_anonymousVerifingBoardingPassVlues
2017-12-12 22:46:33-main--INFO -com.ctaf.accelerators.TestEngine: Able to get TscreenShot
2017-12-12 22:46:33-main--INFO -com.ctaf.accelerators.TestEngine: Able to get TscreenShot
2017-12-12 22:46:47-main--INFO -com.ctaf.accelerators.TestEngine:Current Test : TC_32_anonymousReissueTheTicketWithHigherFare
2017-12-12 22:49:45-main--INFO -com.ctaf.accelerators.TestEngine: Able to get TscreenShot
2017-12-12 22:49:45-main--INFO -com.ctaf.accelerators.TestEngine: Able to get TscreenShot
2017-12-12 22:50:02-main--INFO -com.ctaf.accelerators.TestEngine:Current Test : TC_33_anonymousRevalidateTheTicketWithSameFare
2017-12-12 22:53:01-main--INFO -com.ctaf.accelerators.TestEngine: Able to get TscreenShot
2017-12-12 22:53:01-main--INFO -com.ctaf.accelerators.TestEngine: Able to get TscreenShot
2017-12-12 22:53:19-main--INFO -com.ctaf.accelerators.TestEngine:Current Test : TC_34_BaggageValidation
2017-12-12 22:54:02-main--INFO -com.ctaf.accelerators.TestEngine: Able to get TscreenShot
2017-12-12 22:54:16-main--INFO -com.ctaf.accelerators.TestEngine:Current Test : TC_35_AnonymousOneWayDomesticEconomyModifyExtrasSeatWhileRetrivePNR
2017-12-12 22:56:51-main--INFO -com.ctaf.accelerators.TestEngine: Able to get TscreenShot
2017-12-12 22:56:51-main--INFO -com.ctaf.accelerators.TestEngine: Able to get TscreenShot
2017-12-12 22:57:09-main--INFO -com.ctaf.accelerators.TestEngine:Current Test : TC_36_EmpLoginOnewayOneAdultStaffStandByModifyEXtras
2017-12-12 22:57:53-main--INFO -com.ctaf.accelerators.TestEngine: Able to get TscreenShot
2017-12-12 22:58:11-main--INFO -com.ctaf.accelerators.TestEngine:Current Test : TC_38_corporateLoginRoundTripModifyExtras
2017-12-12 22:58:55-main--INFO -com.ctaf.accelerators.TestEngine: Able to get TscreenShot
2017-12-12 22:59:11-main--INFO -com.ctaf.accelerators.TestEngine:Current Test : TC_39_agencyLoginRondTripModifyExtras
2017-12-12 23:00:12-main--INFO -com.ctaf.accelerators.TestEngine:Current Test : TC_45_oneWayDomCancelverifyMMB
2017-12-12 23:00:55-main--INFO -com.ctaf.accelerators.TestEngine: Able to get TscreenShot
2017-12-12 23:01:10-main--INFO -com.ctaf.accelerators.TestEngine:Current Test : TC_46_RTDomfullCancelVerifyMMB
2017-12-12 23:01:53-main--INFO -com.ctaf.accelerators.TestEngine: Able to get TscreenShot
2017-12-12 23:02:10-main--INFO -com.ctaf.accelerators.TestEngine:Current Test : TC_47_RTDomCancelDepartingleg
2017-12-12 23:02:53-main--INFO -com.ctaf.accelerators.TestEngine: Able to get TscreenShot
2017-12-12 23:03:09-main--INFO -com.ctaf.accelerators.TestEngine:Current Test : TC_48_RTDomCancelReturningleg
2017-12-12 23:06:40-main--INFO -com.ctaf.accelerators.TestEngine: Able to get TscreenShot
2017-12-12 23:06:40-main--INFO -com.ctaf.accelerators.TestEngine: Able to get TscreenShot
2017-12-12 23:06:57-main--INFO -com.ctaf.accelerators.TestEngine:Current Test : TC_49_RTIntlCancelDepartingleg
2017-12-12 23:07:40-main--INFO -com.ctaf.accelerators.TestEngine: Able to get TscreenShot
2017-12-12 23:07:56-main--INFO -com.ctaf.accelerators.TestEngine:Current Test : TC_50_RTIntlCancelReturningleg
2017-12-12 23:08:39-main--INFO -com.ctaf.accelerators.TestEngine: Able to get TscreenShot
2017-12-12 23:08:54-main--INFO -com.ctaf.accelerators.TestEngine:Current Test : TC_51_RTIntlfullCancelVerifyMMB
2017-12-12 23:08:54-main--INFO -com.ctaf.accelerators.TestEngine: Able to get TscreenShot
2017-12-12 23:09:12-main--INFO -com.ctaf.accelerators.TestEngine:Current Test : TC_52_oneWayDomMMBChangeDateCancel
2017-12-12 23:12:11-main--INFO -com.ctaf.accelerators.TestEngine: Able to get TscreenShot
2017-12-12 23:12:11-main--INFO -com.ctaf.accelerators.TestEngine: Able to get TscreenShot
2017-12-12 23:12:27-main--INFO -com.ctaf.accelerators.TestEngine:Current Test : TC_53_oneWayDomMMBChangeDateCheckIn
2017-12-12 23:13:10-main--INFO -com.ctaf.accelerators.TestEngine: Able to get TscreenShot
2017-12-12 23:13:26-main--INFO -com.ctaf.accelerators.TestEngine:Current Test : TC_54_RtDOMBookingCheckinNaSmiles
2017-12-12 23:14:24-main--INFO -com.ctaf.accelerators.TestEngine:Current Test : TC_55_oneWayDomesticBusOneAdultAmexBookingAR
2017-12-12 23:14:58-main--INFO -com.ctaf.accelerators.TestEngine: Able to get TscreenShot
2017-12-12 23:15:13-main--INFO -com.ctaf.accelerators.TestEngine:Current Test : TC_56_RTDomBothLegMMBChangedateSeatsExtrasBaggageLounge
2017-12-12 23:15:56-main--INFO -com.ctaf.accelerators.TestEngine: Able to get TscreenShot
2017-12-12 23:16:13-main--INFO -com.ctaf.accelerators.TestEngine:Current Test : TC_57_RTDomDepartingLegMMBChangedateSeatsExtrasBaggageLounge
2017-12-12 23:16:56-main--INFO -com.ctaf.accelerators.TestEngine: Able to get TscreenShot
2017-12-12 23:17:10-main--INFO -com.ctaf.accelerators.TestEngine:Current Test : TC_58_RTDomReturningLegMMBChangedateSeatsExtrasBaggageLounge
2017-12-12 23:19:58-main--INFO -com.ctaf.accelerators.TestEngine: Able to get TscreenShot
2017-12-12 23:19:58-main--INFO -com.ctaf.accelerators.TestEngine: Able to get TscreenShot
2017-12-12 23:20:15-main--INFO -com.ctaf.accelerators.TestEngine:Current Test : TC_59_RTIntlReturningLegMMBChangedateSeatsExtrasBaggageLounge
2017-12-12 23:20:58-main--INFO -com.ctaf.accelerators.TestEngine: Able to get TscreenShot
2017-12-12 23:21:17-main--INFO -com.ctaf.accelerators.TestEngine:Current Test : TC_56_RTDomBothLegMMBChangedateSeatsExtrasBaggageLounge
2017-12-12 23:22:00-main--INFO -com.ctaf.accelerators.TestEngine: Able to get TscreenShot
