2017-12-13 13:38:33-main--INFO -com.ctaf.accelerators.TestEngine:Starting browser : Chrome
2017-12-13 13:38:52-main--INFO -com.ctaf.accelerators.TestEngine:Current Test : TC_20_memberRegistration
2017-12-13 13:41:51-main--INFO -com.ctaf.accelerators.TestEngine:Starting browser : Chrome
2017-12-13 13:42:11-main--INFO -com.ctaf.accelerators.TestEngine:Current Test : TC_20_memberRegistration
2017-12-13 14:02:32-main--INFO -com.ctaf.accelerators.TestEngine:Starting browser : Chrome
2017-12-13 14:02:52-main--INFO -com.ctaf.accelerators.TestEngine:Current Test : TC_20_memberRegistration
2017-12-13 14:06:04-main--INFO -com.ctaf.accelerators.TestEngine: Able to get TscreenShot
2017-12-13 16:03:38-main--INFO -com.ctaf.accelerators.TestEngine:Starting browser : Chrome
2017-12-13 16:03:52-TestNG--INFO -com.ctaf.accelerators.TestEngine:Current Test : TC02a_oneWayDomSimple1AdultCC
2017-12-13 16:03:54-TestNG--INFO -com.ctaf.accelerators.TestEngine:Current Test : TC_01_oneWayDomesticBusiness
2017-12-13 16:06:28-main--INFO -com.ctaf.accelerators.TestEngine:firefox_browser : firefox
2017-12-13 16:07:33-main--INFO -com.ctaf.accelerators.TestEngine:chrome_browser : chrome
2017-12-13 16:08:27-main--INFO -com.ctaf.accelerators.TestEngine:Starting browser : Chrome
2017-12-13 16:08:46-TestNG--INFO -com.ctaf.accelerators.TestEngine:Current Test : TC_01_oneWayDomesticBusiness
2017-12-13 16:08:51-TestNG--INFO -com.ctaf.accelerators.TestEngine:Current Test : TC02a_oneWayDomSimple1AdultCC
2017-12-13 16:10:01-TestNG--INFO -com.ctaf.accelerators.TestEngine: Able to get TscreenShot
2017-12-13 16:10:01-TestNG--INFO -com.ctaf.accelerators.TestEngine: Able to get TscreenShot
2017-12-13 18:02:54-main--INFO -com.ctaf.accelerators.TestEngine:Starting browser : Chrome
2017-12-13 18:03:12-main--INFO -com.ctaf.accelerators.TestEngine:Current Test : TC_01_oneWayDomesticBusiness
2017-12-13 18:06:52-main--INFO -com.ctaf.accelerators.TestEngine:Current Test : TC02a_oneWayDomSimple1AdultCC
2017-12-13 18:10:33-main--INFO -com.ctaf.accelerators.TestEngine:Current Test : TC02b_RTDomSimple1AdultCC
2017-12-13 18:14:18-main--INFO -com.ctaf.accelerators.TestEngine:Current Test : TC02c_RTDomBusiness1AdultCC
2017-12-13 18:17:33-main--INFO -com.ctaf.accelerators.TestEngine:Current Test : TC02d_RTIntlBusiness1AdultCC
2017-12-13 18:21:03-main--INFO -com.ctaf.accelerators.TestEngine:Current Test : TC02e_RTDomExtra1Adult1ChildCC
2017-12-13 18:24:54-main--INFO -com.ctaf.accelerators.TestEngine:Current Test : TC_02_oneWayDomesticEcoSADAD
2017-12-13 18:25:38-main--INFO -com.ctaf.accelerators.TestEngine: Able to get TscreenShot
2017-12-13 18:25:55-main--INFO -com.ctaf.accelerators.TestEngine:Current Test : TC04a_oneWaySimpleDomOneAdultCheckin
2017-12-13 18:30:50-main--INFO -com.ctaf.accelerators.TestEngine:Current Test : TC04b_RtIntlOneAdultCheckinFail
2017-12-13 18:34:41-main--INFO -com.ctaf.accelerators.TestEngine:Current Test : TC_06_oneWay2InternationalEco
2017-12-13 18:38:15-main--INFO -com.ctaf.accelerators.TestEngine:Current Test : TC_07_RTDom4adultBusinessCC
2017-12-13 18:42:28-main--INFO -com.ctaf.accelerators.TestEngine:Current Test : TC_08_RTInt1adult1Child1infantBus
2017-12-13 18:46:04-main--INFO -com.ctaf.accelerators.TestEngine:Current Test : TC_10_OwMultiSimpleIntlCordshareBookingMMB
2017-12-13 18:49:15-main--INFO -com.ctaf.accelerators.TestEngine:Current Test : TC_11oneAdultoneChildoneInfantPartCodeShare
2017-12-13 18:49:47-main--INFO -com.ctaf.accelerators.TestEngine: Able to get TscreenShot
2017-12-13 18:50:05-main--INFO -com.ctaf.accelerators.TestEngine:Current Test : TC_12_PayWithCreditShell
2017-12-13 18:56:30-main--INFO -com.ctaf.accelerators.TestEngine: Able to get TscreenShot
2017-12-13 18:56:46-main--INFO -com.ctaf.accelerators.TestEngine:Current Test : TC_13_onewayDomesticwithUSdollars
2017-12-13 18:59:47-main--INFO -com.ctaf.accelerators.TestEngine:Current Test : TC_14_oneWayDomesticwithEuro
2017-12-13 19:02:32-main--INFO -com.ctaf.accelerators.TestEngine:Current Test : TC_15_EmpLoginOnewayOneAdultStaffStandByChangFlightCancel
2017-12-13 19:04:58-main--INFO -com.ctaf.accelerators.TestEngine: Able to get TscreenShot
2017-12-13 19:05:16-main--INFO -com.ctaf.accelerators.TestEngine:Current Test : TC_16_EmpLoginStaffConfmedChangeDateCheckIn
2017-12-13 19:07:20-main--INFO -com.ctaf.accelerators.TestEngine: Able to get TscreenShot
2017-12-13 19:07:20-main--INFO -com.ctaf.accelerators.TestEngine: Able to get TscreenShot
2017-12-13 19:07:35-main--INFO -com.ctaf.accelerators.TestEngine:Current Test : TC_17_RTChangeflightCheckIN
2017-12-13 19:12:04-main--INFO -com.ctaf.accelerators.TestEngine: Able to get TscreenShot
2017-12-13 19:12:20-main--INFO -com.ctaf.accelerators.TestEngine:Current Test : TC_18_corporateLoginRToneAdultCancelFlight
2017-12-13 19:14:58-main--INFO -com.ctaf.accelerators.TestEngine: Able to get TscreenShot
2017-12-13 19:15:49-main--INFO -com.ctaf.accelerators.TestEngine:Current Test : TC_19_agencyLoginRToneAdultoneChild
2017-12-13 19:19:33-main--INFO -com.ctaf.accelerators.TestEngine:Current Test : TC_20_memberRegistration
2017-12-13 19:20:46-main--INFO -com.ctaf.accelerators.TestEngine:Current Test : TC20b_verifyRegistrationFailureWithExistingMailID
2017-12-13 19:21:37-main--INFO -com.ctaf.accelerators.TestEngine:Current Test : TC20c_VerifyAlertChildRegistrationNBooking
2017-12-13 19:23:26-main--INFO -com.ctaf.accelerators.TestEngine:Current Test : TC_21_updatemyProfileOfMemberDetails
2017-12-13 19:25:28-main--INFO -com.ctaf.accelerators.TestEngine:Current Test : TC_22_resetPasswordusingmyProfile
2017-12-13 19:26:59-main--INFO -com.ctaf.accelerators.TestEngine:Current Test : TC22b_VerifyAccLockOn10IncorrectPswdEntries
2017-12-13 19:29:25-main--INFO -com.ctaf.accelerators.TestEngine:Current Test : TC_23_oneWayDomesticOneAdultCheckInAR
2017-12-13 19:35:00-main--INFO -com.ctaf.accelerators.TestEngine:Current Test : TC_24_anonymousRtDomestic4AdultBusinessAR
2017-12-13 19:38:20-main--INFO -com.ctaf.accelerators.TestEngine:Current Test : TC_25_anonymousOneWayDomesticOneAdultCheckInTR
2017-12-13 19:43:41-main--INFO -com.ctaf.accelerators.TestEngine:Current Test : TC_26_anonymousRtDomestic4AdultBusinessTR
2017-12-13 19:46:50-main--INFO -com.ctaf.accelerators.TestEngine:Current Test : TC_27a_redemptionBookingwithBronzeMember
2017-12-13 19:49:57-main--INFO -com.ctaf.accelerators.TestEngine:Current Test : TC27b_BookingwithinsufficientBronzepoints
2017-12-13 19:51:58-main--INFO -com.ctaf.accelerators.TestEngine:Current Test : TC_28_redemptionBookingwithSilverMember
2017-12-13 19:55:03-main--INFO -com.ctaf.accelerators.TestEngine:Current Test : TC_29_redemptionBookingwithGoldMember
2017-12-13 19:58:02-main--INFO -com.ctaf.accelerators.TestEngine: Able to get TscreenShot
2017-12-13 19:58:18-main--INFO -com.ctaf.accelerators.TestEngine:Current Test : TC_30_redemptionBookingwithPlatinumMember
2017-12-13 19:59:18-main--INFO -com.ctaf.accelerators.TestEngine:Current Test : TC_31_anonymousVerifingBoardingPassVlues
2017-12-13 20:04:02-main--INFO -com.ctaf.accelerators.TestEngine: Able to get TscreenShot
2017-12-13 20:04:16-main--INFO -com.ctaf.accelerators.TestEngine:Current Test : TC_32_anonymousReissueTheTicketWithHigherFare
2017-12-13 20:07:24-main--INFO -com.ctaf.accelerators.TestEngine:Current Test : TC_33_anonymousRevalidateTheTicketWithSameFare
2017-12-13 20:11:02-main--INFO -com.ctaf.accelerators.TestEngine: Able to get TscreenShot
2017-12-13 20:11:19-main--INFO -com.ctaf.accelerators.TestEngine:Current Test : TC_34_BaggageValidation
2017-12-13 20:12:57-main--INFO -com.ctaf.accelerators.TestEngine:Current Test : TC_35_AnonymousOneWayDomesticEconomyModifyExtrasSeatWhileRetrivePNR
2017-12-13 20:16:13-main--INFO -com.ctaf.accelerators.TestEngine: Able to get TscreenShot
2017-12-13 20:16:30-main--INFO -com.ctaf.accelerators.TestEngine:Current Test : TC_36_EmpLoginOnewayOneAdultStaffStandByModifyEXtras
2017-12-13 20:18:45-main--INFO -com.ctaf.accelerators.TestEngine: Able to get TscreenShot
2017-12-13 20:19:01-main--INFO -com.ctaf.accelerators.TestEngine:Current Test : TC_38_corporateLoginRoundTripModifyExtras
2017-12-13 20:25:41-main--INFO -com.ctaf.accelerators.TestEngine:Current Test : TC_39_agencyLoginRondTripModifyExtras
2017-12-13 20:32:17-main--INFO -com.ctaf.accelerators.TestEngine:Current Test : TC_45_oneWayDomCancelverifyMMB
2017-12-13 20:36:52-main--INFO -com.ctaf.accelerators.TestEngine:Current Test : TC_46_RTDomfullCancelVerifyMMB
2017-12-13 20:41:57-main--INFO -com.ctaf.accelerators.TestEngine:Current Test : TC_47_RTDomCancelDepartingleg
2017-12-13 20:46:18-main--INFO -com.ctaf.accelerators.TestEngine:Current Test : TC_48_RTDomCancelReturningleg
2017-12-13 20:47:03-main--INFO -com.ctaf.accelerators.TestEngine: Able to get TscreenShot
2017-12-13 20:47:17-main--INFO -com.ctaf.accelerators.TestEngine:Current Test : TC_49_RTIntlCancelDepartingleg
2017-12-13 20:51:29-main--INFO -com.ctaf.accelerators.TestEngine:Current Test : TC_50_RTIntlCancelReturningleg
2017-12-13 20:55:39-main--INFO -com.ctaf.accelerators.TestEngine:Current Test : TC_51_RTIntlfullCancelVerifyMMB
2017-12-13 20:55:39-main--INFO -com.ctaf.accelerators.TestEngine: Able to get TscreenShot
2017-12-13 20:55:56-main--INFO -com.ctaf.accelerators.TestEngine:Current Test : TC_52_oneWayDomMMBChangeDateCancel
2017-12-13 21:01:46-main--INFO -com.ctaf.accelerators.TestEngine:Current Test : TC_53_oneWayDomMMBChangeDateCheckIn
2017-12-13 21:05:29-main--INFO -com.ctaf.accelerators.TestEngine: Able to get TscreenShot
2017-12-13 21:05:45-main--INFO -com.ctaf.accelerators.TestEngine:Current Test : TC_54_RtDOMBookingCheckinNaSmiles
2017-12-13 21:09:12-main--INFO -com.ctaf.accelerators.TestEngine: Able to get TscreenShot
2017-12-13 21:09:34-main--INFO -com.ctaf.accelerators.TestEngine:Current Test : TC_55_oneWayDomesticBusOneAdultAmexBookingAR
2017-12-13 21:09:56-main--INFO -com.ctaf.accelerators.TestEngine: Able to get TscreenShot
2017-12-13 21:10:12-main--INFO -com.ctaf.accelerators.TestEngine:Current Test : TC_56_RTDomBothLegMMBChangedateSeatsExtrasBaggageLounge
2017-12-13 21:16:13-main--INFO -com.ctaf.accelerators.TestEngine: Able to get TscreenShot
2017-12-13 21:16:13-main--INFO -com.ctaf.accelerators.TestEngine: Able to get TscreenShot
2017-12-13 21:16:29-main--INFO -com.ctaf.accelerators.TestEngine:Current Test : TC_57_RTDomDepartingLegMMBChangedateSeatsExtrasBaggageLounge
2017-12-13 21:22:24-main--INFO -com.ctaf.accelerators.TestEngine: Able to get TscreenShot
2017-12-13 21:22:24-main--INFO -com.ctaf.accelerators.TestEngine: Able to get TscreenShot
2017-12-13 21:22:39-main--INFO -com.ctaf.accelerators.TestEngine:Current Test : TC_58_RTDomReturningLegMMBChangedateSeatsExtrasBaggageLounge
2017-12-13 21:26:07-main--INFO -com.ctaf.accelerators.TestEngine: Able to get TscreenShot
2017-12-13 21:26:27-main--INFO -com.ctaf.accelerators.TestEngine:Current Test : TC_59_RTIntlReturningLegMMBChangedateSeatsExtrasBaggageLounge
2017-12-13 21:30:45-main--INFO -com.ctaf.accelerators.TestEngine: Able to get TscreenShot
2017-12-13 21:31:02-main--INFO -com.ctaf.accelerators.TestEngine:Current Test : TC_56_RTDomBothLegMMBChangedateSeatsExtrasBaggageLounge
2017-12-13 21:37:17-main--INFO -com.ctaf.accelerators.TestEngine: Able to get TscreenShot
2017-12-13 21:37:17-main--INFO -com.ctaf.accelerators.TestEngine: Able to get TscreenShot
