2017-11-20 00:02:19-TestNG--INFO -com.ctaf.accelerators.TestEngine:Current Test : TC_74_roundTripDomesticFlex_JED_GIZ
2017-11-20 00:06:06-TestNG--INFO -com.ctaf.accelerators.TestEngine:Current Test : TC_75_roundTripDomesticFlex_JED_MED
2017-11-20 00:10:27-TestNG--INFO -com.ctaf.accelerators.TestEngine:Current Test : TC_76_roundTripDomesticFlex_JED_AHB
2017-11-20 00:14:16-TestNG--INFO -com.ctaf.accelerators.TestEngine:Current Test : TC_77_roundTripDomesticFlex_JED_TUU
2017-11-20 00:18:06-TestNG--INFO -com.ctaf.accelerators.TestEngine:Current Test : TC_78_roundTripDomesticFlex_JED_ELQ
2017-11-20 00:21:51-TestNG--INFO -com.ctaf.accelerators.TestEngine:Current Test : TC_79_roundTripDomesticFlex_DMM_TIF
2017-11-20 00:26:16-TestNG--INFO -com.ctaf.accelerators.TestEngine:Current Test : TC_80_roundTripDomesticFlex_DMM_AHB
2017-11-20 00:30:03-TestNG--INFO -com.ctaf.accelerators.TestEngine:Current Test : TC_81_roundTripDomesticFlex_DMM_YNB
2017-11-20 00:33:48-TestNG--INFO -com.ctaf.accelerators.TestEngine:Current Test : TC_82_roundTripDomesticFlex_DMM_MED
2017-11-20 00:37:34-TestNG--INFO -com.ctaf.accelerators.TestEngine:Current Test : TC_83_roundTripDomesticFlex_DMM_GIZ
2017-11-20 00:41:22-TestNG--INFO -com.ctaf.accelerators.TestEngine:Current Test : TC_84_roundTripDomesticFlex_DMM_ELQ
2017-11-20 00:45:09-TestNG--INFO -com.ctaf.accelerators.TestEngine:Current Test : TC_85_roundTripDomesticFlex_DMM_HAS
2017-11-20 00:48:55-TestNG--INFO -com.ctaf.accelerators.TestEngine:Current Test : TC_86_roundTripDomesticFlex_DMM_TUU
2017-11-20 00:52:43-TestNG--INFO -com.ctaf.accelerators.TestEngine:Current Test : TC_87_roundTripDomesticFlex_DMM_ABT
2017-11-20 00:56:46-TestNG--INFO -com.ctaf.accelerators.TestEngine:Current Test : TC_88_oneWayDomesticFlex_AHB_ABT
2017-11-20 01:00:15-TestNG--INFO -com.ctaf.accelerators.TestEngine:Current Test : TC_89_oneWayDomesticFlex_AHB_BHH
2017-11-20 01:03:33-TestNG--INFO -com.ctaf.accelerators.TestEngine: Able to get TscreenShot
2017-11-20 01:03:34-TestNG--INFO -com.ctaf.accelerators.TestEngine: Able to get TscreenShot
2017-11-20 01:03:51-TestNG--INFO -com.ctaf.accelerators.TestEngine:Current Test : TC_90_oneWayDomesticFlex_AHB_WAE
2017-11-20 01:08:00-TestNG--INFO -com.ctaf.accelerators.TestEngine:Current Test : TC_91_oneWayDomesticFlex_AHB_GIZ
2017-11-20 01:11:34-TestNG--INFO -com.ctaf.accelerators.TestEngine:Current Test : TC_92_oneWayDomesticFlex_AHB_SHW
2017-11-20 01:15:01-TestNG--INFO -com.ctaf.accelerators.TestEngine:Current Test : TC_93_oneWayInternationalFlex_JED_DXB
2017-11-20 01:18:32-TestNG--INFO -com.ctaf.accelerators.TestEngine:Current Test : TC_94_oneWayInternationalFlex_RUH_DXB
2017-11-20 01:22:06-TestNG--INFO -com.ctaf.accelerators.TestEngine:Current Test : TC_95_oneWayInternationalFlex_RUH_AUH
2017-11-20 01:25:36-TestNG--INFO -com.ctaf.accelerators.TestEngine:Current Test : TC_96_oneWayInternationalFlex_JED_AUH
2017-11-20 01:29:11-TestNG--INFO -com.ctaf.accelerators.TestEngine:Current Test : TC_97_oneWayInternationalFlex_JED_KWI
2017-11-20 01:32:51-TestNG--INFO -com.ctaf.accelerators.TestEngine:Current Test : TC_98_oneWayInternationalFlex_RUH_KWI
2017-11-20 01:36:29-TestNG--INFO -com.ctaf.accelerators.TestEngine:Current Test : TC_99_oneWayInternationalFlex_MED_KWI
2017-11-20 01:39:58-TestNG--INFO -com.ctaf.accelerators.TestEngine:Current Test : TC_100_oneWayInternationalFlex_TIF_KWI
2017-11-20 01:43:32-TestNG--INFO -com.ctaf.accelerators.TestEngine:Current Test : TC_101_oneWayInternationalFlex_JED_ASW
2017-11-20 01:48:22-TestNG--INFO -com.ctaf.accelerators.TestEngine:Current Test : TC_102_oneWayInternationalFlex_JED_HBE
2017-11-20 01:51:56-TestNG--INFO -com.ctaf.accelerators.TestEngine:Current Test : TC_104_oneWayInternationalFlex_RUH_HMB
2017-11-20 01:55:32-TestNG--INFO -com.ctaf.accelerators.TestEngine:Current Test : TC_105_oneWayInternationalFlex_JED_LXR
2017-11-20 02:00:24-TestNG--INFO -com.ctaf.accelerators.TestEngine:Current Test : TC_106_roundTripInternationalFlex_JED_SSH
2017-11-20 02:05:35-TestNG--INFO -com.ctaf.accelerators.TestEngine:Current Test : TC_107_roundTripInternationalFlex_JED_CAI
2017-11-20 02:09:29-TestNG--INFO -com.ctaf.accelerators.TestEngine:Current Test : TC_108_roundTripInternationalFlex_RUH_CAI
2017-11-20 02:13:24-TestNG--INFO -com.ctaf.accelerators.TestEngine:Current Test : TC_109_roundTripInternationalFlex_RUH_ATZ
2017-11-20 02:17:54-TestNG--INFO -com.ctaf.accelerators.TestEngine:Current Test : TC_110_roundTripInternationalFlex_JED_ATZ
2017-11-20 02:22:23-TestNG--INFO -com.ctaf.accelerators.TestEngine:Current Test : TC_111_roundTripInternationalFlex_JED_AMM
2017-11-20 02:26:51-TestNG--INFO -com.ctaf.accelerators.TestEngine:Current Test : TC_112_roundTripInternationalFlex_RUH_AMM
2017-11-20 02:30:41-TestNG--INFO -com.ctaf.accelerators.TestEngine:Current Test : TC_124_roundTripDomesticFlexAddExtra_RUH_AHB
2017-11-20 02:34:36-TestNG--INFO -com.ctaf.accelerators.TestEngine: Able to get TscreenShot
2017-11-20 12:51:22-main--INFO -com.ctaf.accelerators.TestEngine:Starting browser : Chrome
2017-11-20 12:51:40-main--INFO -com.ctaf.accelerators.TestEngine:Current Test : TC_01_oneWayDomesticEconomy_RUH_JED
2017-11-20 12:54:16-main--INFO -com.ctaf.accelerators.TestEngine: Able to get TscreenShot
2017-11-20 12:54:36-main--INFO -com.ctaf.accelerators.TestEngine:Current Test : TC_02_oneWayDomesticEconomy_RUH_DMM
2017-11-20 12:59:21-main--INFO -com.ctaf.accelerators.TestEngine:Current Test : TC_03_oneWayDomesticEconomy_RUH_GIZ
2017-11-20 13:03:57-main--INFO -com.ctaf.accelerators.TestEngine:Current Test : TC_04_oneWayDomesticEconomy_RUH_MED
2017-11-20 13:09:02-main--INFO -com.ctaf.accelerators.TestEngine:Current Test : TC_05_oneWayDomesticEconomy_RUH_TIF
2017-11-20 13:14:28-main--INFO -com.ctaf.accelerators.TestEngine:Current Test : TC_06_oneWayDomesticEconomy_RUH_HAS
2017-11-20 13:19:27-main--INFO -com.ctaf.accelerators.TestEngine: Able to get TscreenShot
2017-11-20 13:19:52-main--INFO -com.ctaf.accelerators.TestEngine:Current Test : TC_07_oneWayDomesticEconomy_RUH_TUU
2017-11-20 13:24:27-main--INFO -com.ctaf.accelerators.TestEngine:Current Test : TC_08_oneWayDomesticEconomy_RUH_URY
2017-11-20 13:33:06-main--INFO -com.ctaf.accelerators.TestEngine:Current Test : TC_09_oneWayDomesticEconomy_RUH_AJF
2017-11-20 13:37:28-main--INFO -com.ctaf.accelerators.TestEngine:Current Test : TC_10_oneWayDomesticEconomy_RUH_ABT
2017-11-20 13:42:21-main--INFO -com.ctaf.accelerators.TestEngine: Able to get TscreenShot
2017-11-20 13:42:39-main--INFO -com.ctaf.accelerators.TestEngine:Current Test : TC_11_roundTripDomesticEconomy_JED_DMM
2017-11-20 13:47:25-main--INFO -com.ctaf.accelerators.TestEngine:Current Test : TC_12_roundTripDomesticEconomy_JED_GIZ
2017-11-20 13:52:04-main--INFO -com.ctaf.accelerators.TestEngine:Current Test : TC_13_roundTripDomesticEconomy_JED_MED
2017-11-20 13:56:46-main--INFO -com.ctaf.accelerators.TestEngine:Current Test : TC_14_roundTripDomesticEconomy_JED_AHB
2017-11-20 14:01:31-main--INFO -com.ctaf.accelerators.TestEngine:Current Test : TC_15_roundTripDomesticEconomy_JED_TUU
2017-11-20 14:06:11-main--INFO -com.ctaf.accelerators.TestEngine:Current Test : TC_16_roundTripDomesticEconomy_JED_ELQ
2017-11-20 14:10:52-main--INFO -com.ctaf.accelerators.TestEngine:Current Test : TC_17_roundTripDomesticEconomy_DMM_TIF
2017-11-20 14:15:05-main--INFO -com.ctaf.accelerators.TestEngine: Able to get TscreenShot
2017-11-20 14:15:05-main--INFO -com.ctaf.accelerators.TestEngine: Able to get TscreenShot
2017-11-20 14:15:21-main--INFO -com.ctaf.accelerators.TestEngine:Current Test : TC_18_roundTripDomesticEconomy_DMM_AHB
2017-11-20 14:16:04-main--INFO -com.ctaf.accelerators.TestEngine: Able to get TscreenShot
2017-11-20 14:16:22-main--INFO -com.ctaf.accelerators.TestEngine:Current Test : TC_19_roundTripDomesticEconomy_DMM_YNB
2017-11-20 14:17:04-main--INFO -com.ctaf.accelerators.TestEngine: Able to get TscreenShot
2017-11-20 14:17:22-main--INFO -com.ctaf.accelerators.TestEngine:Current Test : TC_20_roundTripDomesticEconomy_DMM_MED
2017-11-20 14:18:05-main--INFO -com.ctaf.accelerators.TestEngine: Able to get TscreenShot
2017-11-20 14:18:25-main--INFO -com.ctaf.accelerators.TestEngine:Current Test : TC_21_roundTripDomesticEconomy_DMM_GIZ
2017-11-20 14:19:04-main--INFO -com.ctaf.accelerators.TestEngine: Able to get TscreenShot
2017-11-20 18:50:57-main--INFO -com.ctaf.accelerators.TestEngine:Starting browser : Chrome
2017-11-20 18:51:30-main--INFO -com.ctaf.accelerators.TestEngine:Current Test : TC_01_oneWayDomesticEconomy_RUH_JED
2017-11-20 18:52:10-main--INFO -com.ctaf.accelerators.TestEngine: Able to get TscreenShot
