2017-12-17 14:04:37-main--INFO -com.ctaf.accelerators.TestEngine:Starting browser : Chrome
2017-12-17 14:05:03-main--INFO -com.ctaf.accelerators.TestEngine:Current Test : TC_01_oneWayDomesticBusiness
2017-12-17 14:14:44-main--INFO -com.ctaf.accelerators.TestEngine:Starting browser : Chrome
2017-12-17 14:15:10-main--INFO -com.ctaf.accelerators.TestEngine:Current Test : TC_01_oneWayDomesticBusiness
2017-12-17 14:28:12-main--INFO -com.ctaf.accelerators.TestEngine:Starting browser : Chrome
2017-12-17 14:28:32-main--INFO -com.ctaf.accelerators.TestEngine:Current Test : TC_01_oneWayDomesticBusiness
2017-12-17 15:42:50-main--INFO -com.ctaf.accelerators.TestEngine:Starting browser : Chrome
2017-12-17 15:43:36-main--INFO -com.ctaf.accelerators.TestEngine:Current Test : TC_01_oneWayDomesticBusiness
2017-12-17 16:15:04-main--INFO -com.ctaf.accelerators.TestEngine:Starting browser : Chrome
2017-12-17 16:16:53-main--INFO -com.ctaf.accelerators.TestEngine:Current Test : TC_01_oneWayDomesticBusiness
2017-12-17 16:26:21-main--INFO -com.ctaf.accelerators.TestEngine:Current Test : TC02a_oneWayDomSimple1AdultCC
2017-12-17 16:32:14-main--INFO -com.ctaf.accelerators.TestEngine:Current Test : TC02b_RTDomSimple1AdultCC
2017-12-17 16:37:35-main--INFO -com.ctaf.accelerators.TestEngine:Current Test : TC02c_RTDomBusiness1AdultCC
2017-12-17 16:42:54-main--INFO -com.ctaf.accelerators.TestEngine:Current Test : TC02d_RTIntlBusiness1AdultCC
2017-12-17 17:56:38-main--INFO -com.ctaf.accelerators.TestEngine:Starting browser : Chrome
2017-12-17 17:56:52-main--INFO -com.ctaf.accelerators.TestEngine:Current Test : TC02d_RTIntlBusiness1AdultCC
2017-12-17 18:00:17-main--INFO -com.ctaf.accelerators.TestEngine:Current Test : TC02e_RTDomExtra1Adult1ChildCC
2017-12-17 18:04:05-main--INFO -com.ctaf.accelerators.TestEngine:Current Test : TC_02_oneWayDomesticEcoSADAD
2017-12-17 18:04:19-main--INFO -com.ctaf.accelerators.TestEngine: Able to get TscreenShot
2017-12-17 18:04:35-main--INFO -com.ctaf.accelerators.TestEngine:Current Test : TC04a_oneWaySimpleDomOneAdultCheckin
2017-12-17 18:09:33-main--INFO -com.ctaf.accelerators.TestEngine:Current Test : TC04b_RtIntlOneAdultCheckinFail
2017-12-17 18:13:15-main--INFO -com.ctaf.accelerators.TestEngine:Current Test : TC_06_oneWay2InternationalEco
2017-12-17 18:16:37-main--INFO -com.ctaf.accelerators.TestEngine:Current Test : TC_07_RTDom4adultBusinessCC
2017-12-17 18:16:51-main--INFO -com.ctaf.accelerators.TestEngine: Able to get TscreenShot
2017-12-17 18:17:09-main--INFO -com.ctaf.accelerators.TestEngine:Current Test : TC_08_RTInt1adult1Child1infantBus
2017-12-17 18:20:27-main--INFO -com.ctaf.accelerators.TestEngine:Current Test : TC_10_OwMultiSimpleIntlCordshareBookingMMB
2017-12-17 18:23:33-main--INFO -com.ctaf.accelerators.TestEngine:Current Test : TC_11oneAdultoneChildoneInfantPartCodeShare
2017-12-17 18:24:07-main--INFO -com.ctaf.accelerators.TestEngine: Able to get TscreenShot
2017-12-17 18:24:23-main--INFO -com.ctaf.accelerators.TestEngine:Current Test : TC_12_PayWithCreditShell
2017-12-17 18:31:58-main--INFO -com.ctaf.accelerators.TestEngine:Current Test : TC_13_onewayDomesticwithUSdollars
2017-12-17 18:34:51-main--INFO -com.ctaf.accelerators.TestEngine:Current Test : TC_14_oneWayDomesticwithEuro
2017-12-17 18:37:31-main--INFO -com.ctaf.accelerators.TestEngine:Current Test : TC_15_EmpLoginOnewayOneAdultStaffStandByChangFlightCancel
2017-12-17 18:39:41-main--INFO -com.ctaf.accelerators.TestEngine: Able to get TscreenShot
2017-12-17 18:39:59-main--INFO -com.ctaf.accelerators.TestEngine:Current Test : TC_16_EmpLoginStaffConfmedChangeDateCheckIn
2017-12-17 18:43:07-main--INFO -com.ctaf.accelerators.TestEngine: Able to get TscreenShot
2017-12-17 18:43:21-main--INFO -com.ctaf.accelerators.TestEngine:Current Test : TC_17_RTChangeflightCheckIN
2017-12-17 18:47:29-main--INFO -com.ctaf.accelerators.TestEngine: Able to get TscreenShot
2017-12-17 18:47:45-main--INFO -com.ctaf.accelerators.TestEngine:Current Test : TC_18_corporateLoginRToneAdultCancelFlight
2017-12-17 18:50:19-main--INFO -com.ctaf.accelerators.TestEngine: Able to get TscreenShot
2017-12-17 18:50:34-main--INFO -com.ctaf.accelerators.TestEngine:Current Test : TC_19_agencyLoginRToneAdultoneChild
2017-12-17 18:53:47-main--INFO -com.ctaf.accelerators.TestEngine:Current Test : TC_20_memberRegistration
2017-12-17 18:54:48-main--INFO -com.ctaf.accelerators.TestEngine:Current Test : TC20b_verifyRegistrationFailureWithExistingMailID
2017-12-17 18:55:37-main--INFO -com.ctaf.accelerators.TestEngine:Current Test : TC20c_VerifyAlertChildRegistrationNBooking
2017-12-17 18:57:23-main--INFO -com.ctaf.accelerators.TestEngine:Current Test : TC_21_updatemyProfileOfMemberDetails
2017-12-17 18:59:21-main--INFO -com.ctaf.accelerators.TestEngine:Current Test : TC_22_resetPasswordusingmyProfile
2017-12-17 19:00:43-main--INFO -com.ctaf.accelerators.TestEngine:Current Test : TC22b_VerifyAccLockOn10IncorrectPswdEntries
2017-12-17 19:02:49-main--INFO -com.ctaf.accelerators.TestEngine:Current Test : TC_23_oneWayDomesticOneAdultCheckInAR
2017-12-17 19:07:55-main--INFO -com.ctaf.accelerators.TestEngine:Current Test : TC_24_anonymousRtDomestic4AdultBusinessAR
2017-12-17 19:10:48-main--INFO -com.ctaf.accelerators.TestEngine:Current Test : TC_25_anonymousOneWayDomesticOneAdultCheckInTR
2017-12-17 19:10:57-main--INFO -com.ctaf.accelerators.TestEngine: Able to get TscreenShot
2017-12-17 19:11:13-main--INFO -com.ctaf.accelerators.TestEngine:Current Test : TC_26_anonymousRtDomestic4AdultBusinessTR
2017-12-17 19:14:09-main--INFO -com.ctaf.accelerators.TestEngine:Current Test : TC_27a_redemptionBookingwithBronzeMember
2017-12-17 19:17:14-main--INFO -com.ctaf.accelerators.TestEngine:Current Test : TC27b_BookingwithinsufficientBronzepoints
2017-12-17 19:19:09-main--INFO -com.ctaf.accelerators.TestEngine:Current Test : TC_28_redemptionBookingwithSilverMember
2017-12-17 19:22:05-main--INFO -com.ctaf.accelerators.TestEngine:Current Test : TC_29_redemptionBookingwithGoldMember
2017-12-17 19:22:18-main--INFO -com.ctaf.accelerators.TestEngine: Able to get TscreenShot
2017-12-17 19:22:33-main--INFO -com.ctaf.accelerators.TestEngine:Current Test : TC_30_redemptionBookingwithPlatinumMember
2017-12-17 19:23:31-main--INFO -com.ctaf.accelerators.TestEngine:Current Test : TC_31_anonymousVerifingBoardingPassVlues
2017-12-17 19:28:13-main--INFO -com.ctaf.accelerators.TestEngine: Able to get TscreenShot
2017-12-17 19:28:28-main--INFO -com.ctaf.accelerators.TestEngine:Current Test : TC_32_anonymousReissueTheTicketWithHigherFare
2017-12-17 19:31:27-main--INFO -com.ctaf.accelerators.TestEngine:Current Test : TC_33_anonymousRevalidateTheTicketWithSameFare
2017-12-17 19:36:45-main--INFO -com.ctaf.accelerators.TestEngine:Current Test : TC_34_BaggageValidation
2017-12-17 19:38:23-main--INFO -com.ctaf.accelerators.TestEngine:Current Test : TC_35_AnonymousOneWayDomesticEconomyModifyExtrasSeatWhileRetrivePNR
2017-12-17 19:41:36-main--INFO -com.ctaf.accelerators.TestEngine: Able to get TscreenShot
2017-12-17 19:41:52-main--INFO -com.ctaf.accelerators.TestEngine:Current Test : TC_36_EmpLoginOnewayOneAdultStaffStandByModifyEXtras
2017-12-17 19:44:03-main--INFO -com.ctaf.accelerators.TestEngine: Able to get TscreenShot
2017-12-17 19:44:18-main--INFO -com.ctaf.accelerators.TestEngine:Current Test : TC_38_corporateLoginRoundTripModifyExtras
2017-12-17 19:50:43-main--INFO -com.ctaf.accelerators.TestEngine:Current Test : TC_39_agencyLoginRondTripModifyExtras
2017-12-17 19:57:04-main--INFO -com.ctaf.accelerators.TestEngine:Current Test : TC_45_oneWayDomCancelverifyMMB
2017-12-17 20:01:29-main--INFO -com.ctaf.accelerators.TestEngine:Current Test : TC_46_RTDomfullCancelVerifyMMB
2017-12-17 20:01:45-main--INFO -com.ctaf.accelerators.TestEngine: Able to get TscreenShot
2017-12-17 20:02:02-main--INFO -com.ctaf.accelerators.TestEngine:Current Test : TC_47_RTDomCancelDepartingleg
2017-12-17 20:06:08-main--INFO -com.ctaf.accelerators.TestEngine:Current Test : TC_48_RTDomCancelReturningleg
2017-12-17 20:10:20-main--INFO -com.ctaf.accelerators.TestEngine:Current Test : TC_49_RTIntlCancelDepartingleg
2017-12-17 20:14:24-main--INFO -com.ctaf.accelerators.TestEngine: Able to get TscreenShot
2017-12-17 20:14:35-main--INFO -com.ctaf.accelerators.TestEngine:Current Test : TC_50_RTIntlCancelReturningleg
2017-12-17 20:18:46-main--INFO -com.ctaf.accelerators.TestEngine:Current Test : TC_51_RTIntlfullCancelVerifyMMB
2017-12-17 20:18:46-main--INFO -com.ctaf.accelerators.TestEngine: Able to get TscreenShot
2017-12-17 20:19:04-main--INFO -com.ctaf.accelerators.TestEngine:Current Test : TC_52_oneWayDomMMBChangeDateCancel
2017-12-17 20:19:19-main--INFO -com.ctaf.accelerators.TestEngine: Able to get TscreenShot
2017-12-17 20:19:34-main--INFO -com.ctaf.accelerators.TestEngine:Current Test : TC_53_oneWayDomMMBChangeDateCheckIn
2017-12-17 20:26:16-main--INFO -com.ctaf.accelerators.TestEngine:Current Test : TC_54_RtDOMBookingCheckinNaSmiles
2017-12-17 20:30:23-main--INFO -com.ctaf.accelerators.TestEngine: Able to get TscreenShot
2017-12-17 20:30:24-main--INFO -com.ctaf.accelerators.TestEngine: Able to get TscreenShot
2017-12-17 20:30:41-main--INFO -com.ctaf.accelerators.TestEngine:Current Test : TC_55_oneWayDomesticBusOneAdultAmexBookingAR
2017-12-17 20:31:03-main--INFO -com.ctaf.accelerators.TestEngine: Able to get TscreenShot
2017-12-17 20:31:18-main--INFO -com.ctaf.accelerators.TestEngine:Current Test : TC_56_RTDomBothLegMMBChangedateSeatsExtrasBaggageLounge
2017-12-17 20:37:05-main--INFO -com.ctaf.accelerators.TestEngine: Able to get TscreenShot
2017-12-17 20:37:06-main--INFO -com.ctaf.accelerators.TestEngine: Able to get TscreenShot
2017-12-17 20:37:21-main--INFO -com.ctaf.accelerators.TestEngine:Current Test : TC_57_RTDomDepartingLegMMBChangedateSeatsExtrasBaggageLounge
2017-12-17 20:43:02-main--INFO -com.ctaf.accelerators.TestEngine: Able to get TscreenShot
2017-12-17 20:43:02-main--INFO -com.ctaf.accelerators.TestEngine: Able to get TscreenShot
2017-12-17 20:43:21-main--INFO -com.ctaf.accelerators.TestEngine:Current Test : TC_58_RTDomReturningLegMMBChangedateSeatsExtrasBaggageLounge
2017-12-17 20:49:03-main--INFO -com.ctaf.accelerators.TestEngine: Able to get TscreenShot
2017-12-17 20:49:03-main--INFO -com.ctaf.accelerators.TestEngine: Able to get TscreenShot
2017-12-17 20:49:16-main--INFO -com.ctaf.accelerators.TestEngine:Current Test : TC_59_RTIntlReturningLegMMBChangedateSeatsExtrasBaggageLounge
2017-12-17 20:49:59-main--INFO -com.ctaf.accelerators.TestEngine: Able to get TscreenShot
2017-12-17 20:50:15-main--INFO -com.ctaf.accelerators.TestEngine:Current Test : TC_56_RTDomBothLegMMBChangedateSeatsExtrasBaggageLounge
2017-12-17 20:56:16-main--INFO -com.ctaf.accelerators.TestEngine: Able to get TscreenShot
2017-12-17 20:56:16-main--INFO -com.ctaf.accelerators.TestEngine: Able to get TscreenShot
