2017-10-29 14:39:20-main--INFO -com.ctaf.accelerators.TestEngine:Starting browser : Android
2017-10-29 14:40:50-main--INFO -com.ctaf.accelerators.TestEngine:Starting browser : Android
2017-10-29 14:41:37-main--INFO -com.ctaf.accelerators.TestEngine:Current Test : TC_08_oneWayDomesticEconomy_RUH_URY
2017-10-29 14:44:36-main--INFO -com.ctaf.accelerators.TestEngine: Able to get TscreenShot
2017-10-29 14:47:19-main--INFO -com.ctaf.accelerators.TestEngine:Starting browser : Android
2017-10-29 14:55:20-main--INFO -com.ctaf.accelerators.TestEngine:Starting browser : Android
2017-10-29 14:56:00-main--INFO -com.ctaf.accelerators.TestEngine:Current Test : TC_08_oneWayDomesticEconomy_RUH_URY
2017-10-29 15:00:32-main--INFO -com.ctaf.accelerators.TestEngine: Able to get TscreenShot
2017-10-29 15:05:56-main--INFO -com.ctaf.accelerators.TestEngine:Starting browser : Android
2017-10-29 15:06:38-main--INFO -com.ctaf.accelerators.TestEngine:Current Test : TC_08_oneWayDomesticEconomy_RUH_URY
2017-10-29 15:10:09-main--INFO -com.ctaf.accelerators.TestEngine: Able to get TscreenShot
2017-10-29 15:16:49-main--INFO -com.ctaf.accelerators.TestEngine:Starting browser : Android
2017-10-29 15:17:29-main--INFO -com.ctaf.accelerators.TestEngine:Current Test : TC_08_oneWayDomesticEconomy_RUH_URY
2017-10-29 15:21:56-main--INFO -com.ctaf.accelerators.TestEngine:Starting browser : Android
2017-10-29 15:22:36-main--INFO -com.ctaf.accelerators.TestEngine:Starting browser : Android
2017-10-29 15:23:14-main--INFO -com.ctaf.accelerators.TestEngine:Current Test : TC_02_oneWayDomesticEconomy_RUH_DMM
2017-10-29 15:26:18-main--INFO -com.ctaf.accelerators.TestEngine: Able to get TscreenShot
2017-10-29 15:28:18-main--INFO -com.ctaf.accelerators.TestEngine:Starting browser : Android
2017-10-29 15:28:48-main--INFO -com.ctaf.accelerators.TestEngine:Current Test : TC_08_oneWayDomesticEconomy_RUH_URY
2017-10-29 15:32:23-main--INFO -com.ctaf.accelerators.TestEngine: Able to get TscreenShot
2017-10-29 16:54:11-main--INFO -com.ctaf.accelerators.TestEngine:Starting browser : Android
2017-10-29 16:54:42-main--INFO -com.ctaf.accelerators.TestEngine:Current Test : TC_08_oneWayDomesticEconomy_RUH_URY
2017-10-29 16:58:08-main--INFO -com.ctaf.accelerators.TestEngine: Able to get TscreenShot
2017-10-29 17:06:48-main--INFO -com.ctaf.accelerators.TestEngine:Starting browser : Android
2017-10-29 17:12:04-main--INFO -com.ctaf.accelerators.TestEngine:Starting browser : Android
2017-10-29 17:12:43-main--INFO -com.ctaf.accelerators.TestEngine:Starting browser : Android
2017-10-29 17:13:31-main--INFO -com.ctaf.accelerators.TestEngine:Current Test : TC_08_oneWayDomesticEconomy_RUH_URY
2017-10-29 17:16:52-main--INFO -com.ctaf.accelerators.TestEngine: Able to get TscreenShot
2017-10-29 17:16:54-main--INFO -com.ctaf.accelerators.TestEngine: Able to get TscreenShot
2017-10-29 17:19:19-main--INFO -com.ctaf.accelerators.TestEngine:Starting browser : Android
2017-10-29 17:24:51-main--INFO -com.ctaf.accelerators.TestEngine:Starting browser : Android
2017-10-29 17:25:26-main--INFO -com.ctaf.accelerators.TestEngine:Starting browser : Android
2017-10-29 17:26:05-main--INFO -com.ctaf.accelerators.TestEngine:Current Test : TC_08_oneWayDomesticEconomy_RUH_URY
2017-10-29 19:14:53-main--INFO -com.ctaf.accelerators.TestEngine:Starting browser : Android
2017-10-29 19:16:52-main--INFO -com.ctaf.accelerators.TestEngine:Starting browser : Android
2017-10-29 19:17:31-main--INFO -com.ctaf.accelerators.TestEngine:Current Test : TC_01_oneWayDomesticEconomy_RUH_JED
2017-10-29 19:22:42-main--INFO -com.ctaf.accelerators.TestEngine:Current Test : TC_02_oneWayDomesticEconomy_RUH_DMM
2017-10-29 19:26:50-main--INFO -com.ctaf.accelerators.TestEngine:Current Test : TC_03_oneWayDomesticEconomy_RUH_GIZ
2017-10-29 19:31:02-main--INFO -com.ctaf.accelerators.TestEngine:Current Test : TC_04_oneWayDomesticEconomy_RUH_MED
2017-10-29 19:32:11-main--INFO -com.ctaf.accelerators.TestEngine: Able to get TscreenShot
2017-10-29 19:32:14-main--INFO -com.ctaf.accelerators.TestEngine:Current Test : TC_05_oneWayDomesticEconomy_RUH_TIF
